{"C:\\git\\simulation\\src\\main-clean.ts": {"path":"C:\\git\\simulation\\src\\main-clean.ts","all":true,"statementMap":{"0":{"start":{"line":1,"column":0},"end":{"line":1,"column":30}},"1":{"start":{"line":2,"column":0},"end":{"line":2,"column":24}},"3":{"start":{"line":4,"column":0},"end":{"line":4,"column":57}},"6":{"start":{"line":7,"column":0},"end":{"line":7,"column":76}},"11":{"start":{"line":12,"column":0},"end":{"line":12,"column":37}},"14":{"start":{"line":15,"column":0},"end":{"line":15,"column":32}},"17":{"start":{"line":18,"column":0},"end":{"line":18,"column":56}},"20":{"start":{"line":21,"column":0},"end":{"line":21,"column":40}},"21":{"start":{"line":22,"column":0},"end":{"line":22,"column":73}},"22":{"start":{"line":23,"column":0},"end":{"line":23,"column":71}},"23":{"start":{"line":24,"column":0},"end":{"line":24,"column":8}},"24":{"start":{"line":25,"column":0},"end":{"line":25,"column":67}},"25":{"start":{"line":26,"column":0},"end":{"line":26,"column":26}},"26":{"start":{"line":27,"column":0},"end":{"line":27,"column":1}},"28":{"start":{"line":29,"column":0},"end":{"line":29,"column":40}},"29":{"start":{"line":30,"column":0},"end":{"line":30,"column":64}},"31":{"start":{"line":32,"column":0},"end":{"line":32,"column":7}},"33":{"start":{"line":34,"column":0},"end":{"line":34,"column":99}},"34":{"start":{"line":35,"column":0},"end":{"line":35,"column":60}},"37":{"start":{"line":38,"column":0},"end":{"line":38,"column":30}},"40":{"start":{"line":41,"column":0},"end":{"line":41,"column":28}},"43":{"start":{"line":44,"column":0},"end":{"line":44,"column":35}},"45":{"start":{"line":46,"column":0},"end":{"line":46,"column":58}},"47":{"start":{"line":48,"column":0},"end":{"line":48,"column":19}},"48":{"start":{"line":49,"column":0},"end":{"line":49,"column":64}},"49":{"start":{"line":50,"column":0},"end":{"line":50,"column":43}},"50":{"start":{"line":51,"column":0},"end":{"line":51,"column":86}},"51":{"start":{"line":52,"column":0},"end":{"line":52,"column":29}},"52":{"start":{"line":53,"column":0},"end":{"line":53,"column":27}},"53":{"start":{"line":54,"column":0},"end":{"line":54,"column":6}},"54":{"start":{"line":55,"column":0},"end":{"line":55,"column":3}},"55":{"start":{"line":56,"column":0},"end":{"line":56,"column":1}},"57":{"start":{"line":58,"column":0},"end":{"line":58,"column":42}},"58":{"start":{"line":59,"column":0},"end":{"line":59,"column":55}},"61":{"start":{"line":62,"column":0},"end":{"line":62,"column":83}},"62":{"start":{"line":63,"column":0},"end":{"line":63,"column":77}},"63":{"start":{"line":64,"column":0},"end":{"line":64,"column":77}},"64":{"start":{"line":65,"column":0},"end":{"line":65,"column":77}},"65":{"start":{"line":66,"column":0},"end":{"line":66,"column":77}},"66":{"start":{"line":67,"column":0},"end":{"line":67,"column":60}},"68":{"start":{"line":69,"column":0},"end":{"line":69,"column":15}},"69":{"start":{"line":70,"column":0},"end":{"line":70,"column":34}},"71":{"start":{"line":72,"column":0},"end":{"line":72,"column":38}},"72":{"start":{"line":73,"column":0},"end":{"line":73,"column":49}},"73":{"start":{"line":74,"column":0},"end":{"line":74,"column":50}},"74":{"start":{"line":75,"column":0},"end":{"line":75,"column":42}},"75":{"start":{"line":76,"column":0},"end":{"line":76,"column":41}},"76":{"start":{"line":77,"column":0},"end":{"line":77,"column":50}},"79":{"start":{"line":80,"column":0},"end":{"line":80,"column":42}},"80":{"start":{"line":81,"column":0},"end":{"line":81,"column":16}},"81":{"start":{"line":82,"column":0},"end":{"line":82,"column":34}},"82":{"start":{"line":83,"column":0},"end":{"line":83,"column":24}},"83":{"start":{"line":84,"column":0},"end":{"line":84,"column":41}},"84":{"start":{"line":85,"column":0},"end":{"line":85,"column":19}},"85":{"start":{"line":86,"column":0},"end":{"line":86,"column":57}},"86":{"start":{"line":87,"column":0},"end":{"line":87,"column":7}},"87":{"start":{"line":88,"column":0},"end":{"line":88,"column":7}},"88":{"start":{"line":89,"column":0},"end":{"line":89,"column":10}},"89":{"start":{"line":90,"column":0},"end":{"line":90,"column":40}},"90":{"start":{"line":91,"column":0},"end":{"line":91,"column":3}},"92":{"start":{"line":93,"column":0},"end":{"line":93,"column":17}},"93":{"start":{"line":94,"column":0},"end":{"line":94,"column":40}},"94":{"start":{"line":95,"column":0},"end":{"line":95,"column":46}},"95":{"start":{"line":96,"column":0},"end":{"line":96,"column":45}},"96":{"start":{"line":97,"column":0},"end":{"line":97,"column":42}},"97":{"start":{"line":98,"column":0},"end":{"line":98,"column":31}},"98":{"start":{"line":99,"column":0},"end":{"line":99,"column":46}},"99":{"start":{"line":100,"column":0},"end":{"line":100,"column":7}},"100":{"start":{"line":101,"column":0},"end":{"line":101,"column":3}},"102":{"start":{"line":103,"column":0},"end":{"line":103,"column":17}},"103":{"start":{"line":104,"column":0},"end":{"line":104,"column":40}},"104":{"start":{"line":105,"column":0},"end":{"line":105,"column":46}},"105":{"start":{"line":106,"column":0},"end":{"line":106,"column":45}},"106":{"start":{"line":107,"column":0},"end":{"line":107,"column":31}},"107":{"start":{"line":108,"column":0},"end":{"line":108,"column":21}},"108":{"start":{"line":109,"column":0},"end":{"line":109,"column":39}},"109":{"start":{"line":110,"column":0},"end":{"line":110,"column":34}},"110":{"start":{"line":111,"column":0},"end":{"line":111,"column":7}},"111":{"start":{"line":112,"column":0},"end":{"line":112,"column":7}},"112":{"start":{"line":113,"column":0},"end":{"line":113,"column":3}},"114":{"start":{"line":115,"column":0},"end":{"line":115,"column":17}},"115":{"start":{"line":116,"column":0},"end":{"line":116,"column":40}},"116":{"start":{"line":117,"column":0},"end":{"line":117,"column":46}},"117":{"start":{"line":118,"column":0},"end":{"line":118,"column":45}},"118":{"start":{"line":119,"column":0},"end":{"line":119,"column":19}},"119":{"start":{"line":120,"column":0},"end":{"line":120,"column":44}},"120":{"start":{"line":121,"column":0},"end":{"line":121,"column":18}},"121":{"start":{"line":122,"column":0},"end":{"line":122,"column":59}},"122":{"start":{"line":123,"column":0},"end":{"line":123,"column":43}},"123":{"start":{"line":124,"column":0},"end":{"line":124,"column":9}},"124":{"start":{"line":125,"column":0},"end":{"line":125,"column":7}},"125":{"start":{"line":126,"column":0},"end":{"line":126,"column":21}},"126":{"start":{"line":127,"column":0},"end":{"line":127,"column":39}},"127":{"start":{"line":128,"column":0},"end":{"line":128,"column":34}},"128":{"start":{"line":129,"column":0},"end":{"line":129,"column":7}},"129":{"start":{"line":130,"column":0},"end":{"line":130,"column":45}},"130":{"start":{"line":131,"column":0},"end":{"line":131,"column":7}},"131":{"start":{"line":132,"column":0},"end":{"line":132,"column":3}},"133":{"start":{"line":134,"column":0},"end":{"line":134,"column":17}},"134":{"start":{"line":135,"column":0},"end":{"line":135,"column":40}},"135":{"start":{"line":136,"column":0},"end":{"line":136,"column":46}},"136":{"start":{"line":137,"column":0},"end":{"line":137,"column":46}},"137":{"start":{"line":138,"column":0},"end":{"line":138,"column":19}},"138":{"start":{"line":139,"column":0},"end":{"line":139,"column":44}},"139":{"start":{"line":140,"column":0},"end":{"line":140,"column":18}},"140":{"start":{"line":141,"column":0},"end":{"line":141,"column":59}},"141":{"start":{"line":142,"column":0},"end":{"line":142,"column":43}},"142":{"start":{"line":143,"column":0},"end":{"line":143,"column":9}},"143":{"start":{"line":144,"column":0},"end":{"line":144,"column":7}},"144":{"start":{"line":145,"column":0},"end":{"line":145,"column":7}},"145":{"start":{"line":146,"column":0},"end":{"line":146,"column":3}},"147":{"start":{"line":148,"column":0},"end":{"line":148,"column":19}},"148":{"start":{"line":149,"column":0},"end":{"line":149,"column":39}},"149":{"start":{"line":150,"column":0},"end":{"line":150,"column":3}},"150":{"start":{"line":151,"column":0},"end":{"line":151,"column":1}},"152":{"start":{"line":153,"column":0},"end":{"line":153,"column":40}},"153":{"start":{"line":154,"column":0},"end":{"line":154,"column":49}},"155":{"start":{"line":156,"column":0},"end":{"line":156,"column":7}},"156":{"start":{"line":157,"column":0},"end":{"line":157,"column":46}},"157":{"start":{"line":158,"column":0},"end":{"line":158,"column":55}},"159":{"start":{"line":160,"column":0},"end":{"line":160,"column":19}},"160":{"start":{"line":161,"column":0},"end":{"line":161,"column":65}},"161":{"start":{"line":162,"column":0},"end":{"line":162,"column":3}},"162":{"start":{"line":163,"column":0},"end":{"line":163,"column":1}},"164":{"start":{"line":165,"column":0},"end":{"line":165,"column":47}},"165":{"start":{"line":166,"column":0},"end":{"line":166,"column":56}},"167":{"start":{"line":168,"column":0},"end":{"line":168,"column":7}},"169":{"start":{"line":170,"column":0},"end":{"line":170,"column":84}},"170":{"start":{"line":171,"column":0},"end":{"line":171,"column":81}},"171":{"start":{"line":172,"column":0},"end":{"line":172,"column":92}},"172":{"start":{"line":173,"column":0},"end":{"line":173,"column":102}},"173":{"start":{"line":174,"column":0},"end":{"line":174,"column":91}},"175":{"start":{"line":176,"column":0},"end":{"line":176,"column":36}},"176":{"start":{"line":177,"column":0},"end":{"line":177,"column":51}},"177":{"start":{"line":178,"column":0},"end":{"line":178,"column":57}},"178":{"start":{"line":179,"column":0},"end":{"line":179,"column":63}},"179":{"start":{"line":180,"column":0},"end":{"line":180,"column":9}},"180":{"start":{"line":181,"column":0},"end":{"line":181,"column":49}},"181":{"start":{"line":182,"column":0},"end":{"line":182,"column":5}},"183":{"start":{"line":184,"column":0},"end":{"line":184,"column":50}},"184":{"start":{"line":185,"column":0},"end":{"line":185,"column":55}},"185":{"start":{"line":186,"column":0},"end":{"line":186,"column":65}},"186":{"start":{"line":187,"column":0},"end":{"line":187,"column":78}},"187":{"start":{"line":188,"column":0},"end":{"line":188,"column":9}},"188":{"start":{"line":189,"column":0},"end":{"line":189,"column":60}},"189":{"start":{"line":190,"column":0},"end":{"line":190,"column":5}},"191":{"start":{"line":192,"column":0},"end":{"line":192,"column":25}},"192":{"start":{"line":193,"column":0},"end":{"line":193,"column":55}},"193":{"start":{"line":194,"column":0},"end":{"line":194,"column":74}},"194":{"start":{"line":195,"column":0},"end":{"line":195,"column":9}},"195":{"start":{"line":196,"column":0},"end":{"line":196,"column":53}},"196":{"start":{"line":197,"column":0},"end":{"line":197,"column":5}},"198":{"start":{"line":199,"column":0},"end":{"line":199,"column":57}},"200":{"start":{"line":201,"column":0},"end":{"line":201,"column":19}},"201":{"start":{"line":202,"column":0},"end":{"line":202,"column":61}},"202":{"start":{"line":203,"column":0},"end":{"line":203,"column":3}},"203":{"start":{"line":204,"column":0},"end":{"line":204,"column":1}}},"s":{"0":0,"1":0,"3":0,"6":0,"11":0,"14":0,"17":0,"20":0,"21":0,"22":0,"23":0,"24":0,"25":0,"26":0,"28":0,"29":0,"31":0,"33":0,"34":0,"37":0,"40":0,"43":0,"45":0,"47":0,"48":0,"49":0,"50":0,"51":0,"52":0,"53":0,"54":0,"55":0,"57":0,"58":0,"61":0,"62":0,"63":0,"64":0,"65":0,"66":0,"68":0,"69":0,"71":0,"72":0,"73":0,"74":0,"75":0,"76":0,"79":0,"80":0,"81":0,"82":0,"83":0,"84":0,"85":0,"86":0,"87":0,"88":0,"89":0,"90":0,"92":0,"93":0,"94":0,"95":0,"96":0,"97":0,"98":0,"99":0,"100":0,"102":0,"103":0,"104":0,"105":0,"106":0,"107":0,"108":0,"109":0,"110":0,"111":0,"112":0,"114":0,"115":0,"116":0,"117":0,"118":0,"119":0,"120":0,"121":0,"122":0,"123":0,"124":0,"125":0,"126":0,"127":0,"128":0,"129":0,"130":0,"131":0,"133":0,"134":0,"135":0,"136":0,"137":0,"138":0,"139":0,"140":0,"141":0,"142":0,"143":0,"144":0,"145":0,"147":0,"148":0,"149":0,"150":0,"152":0,"153":0,"155":0,"156":0,"157":0,"159":0,"160":0,"161":0,"162":0,"164":0,"165":0,"167":0,"169":0,"170":0,"171":0,"172":0,"173":0,"175":0,"176":0,"177":0,"178":0,"179":0,"180":0,"181":0,"183":0,"184":0,"185":0,"186":0,"187":0,"188":0,"189":0,"191":0,"192":0,"193":0,"194":0,"195":0,"196":0,"198":0,"200":0,"201":0,"202":0,"203":0},"branchMap":{"0":{"type":"branch","line":1,"loc":{"start":{"line":1,"column":6723},"end":{"line":204,"column":1}},"locations":[{"start":{"line":1,"column":6723},"end":{"line":204,"column":1}}]}},"b":{"0":[0]},"fnMap":{"0":{"name":"(empty-report)","decl":{"start":{"line":1,"column":6723},"end":{"line":204,"column":1}},"loc":{"start":{"line":1,"column":6723},"end":{"line":204,"column":1}},"line":1}},"f":{"0":0}}
,"C:\\git\\simulation\\src\\main-simple.ts": {"path":"C:\\git\\simulation\\src\\main-simple.ts","all":true,"statementMap":{"0":{"start":{"line":1,"column":0},"end":{"line":1,"column":13}},"1":{"start":{"line":2,"column":0},"end":{"line":2,"column":24}},"3":{"start":{"line":4,"column":0},"end":{"line":4,"column":44}},"6":{"start":{"line":7,"column":0},"end":{"line":7,"column":40}},"7":{"start":{"line":8,"column":0},"end":{"line":8,"column":73}},"8":{"start":{"line":9,"column":0},"end":{"line":9,"column":63}},"9":{"start":{"line":10,"column":0},"end":{"line":10,"column":8}},"10":{"start":{"line":11,"column":0},"end":{"line":11,"column":67}},"11":{"start":{"line":12,"column":0},"end":{"line":12,"column":18}},"12":{"start":{"line":13,"column":0},"end":{"line":13,"column":1}},"14":{"start":{"line":15,"column":0},"end":{"line":15,"column":32}},"15":{"start":{"line":16,"column":0},"end":{"line":16,"column":51}},"17":{"start":{"line":18,"column":0},"end":{"line":18,"column":7}},"18":{"start":{"line":19,"column":0},"end":{"line":19,"column":61}},"19":{"start":{"line":20,"column":0},"end":{"line":20,"column":90}},"20":{"start":{"line":21,"column":0},"end":{"line":21,"column":64}},"22":{"start":{"line":23,"column":0},"end":{"line":23,"column":51}},"23":{"start":{"line":24,"column":0},"end":{"line":24,"column":37}},"24":{"start":{"line":25,"column":0},"end":{"line":25,"column":54}},"27":{"start":{"line":28,"column":0},"end":{"line":28,"column":56}},"28":{"start":{"line":29,"column":0},"end":{"line":29,"column":54}},"29":{"start":{"line":30,"column":0},"end":{"line":30,"column":40}},"30":{"start":{"line":31,"column":0},"end":{"line":31,"column":34}},"31":{"start":{"line":32,"column":0},"end":{"line":32,"column":35}},"32":{"start":{"line":33,"column":0},"end":{"line":33,"column":38}},"33":{"start":{"line":34,"column":0},"end":{"line":34,"column":38}},"34":{"start":{"line":35,"column":0},"end":{"line":35,"column":49}},"35":{"start":{"line":36,"column":0},"end":{"line":36,"column":37}},"36":{"start":{"line":37,"column":0},"end":{"line":37,"column":37}},"37":{"start":{"line":38,"column":0},"end":{"line":38,"column":42}},"38":{"start":{"line":39,"column":0},"end":{"line":39,"column":40}},"39":{"start":{"line":40,"column":0},"end":{"line":40,"column":39}},"40":{"start":{"line":41,"column":0},"end":{"line":41,"column":41}},"41":{"start":{"line":42,"column":0},"end":{"line":42,"column":32}},"42":{"start":{"line":43,"column":0},"end":{"line":43,"column":46}},"43":{"start":{"line":44,"column":0},"end":{"line":44,"column":27}},"44":{"start":{"line":45,"column":0},"end":{"line":45,"column":6}},"45":{"start":{"line":46,"column":0},"end":{"line":46,"column":42}},"46":{"start":{"line":47,"column":0},"end":{"line":47,"column":47}},"49":{"start":{"line":50,"column":0},"end":{"line":50,"column":64}},"50":{"start":{"line":51,"column":0},"end":{"line":51,"column":17}},"51":{"start":{"line":52,"column":0},"end":{"line":52,"column":45}},"53":{"start":{"line":54,"column":0},"end":{"line":54,"column":48}},"54":{"start":{"line":55,"column":0},"end":{"line":55,"column":44}},"55":{"start":{"line":56,"column":0},"end":{"line":56,"column":12}},"56":{"start":{"line":57,"column":0},"end":{"line":57,"column":42}},"57":{"start":{"line":58,"column":0},"end":{"line":58,"column":5}},"59":{"start":{"line":60,"column":0},"end":{"line":60,"column":19}},"60":{"start":{"line":61,"column":0},"end":{"line":61,"column":61}},"61":{"start":{"line":62,"column":0},"end":{"line":62,"column":3}},"62":{"start":{"line":63,"column":0},"end":{"line":63,"column":1}}},"s":{"0":0,"1":0,"3":0,"6":0,"7":0,"8":0,"9":0,"10":0,"11":0,"12":0,"14":0,"15":0,"17":0,"18":0,"19":0,"20":0,"22":0,"23":0,"24":0,"27":0,"28":0,"29":0,"30":0,"31":0,"32":0,"33":0,"34":0,"35":0,"36":0,"37":0,"38":0,"39":0,"40":0,"41":0,"42":0,"43":0,"44":0,"45":0,"46":0,"49":0,"50":0,"51":0,"53":0,"54":0,"55":0,"56":0,"57":0,"59":0,"60":0,"61":0,"62":0},"branchMap":{"0":{"type":"branch","line":1,"loc":{"start":{"line":1,"column":2210},"end":{"line":63,"column":1}},"locations":[{"start":{"line":1,"column":2210},"end":{"line":63,"column":1}}]}},"b":{"0":[0]},"fnMap":{"0":{"name":"(empty-report)","decl":{"start":{"line":1,"column":2210},"end":{"line":63,"column":1}},"loc":{"start":{"line":1,"column":2210},"end":{"line":63,"column":1}},"line":1}},"f":{"0":0}}
,"C:\\git\\simulation\\src\\main-test.ts": {"path":"C:\\git\\simulation\\src\\main-test.ts","all":true,"statementMap":{"0":{"start":{"line":1,"column":0},"end":{"line":1,"column":36}},"1":{"start":{"line":2,"column":0},"end":{"line":2,"column":29}},"3":{"start":{"line":4,"column":0},"end":{"line":4,"column":73}},"6":{"start":{"line":7,"column":0},"end":{"line":7,"column":53}},"7":{"start":{"line":8,"column":0},"end":{"line":8,"column":45}},"8":{"start":{"line":9,"column":0},"end":{"line":9,"column":12}},"9":{"start":{"line":10,"column":0},"end":{"line":10,"column":21}},"14":{"start":{"line":15,"column":0},"end":{"line":15,"column":3}},"15":{"start":{"line":16,"column":0},"end":{"line":16,"column":3}}},"s":{"0":0,"1":0,"3":0,"6":0,"7":0,"8":0,"9":0,"14":0,"15":0},"branchMap":{"0":{"type":"branch","line":1,"loc":{"start":{"line":1,"column":466},"end":{"line":16,"column":3}},"locations":[{"start":{"line":1,"column":466},"end":{"line":16,"column":3}}]}},"b":{"0":[0]},"fnMap":{"0":{"name":"(empty-report)","decl":{"start":{"line":1,"column":466},"end":{"line":16,"column":3}},"loc":{"start":{"line":1,"column":466},"end":{"line":16,"column":3}},"line":1}},"f":{"0":0}}
,"C:\\git\\simulation\\src\\main.ts": {"path":"C:\\git\\simulation\\src\\main.ts","all":true,"statementMap":{"0":{"start":{"line":1,"column":0},"end":{"line":1,"column":30}},"1":{"start":{"line":2,"column":0},"end":{"line":2,"column":24}},"3":{"start":{"line":4,"column":0},"end":{"line":4,"column":57}},"6":{"start":{"line":7,"column":0},"end":{"line":7,"column":76}},"11":{"start":{"line":12,"column":0},"end":{"line":12,"column":37}},"14":{"start":{"line":15,"column":0},"end":{"line":15,"column":31}},"15":{"start":{"line":16,"column":0},"end":{"line":16,"column":26}},"16":{"start":{"line":17,"column":0},"end":{"line":17,"column":27}},"17":{"start":{"line":18,"column":0},"end":{"line":18,"column":36}},"20":{"start":{"line":21,"column":0},"end":{"line":21,"column":32}},"23":{"start":{"line":24,"column":0},"end":{"line":24,"column":56}},"26":{"start":{"line":27,"column":0},"end":{"line":27,"column":32}},"27":{"start":{"line":28,"column":0},"end":{"line":28,"column":45}},"28":{"start":{"line":29,"column":0},"end":{"line":29,"column":43}},"29":{"start":{"line":30,"column":0},"end":{"line":30,"column":24}},"30":{"start":{"line":31,"column":0},"end":{"line":31,"column":27}},"31":{"start":{"line":32,"column":0},"end":{"line":32,"column":21}},"32":{"start":{"line":33,"column":0},"end":{"line":33,"column":22}},"41":{"start":{"line":42,"column":0},"end":{"line":42,"column":8}},"42":{"start":{"line":43,"column":0},"end":{"line":43,"column":44}},"43":{"start":{"line":44,"column":0},"end":{"line":44,"column":48}},"46":{"start":{"line":47,"column":0},"end":{"line":47,"column":40}},"47":{"start":{"line":48,"column":0},"end":{"line":48,"column":73}},"48":{"start":{"line":49,"column":0},"end":{"line":49,"column":71}},"49":{"start":{"line":50,"column":0},"end":{"line":50,"column":8}},"50":{"start":{"line":51,"column":0},"end":{"line":51,"column":67}},"51":{"start":{"line":52,"column":0},"end":{"line":52,"column":26}},"52":{"start":{"line":53,"column":0},"end":{"line":53,"column":1}},"54":{"start":{"line":55,"column":0},"end":{"line":55,"column":40}},"55":{"start":{"line":56,"column":0},"end":{"line":56,"column":64}},"57":{"start":{"line":58,"column":0},"end":{"line":58,"column":7}},"59":{"start":{"line":60,"column":0},"end":{"line":60,"column":99}},"60":{"start":{"line":61,"column":0},"end":{"line":61,"column":60}},"63":{"start":{"line":64,"column":0},"end":{"line":64,"column":30}},"66":{"start":{"line":67,"column":0},"end":{"line":67,"column":28}},"69":{"start":{"line":70,"column":0},"end":{"line":70,"column":35}},"71":{"start":{"line":72,"column":0},"end":{"line":72,"column":58}},"73":{"start":{"line":74,"column":0},"end":{"line":74,"column":19}},"74":{"start":{"line":75,"column":0},"end":{"line":75,"column":64}},"75":{"start":{"line":76,"column":0},"end":{"line":76,"column":43}},"76":{"start":{"line":77,"column":0},"end":{"line":77,"column":86}},"77":{"start":{"line":78,"column":0},"end":{"line":78,"column":29}},"78":{"start":{"line":79,"column":0},"end":{"line":79,"column":27}},"79":{"start":{"line":80,"column":0},"end":{"line":80,"column":6}},"80":{"start":{"line":81,"column":0},"end":{"line":81,"column":3}},"81":{"start":{"line":82,"column":0},"end":{"line":82,"column":1}},"83":{"start":{"line":84,"column":0},"end":{"line":84,"column":42}},"84":{"start":{"line":85,"column":0},"end":{"line":85,"column":55}},"87":{"start":{"line":88,"column":0},"end":{"line":88,"column":77}},"88":{"start":{"line":89,"column":0},"end":{"line":89,"column":77}},"89":{"start":{"line":90,"column":0},"end":{"line":90,"column":77}},"90":{"start":{"line":91,"column":0},"end":{"line":91,"column":77}},"91":{"start":{"line":92,"column":0},"end":{"line":92,"column":77}},"92":{"start":{"line":93,"column":0},"end":{"line":93,"column":60}},"94":{"start":{"line":95,"column":0},"end":{"line":95,"column":15}},"95":{"start":{"line":96,"column":0},"end":{"line":96,"column":34}},"96":{"start":{"line":97,"column":0},"end":{"line":97,"column":34}},"99":{"start":{"line":100,"column":0},"end":{"line":100,"column":38}},"100":{"start":{"line":101,"column":0},"end":{"line":101,"column":49}},"101":{"start":{"line":102,"column":0},"end":{"line":102,"column":51}},"102":{"start":{"line":103,"column":0},"end":{"line":103,"column":42}},"103":{"start":{"line":104,"column":0},"end":{"line":104,"column":41}},"104":{"start":{"line":105,"column":0},"end":{"line":105,"column":50}},"107":{"start":{"line":108,"column":0},"end":{"line":108,"column":24}},"108":{"start":{"line":109,"column":0},"end":{"line":109,"column":7}},"109":{"start":{"line":110,"column":0},"end":{"line":110,"column":10}},"110":{"start":{"line":111,"column":0},"end":{"line":111,"column":40}},"111":{"start":{"line":112,"column":0},"end":{"line":112,"column":3}},"113":{"start":{"line":114,"column":0},"end":{"line":114,"column":17}},"114":{"start":{"line":115,"column":0},"end":{"line":115,"column":40}},"115":{"start":{"line":116,"column":0},"end":{"line":116,"column":46}},"116":{"start":{"line":117,"column":0},"end":{"line":117,"column":45}},"117":{"start":{"line":118,"column":0},"end":{"line":118,"column":24}},"118":{"start":{"line":119,"column":0},"end":{"line":119,"column":7}},"119":{"start":{"line":120,"column":0},"end":{"line":120,"column":3}},"121":{"start":{"line":122,"column":0},"end":{"line":122,"column":17}},"122":{"start":{"line":123,"column":0},"end":{"line":123,"column":40}},"123":{"start":{"line":124,"column":0},"end":{"line":124,"column":46}},"124":{"start":{"line":125,"column":0},"end":{"line":125,"column":45}},"125":{"start":{"line":126,"column":0},"end":{"line":126,"column":24}},"126":{"start":{"line":127,"column":0},"end":{"line":127,"column":7}},"127":{"start":{"line":128,"column":0},"end":{"line":128,"column":3}},"129":{"start":{"line":130,"column":0},"end":{"line":130,"column":17}},"130":{"start":{"line":131,"column":0},"end":{"line":131,"column":40}},"131":{"start":{"line":132,"column":0},"end":{"line":132,"column":46}},"132":{"start":{"line":133,"column":0},"end":{"line":133,"column":45}},"133":{"start":{"line":134,"column":0},"end":{"line":134,"column":24}},"134":{"start":{"line":135,"column":0},"end":{"line":135,"column":7}},"135":{"start":{"line":136,"column":0},"end":{"line":136,"column":3}},"137":{"start":{"line":138,"column":0},"end":{"line":138,"column":17}},"138":{"start":{"line":139,"column":0},"end":{"line":139,"column":40}},"139":{"start":{"line":140,"column":0},"end":{"line":140,"column":46}},"140":{"start":{"line":141,"column":0},"end":{"line":141,"column":46}},"141":{"start":{"line":142,"column":0},"end":{"line":142,"column":20}},"142":{"start":{"line":143,"column":0},"end":{"line":143,"column":7}},"143":{"start":{"line":144,"column":0},"end":{"line":144,"column":3}},"145":{"start":{"line":146,"column":0},"end":{"line":146,"column":19}},"146":{"start":{"line":147,"column":0},"end":{"line":147,"column":39}},"147":{"start":{"line":148,"column":0},"end":{"line":148,"column":3}},"148":{"start":{"line":149,"column":0},"end":{"line":149,"column":1}},"150":{"start":{"line":151,"column":0},"end":{"line":151,"column":40}},"151":{"start":{"line":152,"column":0},"end":{"line":152,"column":49}},"153":{"start":{"line":154,"column":0},"end":{"line":154,"column":7}},"154":{"start":{"line":155,"column":0},"end":{"line":155,"column":46}},"155":{"start":{"line":156,"column":0},"end":{"line":156,"column":55}},"157":{"start":{"line":158,"column":0},"end":{"line":158,"column":19}},"158":{"start":{"line":159,"column":0},"end":{"line":159,"column":65}},"159":{"start":{"line":160,"column":0},"end":{"line":160,"column":3}},"160":{"start":{"line":161,"column":0},"end":{"line":161,"column":1}},"162":{"start":{"line":163,"column":0},"end":{"line":163,"column":47}},"163":{"start":{"line":164,"column":0},"end":{"line":164,"column":56}},"165":{"start":{"line":166,"column":0},"end":{"line":166,"column":7}},"167":{"start":{"line":168,"column":0},"end":{"line":168,"column":84}},"168":{"start":{"line":169,"column":0},"end":{"line":169,"column":81}},"169":{"start":{"line":170,"column":0},"end":{"line":170,"column":98}},"170":{"start":{"line":171,"column":0},"end":{"line":171,"column":102}},"171":{"start":{"line":172,"column":0},"end":{"line":172,"column":91}},"173":{"start":{"line":174,"column":0},"end":{"line":174,"column":36}},"174":{"start":{"line":175,"column":0},"end":{"line":175,"column":51}},"175":{"start":{"line":176,"column":0},"end":{"line":176,"column":54}},"176":{"start":{"line":177,"column":0},"end":{"line":177,"column":57}},"177":{"start":{"line":178,"column":0},"end":{"line":178,"column":63}},"178":{"start":{"line":179,"column":0},"end":{"line":179,"column":9}},"179":{"start":{"line":180,"column":0},"end":{"line":180,"column":49}},"180":{"start":{"line":181,"column":0},"end":{"line":181,"column":5}},"182":{"start":{"line":183,"column":0},"end":{"line":183,"column":56}},"183":{"start":{"line":184,"column":0},"end":{"line":184,"column":61}},"184":{"start":{"line":185,"column":0},"end":{"line":185,"column":64}},"185":{"start":{"line":186,"column":0},"end":{"line":186,"column":71}},"186":{"start":{"line":187,"column":0},"end":{"line":187,"column":84}},"187":{"start":{"line":188,"column":0},"end":{"line":188,"column":9}},"188":{"start":{"line":189,"column":0},"end":{"line":189,"column":60}},"189":{"start":{"line":190,"column":0},"end":{"line":190,"column":5}},"191":{"start":{"line":192,"column":0},"end":{"line":192,"column":25}},"192":{"start":{"line":193,"column":0},"end":{"line":193,"column":55}},"193":{"start":{"line":194,"column":0},"end":{"line":194,"column":74}},"194":{"start":{"line":195,"column":0},"end":{"line":195,"column":9}},"195":{"start":{"line":196,"column":0},"end":{"line":196,"column":53}},"196":{"start":{"line":197,"column":0},"end":{"line":197,"column":5}},"198":{"start":{"line":199,"column":0},"end":{"line":199,"column":57}},"200":{"start":{"line":201,"column":0},"end":{"line":201,"column":19}},"201":{"start":{"line":202,"column":0},"end":{"line":202,"column":61}},"202":{"start":{"line":203,"column":0},"end":{"line":203,"column":3}},"203":{"start":{"line":204,"column":0},"end":{"line":204,"column":1}},"207":{"start":{"line":208,"column":0},"end":{"line":208,"column":50}},"208":{"start":{"line":209,"column":0},"end":{"line":209,"column":44}},"209":{"start":{"line":210,"column":0},"end":{"line":210,"column":47}},"210":{"start":{"line":211,"column":0},"end":{"line":211,"column":11}},"211":{"start":{"line":212,"column":0},"end":{"line":212,"column":3}},"213":{"start":{"line":214,"column":0},"end":{"line":214,"column":20}},"214":{"start":{"line":215,"column":0},"end":{"line":215,"column":6}},"215":{"start":{"line":216,"column":0},"end":{"line":216,"column":6}},"216":{"start":{"line":217,"column":0},"end":{"line":217,"column":11}},"217":{"start":{"line":218,"column":0},"end":{"line":218,"column":32}},"218":{"start":{"line":219,"column":0},"end":{"line":219,"column":34}},"219":{"start":{"line":220,"column":0},"end":{"line":220,"column":34}},"220":{"start":{"line":221,"column":0},"end":{"line":221,"column":25}},"221":{"start":{"line":222,"column":0},"end":{"line":222,"column":38}},"222":{"start":{"line":223,"column":0},"end":{"line":223,"column":4}},"224":{"start":{"line":225,"column":0},"end":{"line":225,"column":27}},"225":{"start":{"line":226,"column":0},"end":{"line":226,"column":74}},"228":{"start":{"line":229,"column":0},"end":{"line":229,"column":29}},"229":{"start":{"line":230,"column":0},"end":{"line":230,"column":20}},"230":{"start":{"line":231,"column":0},"end":{"line":231,"column":3}},"231":{"start":{"line":232,"column":0},"end":{"line":232,"column":1}},"233":{"start":{"line":234,"column":0},"end":{"line":234,"column":34}},"234":{"start":{"line":235,"column":0},"end":{"line":235,"column":34}},"236":{"start":{"line":237,"column":0},"end":{"line":237,"column":29}},"237":{"start":{"line":238,"column":0},"end":{"line":238,"column":42}},"238":{"start":{"line":239,"column":0},"end":{"line":239,"column":43}},"241":{"start":{"line":242,"column":0},"end":{"line":242,"column":51}},"242":{"start":{"line":243,"column":0},"end":{"line":243,"column":61}},"243":{"start":{"line":244,"column":0},"end":{"line":244,"column":3}},"246":{"start":{"line":247,"column":0},"end":{"line":247,"column":77}},"247":{"start":{"line":248,"column":0},"end":{"line":248,"column":77}},"249":{"start":{"line":250,"column":0},"end":{"line":250,"column":17}},"250":{"start":{"line":251,"column":0},"end":{"line":251,"column":68}},"251":{"start":{"line":252,"column":0},"end":{"line":252,"column":39}},"252":{"start":{"line":253,"column":0},"end":{"line":253,"column":29}},"253":{"start":{"line":254,"column":0},"end":{"line":254,"column":3}},"254":{"start":{"line":255,"column":0},"end":{"line":255,"column":17}},"255":{"start":{"line":256,"column":0},"end":{"line":256,"column":30}},"256":{"start":{"line":257,"column":0},"end":{"line":257,"column":3}},"259":{"start":{"line":260,"column":0},"end":{"line":260,"column":15}},"260":{"start":{"line":261,"column":0},"end":{"line":261,"column":36}},"261":{"start":{"line":262,"column":0},"end":{"line":262,"column":3}},"264":{"start":{"line":265,"column":0},"end":{"line":265,"column":18}},"265":{"start":{"line":266,"column":0},"end":{"line":266,"column":1}},"267":{"start":{"line":268,"column":0},"end":{"line":268,"column":34}},"268":{"start":{"line":269,"column":0},"end":{"line":269,"column":30}},"269":{"start":{"line":270,"column":0},"end":{"line":270,"column":42}},"272":{"start":{"line":273,"column":0},"end":{"line":273,"column":51}},"273":{"start":{"line":274,"column":0},"end":{"line":274,"column":40}},"274":{"start":{"line":275,"column":0},"end":{"line":275,"column":3}},"277":{"start":{"line":278,"column":0},"end":{"line":278,"column":77}},"278":{"start":{"line":279,"column":0},"end":{"line":279,"column":77}},"280":{"start":{"line":281,"column":0},"end":{"line":281,"column":17}},"281":{"start":{"line":282,"column":0},"end":{"line":282,"column":30}},"282":{"start":{"line":283,"column":0},"end":{"line":283,"column":40}},"283":{"start":{"line":284,"column":0},"end":{"line":284,"column":30}},"284":{"start":{"line":285,"column":0},"end":{"line":285,"column":3}},"285":{"start":{"line":286,"column":0},"end":{"line":286,"column":17}},"286":{"start":{"line":287,"column":0},"end":{"line":287,"column":29}},"287":{"start":{"line":288,"column":0},"end":{"line":288,"column":3}},"290":{"start":{"line":291,"column":0},"end":{"line":291,"column":15}},"291":{"start":{"line":292,"column":0},"end":{"line":292,"column":39}},"292":{"start":{"line":293,"column":0},"end":{"line":293,"column":3}},"294":{"start":{"line":295,"column":0},"end":{"line":295,"column":25}},"295":{"start":{"line":296,"column":0},"end":{"line":296,"column":43}},"296":{"start":{"line":297,"column":0},"end":{"line":297,"column":28}},"297":{"start":{"line":298,"column":0},"end":{"line":298,"column":3}},"298":{"start":{"line":299,"column":0},"end":{"line":299,"column":1}},"300":{"start":{"line":301,"column":0},"end":{"line":301,"column":34}},"301":{"start":{"line":302,"column":0},"end":{"line":302,"column":44}},"303":{"start":{"line":304,"column":0},"end":{"line":304,"column":20}},"304":{"start":{"line":305,"column":0},"end":{"line":305,"column":17}},"305":{"start":{"line":306,"column":0},"end":{"line":306,"column":16}},"308":{"start":{"line":309,"column":0},"end":{"line":309,"column":16}},"309":{"start":{"line":310,"column":0},"end":{"line":310,"column":1}},"311":{"start":{"line":312,"column":0},"end":{"line":312,"column":30}},"312":{"start":{"line":313,"column":0},"end":{"line":313,"column":30}},"314":{"start":{"line":315,"column":0},"end":{"line":315,"column":51}},"315":{"start":{"line":316,"column":0},"end":{"line":316,"column":35}},"316":{"start":{"line":317,"column":0},"end":{"line":317,"column":1}},"318":{"start":{"line":319,"column":0},"end":{"line":319,"column":32}},"319":{"start":{"line":320,"column":0},"end":{"line":320,"column":35}},"322":{"start":{"line":323,"column":0},"end":{"line":323,"column":27}},"323":{"start":{"line":324,"column":0},"end":{"line":324,"column":51}},"324":{"start":{"line":325,"column":0},"end":{"line":325,"column":41}},"325":{"start":{"line":326,"column":0},"end":{"line":326,"column":3}},"328":{"start":{"line":329,"column":0},"end":{"line":329,"column":93}},"330":{"start":{"line":331,"column":0},"end":{"line":331,"column":17}},"332":{"start":{"line":333,"column":0},"end":{"line":333,"column":39}},"334":{"start":{"line":335,"column":0},"end":{"line":335,"column":23}},"335":{"start":{"line":336,"column":0},"end":{"line":336,"column":3}},"338":{"start":{"line":339,"column":0},"end":{"line":339,"column":16}},"339":{"start":{"line":340,"column":0},"end":{"line":340,"column":18}},"342":{"start":{"line":343,"column":0},"end":{"line":343,"column":68}},"343":{"start":{"line":344,"column":0},"end":{"line":344,"column":29}},"344":{"start":{"line":345,"column":0},"end":{"line":345,"column":19}},"345":{"start":{"line":346,"column":0},"end":{"line":346,"column":38}},"346":{"start":{"line":347,"column":0},"end":{"line":347,"column":22}},"347":{"start":{"line":348,"column":0},"end":{"line":348,"column":22}},"348":{"start":{"line":349,"column":0},"end":{"line":349,"column":95}},"349":{"start":{"line":350,"column":0},"end":{"line":350,"column":7}},"350":{"start":{"line":351,"column":0},"end":{"line":351,"column":3}},"353":{"start":{"line":354,"column":0},"end":{"line":354,"column":32}},"354":{"start":{"line":355,"column":0},"end":{"line":355,"column":18}},"355":{"start":{"line":356,"column":0},"end":{"line":356,"column":3}},"358":{"start":{"line":359,"column":0},"end":{"line":359,"column":51}},"359":{"start":{"line":360,"column":0},"end":{"line":360,"column":59}},"360":{"start":{"line":361,"column":0},"end":{"line":361,"column":62}},"361":{"start":{"line":362,"column":0},"end":{"line":362,"column":73}},"362":{"start":{"line":363,"column":0},"end":{"line":363,"column":3}},"365":{"start":{"line":366,"column":0},"end":{"line":366,"column":58}},"366":{"start":{"line":367,"column":0},"end":{"line":367,"column":1}},"368":{"start":{"line":369,"column":0},"end":{"line":369,"column":35}},"369":{"start":{"line":370,"column":0},"end":{"line":370,"column":44}},"371":{"start":{"line":372,"column":0},"end":{"line":372,"column":46}},"372":{"start":{"line":373,"column":0},"end":{"line":373,"column":34}},"375":{"start":{"line":376,"column":0},"end":{"line":376,"column":19}},"378":{"start":{"line":379,"column":0},"end":{"line":379,"column":30}},"379":{"start":{"line":380,"column":0},"end":{"line":380,"column":30}},"382":{"start":{"line":383,"column":0},"end":{"line":383,"column":17}},"383":{"start":{"line":384,"column":0},"end":{"line":384,"column":58}},"384":{"start":{"line":385,"column":0},"end":{"line":385,"column":26}},"385":{"start":{"line":386,"column":0},"end":{"line":386,"column":69}},"386":{"start":{"line":387,"column":0},"end":{"line":387,"column":7}},"387":{"start":{"line":388,"column":0},"end":{"line":388,"column":59}},"388":{"start":{"line":389,"column":0},"end":{"line":389,"column":26}},"389":{"start":{"line":390,"column":0},"end":{"line":390,"column":70}},"390":{"start":{"line":391,"column":0},"end":{"line":391,"column":7}},"391":{"start":{"line":392,"column":0},"end":{"line":392,"column":5}},"394":{"start":{"line":395,"column":0},"end":{"line":395,"column":43}},"395":{"start":{"line":396,"column":0},"end":{"line":396,"column":48}},"396":{"start":{"line":397,"column":0},"end":{"line":397,"column":5}},"399":{"start":{"line":400,"column":0},"end":{"line":400,"column":33}},"400":{"start":{"line":401,"column":0},"end":{"line":401,"column":80}},"402":{"start":{"line":403,"column":0},"end":{"line":403,"column":25}},"403":{"start":{"line":404,"column":0},"end":{"line":404,"column":51}},"404":{"start":{"line":405,"column":0},"end":{"line":405,"column":51}},"405":{"start":{"line":406,"column":0},"end":{"line":406,"column":15}},"406":{"start":{"line":407,"column":0},"end":{"line":407,"column":58}},"407":{"start":{"line":408,"column":0},"end":{"line":408,"column":38}},"408":{"start":{"line":409,"column":0},"end":{"line":409,"column":38}},"409":{"start":{"line":410,"column":0},"end":{"line":410,"column":29}},"410":{"start":{"line":411,"column":0},"end":{"line":411,"column":42}},"411":{"start":{"line":412,"column":0},"end":{"line":412,"column":8}},"413":{"start":{"line":414,"column":0},"end":{"line":414,"column":35}},"414":{"start":{"line":415,"column":0},"end":{"line":415,"column":61}},"415":{"start":{"line":416,"column":0},"end":{"line":416,"column":5}},"417":{"start":{"line":418,"column":0},"end":{"line":418,"column":32}},"418":{"start":{"line":419,"column":0},"end":{"line":419,"column":3}},"420":{"start":{"line":421,"column":0},"end":{"line":421,"column":27}},"421":{"start":{"line":422,"column":0},"end":{"line":422,"column":1}},"423":{"start":{"line":424,"column":0},"end":{"line":424,"column":32}},"424":{"start":{"line":425,"column":0},"end":{"line":425,"column":30}},"426":{"start":{"line":427,"column":0},"end":{"line":427,"column":37}},"428":{"start":{"line":429,"column":0},"end":{"line":429,"column":54}},"429":{"start":{"line":430,"column":0},"end":{"line":430,"column":54}},"431":{"start":{"line":432,"column":0},"end":{"line":432,"column":44}},"432":{"start":{"line":433,"column":0},"end":{"line":433,"column":20}},"433":{"start":{"line":434,"column":0},"end":{"line":434,"column":67}},"434":{"start":{"line":435,"column":0},"end":{"line":435,"column":15}},"437":{"start":{"line":438,"column":0},"end":{"line":438,"column":46}},"438":{"start":{"line":439,"column":0},"end":{"line":439,"column":22}},"439":{"start":{"line":440,"column":0},"end":{"line":440,"column":17}},"440":{"start":{"line":441,"column":0},"end":{"line":441,"column":3}},"441":{"start":{"line":442,"column":0},"end":{"line":442,"column":1}},"443":{"start":{"line":444,"column":0},"end":{"line":444,"column":30}},"445":{"start":{"line":446,"column":0},"end":{"line":446,"column":72}},"446":{"start":{"line":447,"column":0},"end":{"line":447,"column":26}},"447":{"start":{"line":448,"column":0},"end":{"line":448,"column":64}},"448":{"start":{"line":449,"column":0},"end":{"line":449,"column":3}},"451":{"start":{"line":452,"column":0},"end":{"line":452,"column":38}},"452":{"start":{"line":453,"column":0},"end":{"line":453,"column":85}},"453":{"start":{"line":454,"column":0},"end":{"line":454,"column":8}},"455":{"start":{"line":456,"column":0},"end":{"line":456,"column":59}},"456":{"start":{"line":457,"column":0},"end":{"line":457,"column":22}},"457":{"start":{"line":458,"column":0},"end":{"line":458,"column":50}},"458":{"start":{"line":459,"column":0},"end":{"line":459,"column":3}},"459":{"start":{"line":460,"column":0},"end":{"line":460,"column":1}},"462":{"start":{"line":463,"column":0},"end":{"line":463,"column":26}},"463":{"start":{"line":464,"column":0},"end":{"line":464,"column":68}},"464":{"start":{"line":465,"column":0},"end":{"line":465,"column":42}},"465":{"start":{"line":466,"column":0},"end":{"line":466,"column":28}},"466":{"start":{"line":467,"column":0},"end":{"line":467,"column":47}},"467":{"start":{"line":468,"column":0},"end":{"line":468,"column":55}},"468":{"start":{"line":469,"column":0},"end":{"line":469,"column":67}},"471":{"start":{"line":472,"column":0},"end":{"line":472,"column":32}},"473":{"start":{"line":474,"column":0},"end":{"line":474,"column":62}},"474":{"start":{"line":475,"column":0},"end":{"line":475,"column":23}},"475":{"start":{"line":476,"column":0},"end":{"line":476,"column":64}},"476":{"start":{"line":477,"column":0},"end":{"line":477,"column":5}},"479":{"start":{"line":480,"column":0},"end":{"line":480,"column":24}},"480":{"start":{"line":481,"column":0},"end":{"line":481,"column":58}},"481":{"start":{"line":482,"column":0},"end":{"line":482,"column":22}},"482":{"start":{"line":483,"column":0},"end":{"line":483,"column":53}},"483":{"start":{"line":484,"column":0},"end":{"line":484,"column":35}},"484":{"start":{"line":485,"column":0},"end":{"line":485,"column":54}},"485":{"start":{"line":486,"column":0},"end":{"line":486,"column":62}},"486":{"start":{"line":487,"column":0},"end":{"line":487,"column":74}},"487":{"start":{"line":488,"column":0},"end":{"line":488,"column":39}},"488":{"start":{"line":489,"column":0},"end":{"line":489,"column":7}},"489":{"start":{"line":490,"column":0},"end":{"line":490,"column":7}},"491":{"start":{"line":492,"column":0},"end":{"line":492,"column":52}},"492":{"start":{"line":493,"column":0},"end":{"line":493,"column":48}},"493":{"start":{"line":494,"column":0},"end":{"line":494,"column":7}},"495":{"start":{"line":496,"column":0},"end":{"line":496,"column":76}},"496":{"start":{"line":497,"column":0},"end":{"line":497,"column":57}},"498":{"start":{"line":499,"column":0},"end":{"line":499,"column":7}},"499":{"start":{"line":500,"column":0},"end":{"line":500,"column":3}},"500":{"start":{"line":501,"column":0},"end":{"line":501,"column":1}}},"s":{"0":0,"1":0,"3":0,"6":0,"11":0,"14":0,"15":0,"16":0,"17":0,"20":0,"23":0,"26":0,"27":0,"28":0,"29":0,"30":0,"31":0,"32":0,"41":0,"42":0,"43":0,"46":0,"47":0,"48":0,"49":0,"50":0,"51":0,"52":0,"54":0,"55":0,"57":0,"59":0,"60":0,"63":0,"66":0,"69":0,"71":0,"73":0,"74":0,"75":0,"76":0,"77":0,"78":0,"79":0,"80":0,"81":0,"83":0,"84":0,"87":0,"88":0,"89":0,"90":0,"91":0,"92":0,"94":0,"95":0,"96":0,"99":0,"100":0,"101":0,"102":0,"103":0,"104":0,"107":0,"108":0,"109":0,"110":0,"111":0,"113":0,"114":0,"115":0,"116":0,"117":0,"118":0,"119":0,"121":0,"122":0,"123":0,"124":0,"125":0,"126":0,"127":0,"129":0,"130":0,"131":0,"132":0,"133":0,"134":0,"135":0,"137":0,"138":0,"139":0,"140":0,"141":0,"142":0,"143":0,"145":0,"146":0,"147":0,"148":0,"150":0,"151":0,"153":0,"154":0,"155":0,"157":0,"158":0,"159":0,"160":0,"162":0,"163":0,"165":0,"167":0,"168":0,"169":0,"170":0,"171":0,"173":0,"174":0,"175":0,"176":0,"177":0,"178":0,"179":0,"180":0,"182":0,"183":0,"184":0,"185":0,"186":0,"187":0,"188":0,"189":0,"191":0,"192":0,"193":0,"194":0,"195":0,"196":0,"198":0,"200":0,"201":0,"202":0,"203":0,"207":0,"208":0,"209":0,"210":0,"211":0,"213":0,"214":0,"215":0,"216":0,"217":0,"218":0,"219":0,"220":0,"221":0,"222":0,"224":0,"225":0,"228":0,"229":0,"230":0,"231":0,"233":0,"234":0,"236":0,"237":0,"238":0,"241":0,"242":0,"243":0,"246":0,"247":0,"249":0,"250":0,"251":0,"252":0,"253":0,"254":0,"255":0,"256":0,"259":0,"260":0,"261":0,"264":0,"265":0,"267":0,"268":0,"269":0,"272":0,"273":0,"274":0,"277":0,"278":0,"280":0,"281":0,"282":0,"283":0,"284":0,"285":0,"286":0,"287":0,"290":0,"291":0,"292":0,"294":0,"295":0,"296":0,"297":0,"298":0,"300":0,"301":0,"303":0,"304":0,"305":0,"308":0,"309":0,"311":0,"312":0,"314":0,"315":0,"316":0,"318":0,"319":0,"322":0,"323":0,"324":0,"325":0,"328":0,"330":0,"332":0,"334":0,"335":0,"338":0,"339":0,"342":0,"343":0,"344":0,"345":0,"346":0,"347":0,"348":0,"349":0,"350":0,"353":0,"354":0,"355":0,"358":0,"359":0,"360":0,"361":0,"362":0,"365":0,"366":0,"368":0,"369":0,"371":0,"372":0,"375":0,"378":0,"379":0,"382":0,"383":0,"384":0,"385":0,"386":0,"387":0,"388":0,"389":0,"390":0,"391":0,"394":0,"395":0,"396":0,"399":0,"400":0,"402":0,"403":0,"404":0,"405":0,"406":0,"407":0,"408":0,"409":0,"410":0,"411":0,"413":0,"414":0,"415":0,"417":0,"418":0,"420":0,"421":0,"423":0,"424":0,"426":0,"428":0,"429":0,"431":0,"432":0,"433":0,"434":0,"437":0,"438":0,"439":0,"440":0,"441":0,"443":0,"445":0,"446":0,"447":0,"448":0,"451":0,"452":0,"453":0,"455":0,"456":0,"457":0,"458":0,"459":0,"462":0,"463":0,"464":0,"465":0,"466":0,"467":0,"468":0,"471":0,"473":0,"474":0,"475":0,"476":0,"479":0,"480":0,"481":0,"482":0,"483":0,"484":0,"485":0,"486":0,"487":0,"488":0,"489":0,"491":0,"492":0,"493":0,"495":0,"496":0,"498":0,"499":0,"500":0},"branchMap":{"0":{"type":"branch","line":1,"loc":{"start":{"line":1,"column":15048},"end":{"line":501,"column":1}},"locations":[{"start":{"line":1,"column":15048},"end":{"line":501,"column":1}}]}},"b":{"0":[0]},"fnMap":{"0":{"name":"(empty-report)","decl":{"start":{"line":1,"column":15048},"end":{"line":501,"column":1}},"loc":{"start":{"line":1,"column":15048},"end":{"line":501,"column":1}},"line":1}},"f":{"0":0}}
,"C:\\git\\simulation\\src\\core\\constants.ts": {"path":"C:\\git\\simulation\\src\\core\\constants.ts","all":true,"statementMap":{"4":{"start":{"line":5,"column":0},"end":{"line":5,"column":34}},"6":{"start":{"line":7,"column":0},"end":{"line":7,"column":19}},"8":{"start":{"line":9,"column":0},"end":{"line":9,"column":16}},"10":{"start":{"line":11,"column":0},"end":{"line":11,"column":15}},"12":{"start":{"line":13,"column":0},"end":{"line":13,"column":31}},"14":{"start":{"line":15,"column":0},"end":{"line":15,"column":27}},"16":{"start":{"line":17,"column":0},"end":{"line":17,"column":30}},"18":{"start":{"line":19,"column":0},"end":{"line":19,"column":30}},"20":{"start":{"line":21,"column":0},"end":{"line":21,"column":36}},"21":{"start":{"line":22,"column":0},"end":{"line":22,"column":11}},"23":{"start":{"line":24,"column":0},"end":{"line":24,"column":30}},"25":{"start":{"line":26,"column":0},"end":{"line":26,"column":21}},"27":{"start":{"line":28,"column":0},"end":{"line":28,"column":22}},"29":{"start":{"line":30,"column":0},"end":{"line":30,"column":30}},"31":{"start":{"line":32,"column":0},"end":{"line":32,"column":21}},"33":{"start":{"line":34,"column":0},"end":{"line":34,"column":16}},"35":{"start":{"line":36,"column":0},"end":{"line":36,"column":22}},"36":{"start":{"line":37,"column":0},"end":{"line":37,"column":11}},"38":{"start":{"line":39,"column":0},"end":{"line":39,"column":26}},"40":{"start":{"line":41,"column":0},"end":{"line":41,"column":42}},"42":{"start":{"line":43,"column":0},"end":{"line":43,"column":37}},"44":{"start":{"line":45,"column":0},"end":{"line":45,"column":36}},"46":{"start":{"line":47,"column":0},"end":{"line":47,"column":30}},"47":{"start":{"line":48,"column":0},"end":{"line":48,"column":11}},"49":{"start":{"line":50,"column":0},"end":{"line":50,"column":28}},"50":{"start":{"line":51,"column":0},"end":{"line":51,"column":30}},"51":{"start":{"line":52,"column":0},"end":{"line":52,"column":37}},"52":{"start":{"line":53,"column":0},"end":{"line":53,"column":31}},"53":{"start":{"line":54,"column":0},"end":{"line":54,"column":29}},"54":{"start":{"line":55,"column":0},"end":{"line":55,"column":46}},"55":{"start":{"line":56,"column":0},"end":{"line":56,"column":51}},"56":{"start":{"line":57,"column":0},"end":{"line":57,"column":25}},"57":{"start":{"line":58,"column":0},"end":{"line":58,"column":25}},"58":{"start":{"line":59,"column":0},"end":{"line":59,"column":25}},"59":{"start":{"line":60,"column":0},"end":{"line":60,"column":25}},"60":{"start":{"line":61,"column":0},"end":{"line":61,"column":45}},"62":{"start":{"line":63,"column":0},"end":{"line":63,"column":39}},"63":{"start":{"line":64,"column":0},"end":{"line":64,"column":39}},"64":{"start":{"line":65,"column":0},"end":{"line":65,"column":31}},"65":{"start":{"line":66,"column":0},"end":{"line":66,"column":27}},"66":{"start":{"line":67,"column":0},"end":{"line":67,"column":27}},"67":{"start":{"line":68,"column":0},"end":{"line":68,"column":21}},"68":{"start":{"line":69,"column":0},"end":{"line":69,"column":37}},"69":{"start":{"line":70,"column":0},"end":{"line":70,"column":43}},"70":{"start":{"line":71,"column":0},"end":{"line":71,"column":47}},"71":{"start":{"line":72,"column":0},"end":{"line":72,"column":17}},"72":{"start":{"line":73,"column":0},"end":{"line":73,"column":41}},"73":{"start":{"line":74,"column":0},"end":{"line":74,"column":27}},"75":{"start":{"line":76,"column":0},"end":{"line":76,"column":41}},"76":{"start":{"line":77,"column":0},"end":{"line":77,"column":38}},"77":{"start":{"line":78,"column":0},"end":{"line":78,"column":11}}},"s":{"4":0,"6":0,"8":0,"10":0,"12":0,"14":0,"16":0,"18":0,"20":0,"21":0,"23":0,"25":0,"27":0,"29":0,"31":0,"33":0,"35":0,"36":0,"38":0,"40":0,"42":0,"44":0,"46":0,"47":0,"49":0,"50":0,"51":0,"52":0,"53":0,"54":0,"55":0,"56":0,"57":0,"58":0,"59":0,"60":0,"62":0,"63":0,"64":0,"65":0,"66":0,"67":0,"68":0,"69":0,"70":0,"71":0,"72":0,"73":0,"75":0,"76":0,"77":0},"branchMap":{"0":{"type":"branch","line":1,"loc":{"start":{"line":1,"column":75},"end":{"line":78,"column":-188}},"locations":[{"start":{"line":1,"column":75},"end":{"line":78,"column":-188}}]}},"b":{"0":[1]},"fnMap":{"0":{"name":"(empty-report)","decl":{"start":{"line":1,"column":75},"end":{"line":78,"column":-188}},"loc":{"start":{"line":1,"column":75},"end":{"line":78,"column":-188}},"line":1}},"f":{"0":1}}
,"C:\\git\\simulation\\src\\core\\organism.ts": {"path":"C:\\git\\simulation\\src\\core\\organism.ts","all":false,"statementMap":{"0":{"start":{"line":1,"column":0},"end":{"line":1,"column":60}},"8":{"start":{"line":9,"column":0},"end":{"line":9,"column":23}},"10":{"start":{"line":11,"column":0},"end":{"line":11,"column":12}},"12":{"start":{"line":13,"column":0},"end":{"line":13,"column":12}},"14":{"start":{"line":15,"column":0},"end":{"line":15,"column":14}},"16":{"start":{"line":17,"column":0},"end":{"line":17,"column":21}},"18":{"start":{"line":19,"column":0},"end":{"line":19,"column":22}},"26":{"start":{"line":27,"column":0},"end":{"line":27,"column":57}},"27":{"start":{"line":28,"column":0},"end":{"line":28,"column":9}},"28":{"start":{"line":29,"column":0},"end":{"line":29,"column":83}},"29":{"start":{"line":30,"column":0},"end":{"line":30,"column":73}},"30":{"start":{"line":31,"column":0},"end":{"line":31,"column":7}},"32":{"start":{"line":33,"column":0},"end":{"line":33,"column":18}},"33":{"start":{"line":34,"column":0},"end":{"line":34,"column":61}},"34":{"start":{"line":35,"column":0},"end":{"line":35,"column":7}},"36":{"start":{"line":37,"column":0},"end":{"line":37,"column":17}},"37":{"start":{"line":38,"column":0},"end":{"line":38,"column":17}},"38":{"start":{"line":39,"column":0},"end":{"line":39,"column":19}},"39":{"start":{"line":40,"column":0},"end":{"line":40,"column":23}},"40":{"start":{"line":41,"column":0},"end":{"line":41,"column":30}},"41":{"start":{"line":42,"column":0},"end":{"line":42,"column":21}},"42":{"start":{"line":43,"column":0},"end":{"line":43,"column":45}},"43":{"start":{"line":44,"column":0},"end":{"line":44,"column":88}},"44":{"start":{"line":45,"column":0},"end":{"line":45,"column":27}},"45":{"start":{"line":46,"column":0},"end":{"line":46,"column":30}},"46":{"start":{"line":47,"column":0},"end":{"line":47,"column":8}},"47":{"start":{"line":48,"column":0},"end":{"line":48,"column":64}},"48":{"start":{"line":49,"column":0},"end":{"line":49,"column":5}},"49":{"start":{"line":50,"column":0},"end":{"line":50,"column":3}},"57":{"start":{"line":58,"column":0},"end":{"line":58,"column":78}},"58":{"start":{"line":59,"column":0},"end":{"line":59,"column":9}},"59":{"start":{"line":60,"column":0},"end":{"line":60,"column":46}},"60":{"start":{"line":61,"column":0},"end":{"line":61,"column":62}},"61":{"start":{"line":62,"column":0},"end":{"line":62,"column":7}},"63":{"start":{"line":64,"column":0},"end":{"line":64,"column":50}},"64":{"start":{"line":65,"column":0},"end":{"line":65,"column":70}},"65":{"start":{"line":66,"column":0},"end":{"line":66,"column":7}},"67":{"start":{"line":68,"column":0},"end":{"line":68,"column":28}},"70":{"start":{"line":71,"column":0},"end":{"line":71,"column":42}},"71":{"start":{"line":72,"column":0},"end":{"line":72,"column":42}},"74":{"start":{"line":75,"column":0},"end":{"line":75,"column":34}},"75":{"start":{"line":76,"column":0},"end":{"line":76,"column":68}},"76":{"start":{"line":77,"column":0},"end":{"line":77,"column":69}},"77":{"start":{"line":78,"column":0},"end":{"line":78,"column":21}},"78":{"start":{"line":79,"column":0},"end":{"line":79,"column":45}},"79":{"start":{"line":80,"column":0},"end":{"line":80,"column":88}},"80":{"start":{"line":81,"column":0},"end":{"line":81,"column":29}},"81":{"start":{"line":82,"column":0},"end":{"line":82,"column":25}},"82":{"start":{"line":83,"column":0},"end":{"line":83,"column":8}},"84":{"start":{"line":85,"column":0},"end":{"line":85,"column":5}},"85":{"start":{"line":86,"column":0},"end":{"line":86,"column":3}},"91":{"start":{"line":92,"column":0},"end":{"line":92,"column":27}},"92":{"start":{"line":93,"column":0},"end":{"line":93,"column":9}},"93":{"start":{"line":94,"column":0},"end":{"line":94,"column":94}},"94":{"start":{"line":95,"column":0},"end":{"line":95,"column":21}},"95":{"start":{"line":96,"column":0},"end":{"line":96,"column":45}},"96":{"start":{"line":97,"column":0},"end":{"line":97,"column":91}},"97":{"start":{"line":98,"column":0},"end":{"line":98,"column":26}},"98":{"start":{"line":99,"column":0},"end":{"line":99,"column":37}},"99":{"start":{"line":100,"column":0},"end":{"line":100,"column":8}},"100":{"start":{"line":101,"column":0},"end":{"line":101,"column":36}},"101":{"start":{"line":102,"column":0},"end":{"line":102,"column":5}},"102":{"start":{"line":103,"column":0},"end":{"line":103,"column":3}},"108":{"start":{"line":109,"column":0},"end":{"line":109,"column":24}},"109":{"start":{"line":110,"column":0},"end":{"line":110,"column":9}},"110":{"start":{"line":111,"column":0},"end":{"line":111,"column":88}},"111":{"start":{"line":112,"column":0},"end":{"line":112,"column":21}},"112":{"start":{"line":113,"column":0},"end":{"line":113,"column":45}},"113":{"start":{"line":114,"column":0},"end":{"line":114,"column":94}},"114":{"start":{"line":115,"column":0},"end":{"line":115,"column":26}},"115":{"start":{"line":116,"column":0},"end":{"line":116,"column":30}},"116":{"start":{"line":117,"column":0},"end":{"line":117,"column":8}},"117":{"start":{"line":118,"column":0},"end":{"line":118,"column":58}},"118":{"start":{"line":119,"column":0},"end":{"line":119,"column":5}},"119":{"start":{"line":120,"column":0},"end":{"line":120,"column":3}},"125":{"start":{"line":126,"column":0},"end":{"line":126,"column":25}},"126":{"start":{"line":127,"column":0},"end":{"line":127,"column":9}},"127":{"start":{"line":128,"column":0},"end":{"line":128,"column":29}},"128":{"start":{"line":129,"column":0},"end":{"line":129,"column":49}},"129":{"start":{"line":130,"column":0},"end":{"line":130,"column":49}},"130":{"start":{"line":131,"column":0},"end":{"line":131,"column":86}},"133":{"start":{"line":134,"column":0},"end":{"line":134,"column":26}},"134":{"start":{"line":135,"column":0},"end":{"line":135,"column":59}},"135":{"start":{"line":136,"column":0},"end":{"line":136,"column":30}},"136":{"start":{"line":137,"column":0},"end":{"line":137,"column":39}},"137":{"start":{"line":138,"column":0},"end":{"line":138,"column":44}},"138":{"start":{"line":139,"column":0},"end":{"line":139,"column":11}},"139":{"start":{"line":140,"column":0},"end":{"line":140,"column":7}},"141":{"start":{"line":142,"column":0},"end":{"line":142,"column":25}},"142":{"start":{"line":143,"column":0},"end":{"line":143,"column":21}},"143":{"start":{"line":144,"column":0},"end":{"line":144,"column":45}},"144":{"start":{"line":145,"column":0},"end":{"line":145,"column":91}},"145":{"start":{"line":146,"column":0},"end":{"line":146,"column":29}},"146":{"start":{"line":147,"column":0},"end":{"line":147,"column":31}},"147":{"start":{"line":148,"column":0},"end":{"line":148,"column":8}},"148":{"start":{"line":149,"column":0},"end":{"line":149,"column":62}},"149":{"start":{"line":150,"column":0},"end":{"line":150,"column":5}},"150":{"start":{"line":151,"column":0},"end":{"line":151,"column":3}},"156":{"start":{"line":157,"column":0},"end":{"line":157,"column":45}},"157":{"start":{"line":158,"column":0},"end":{"line":158,"column":9}},"158":{"start":{"line":159,"column":0},"end":{"line":159,"column":17}},"159":{"start":{"line":160,"column":0},"end":{"line":160,"column":72}},"160":{"start":{"line":161,"column":0},"end":{"line":161,"column":7}},"162":{"start":{"line":163,"column":0},"end":{"line":163,"column":38}},"163":{"start":{"line":164,"column":0},"end":{"line":164,"column":22}},"164":{"start":{"line":165,"column":0},"end":{"line":165,"column":62}},"165":{"start":{"line":166,"column":0},"end":{"line":166,"column":17}},"166":{"start":{"line":167,"column":0},"end":{"line":167,"column":21}},"167":{"start":{"line":168,"column":0},"end":{"line":168,"column":45}},"168":{"start":{"line":169,"column":0},"end":{"line":169,"column":84}},"169":{"start":{"line":170,"column":0},"end":{"line":170,"column":29}},"170":{"start":{"line":171,"column":0},"end":{"line":171,"column":26}},"171":{"start":{"line":172,"column":0},"end":{"line":172,"column":8}},"173":{"start":{"line":174,"column":0},"end":{"line":174,"column":5}},"174":{"start":{"line":175,"column":0},"end":{"line":175,"column":3}},"175":{"start":{"line":176,"column":0},"end":{"line":176,"column":1}}},"s":{"0":1,"8":1,"10":2218,"12":2218,"14":2218,"16":2218,"18":2218,"26":2218,"27":2218,"28":2218,"29":0,"30":0,"32":2218,"33":0,"34":0,"36":2218,"37":2218,"38":2218,"39":2218,"40":2218,"41":2218,"42":0,"43":0,"44":0,"45":0,"46":0,"47":0,"48":0,"49":2218,"57":2218,"58":31,"59":31,"60":0,"61":0,"63":31,"64":25,"65":25,"67":6,"70":6,"71":6,"74":6,"75":6,"76":6,"77":31,"78":25,"79":25,"80":25,"81":25,"82":25,"84":25,"85":31,"91":2218,"92":29,"93":29,"94":29,"95":0,"96":0,"97":0,"98":0,"99":0,"100":0,"101":0,"102":29,"108":2218,"109":28,"110":28,"111":28,"112":0,"113":0,"114":0,"115":0,"116":0,"117":0,"118":0,"119":28,"125":2218,"126":3,"127":3,"128":3,"129":3,"130":3,"133":3,"134":0,"135":0,"136":0,"137":0,"138":0,"139":0,"141":3,"142":3,"143":0,"144":0,"145":0,"146":0,"147":0,"148":0,"149":0,"150":3,"156":2218,"157":28,"158":28,"159":0,"160":0,"162":28,"163":28,"164":28,"165":28,"166":28,"167":0,"168":0,"169":0,"170":0,"171":0,"173":0,"174":28,"175":2218},"branchMap":{"0":{"type":"branch","line":9,"loc":{"start":{"line":9,"column":22},"end":{"line":176,"column":1}},"locations":[{"start":{"line":9,"column":22},"end":{"line":176,"column":1}}]},"1":{"type":"branch","line":27,"loc":{"start":{"line":27,"column":2},"end":{"line":50,"column":3}},"locations":[{"start":{"line":27,"column":2},"end":{"line":50,"column":3}}]},"2":{"type":"branch","line":29,"loc":{"start":{"line":29,"column":82},"end":{"line":31,"column":7}},"locations":[{"start":{"line":29,"column":82},"end":{"line":31,"column":7}}]},"3":{"type":"branch","line":33,"loc":{"start":{"line":33,"column":17},"end":{"line":35,"column":7}},"locations":[{"start":{"line":33,"column":17},"end":{"line":35,"column":7}}]},"4":{"type":"branch","line":42,"loc":{"start":{"line":42,"column":4},"end":{"line":49,"column":5}},"locations":[{"start":{"line":42,"column":4},"end":{"line":49,"column":5}}]},"5":{"type":"branch","line":58,"loc":{"start":{"line":58,"column":2},"end":{"line":86,"column":3}},"locations":[{"start":{"line":58,"column":2},"end":{"line":86,"column":3}}]},"6":{"type":"branch","line":60,"loc":{"start":{"line":60,"column":45},"end":{"line":62,"column":7}},"locations":[{"start":{"line":60,"column":45},"end":{"line":62,"column":7}}]},"7":{"type":"branch","line":64,"loc":{"start":{"line":64,"column":25},"end":{"line":64,"column":49}},"locations":[{"start":{"line":64,"column":25},"end":{"line":64,"column":49}}]},"8":{"type":"branch","line":64,"loc":{"start":{"line":64,"column":49},"end":{"line":66,"column":7}},"locations":[{"start":{"line":64,"column":49},"end":{"line":66,"column":7}}]},"9":{"type":"branch","line":66,"loc":{"start":{"line":66,"column":6},"end":{"line":78,"column":13}},"locations":[{"start":{"line":66,"column":6},"end":{"line":78,"column":13}}]},"10":{"type":"branch","line":78,"loc":{"start":{"line":78,"column":4},"end":{"line":85,"column":5}},"locations":[{"start":{"line":78,"column":4},"end":{"line":85,"column":5}}]},"11":{"type":"branch","line":80,"loc":{"start":{"line":80,"column":33},"end":{"line":80,"column":88}},"locations":[{"start":{"line":80,"column":33},"end":{"line":80,"column":88}}]},"12":{"type":"branch","line":92,"loc":{"start":{"line":92,"column":2},"end":{"line":103,"column":3}},"locations":[{"start":{"line":92,"column":2},"end":{"line":103,"column":3}}]},"13":{"type":"branch","line":94,"loc":{"start":{"line":94,"column":24},"end":{"line":94,"column":50}},"locations":[{"start":{"line":94,"column":24},"end":{"line":94,"column":50}}]},"14":{"type":"branch","line":94,"loc":{"start":{"line":94,"column":36},"end":{"line":94,"column":94}},"locations":[{"start":{"line":94,"column":36},"end":{"line":94,"column":94}}]},"15":{"type":"branch","line":95,"loc":{"start":{"line":95,"column":4},"end":{"line":102,"column":5}},"locations":[{"start":{"line":95,"column":4},"end":{"line":102,"column":5}}]},"16":{"type":"branch","line":109,"loc":{"start":{"line":109,"column":2},"end":{"line":120,"column":3}},"locations":[{"start":{"line":109,"column":2},"end":{"line":120,"column":3}}]},"17":{"type":"branch","line":111,"loc":{"start":{"line":111,"column":34},"end":{"line":111,"column":88}},"locations":[{"start":{"line":111,"column":34},"end":{"line":111,"column":88}}]},"18":{"type":"branch","line":112,"loc":{"start":{"line":112,"column":4},"end":{"line":119,"column":5}},"locations":[{"start":{"line":112,"column":4},"end":{"line":119,"column":5}}]},"19":{"type":"branch","line":126,"loc":{"start":{"line":126,"column":2},"end":{"line":151,"column":3}},"locations":[{"start":{"line":126,"column":2},"end":{"line":151,"column":3}}]},"20":{"type":"branch","line":134,"loc":{"start":{"line":134,"column":25},"end":{"line":140,"column":7}},"locations":[{"start":{"line":134,"column":25},"end":{"line":140,"column":7}}]},"21":{"type":"branch","line":143,"loc":{"start":{"line":143,"column":4},"end":{"line":150,"column":5}},"locations":[{"start":{"line":143,"column":4},"end":{"line":150,"column":5}}]},"22":{"type":"branch","line":157,"loc":{"start":{"line":157,"column":2},"end":{"line":175,"column":3}},"locations":[{"start":{"line":157,"column":2},"end":{"line":175,"column":3}}]},"23":{"type":"branch","line":159,"loc":{"start":{"line":159,"column":16},"end":{"line":161,"column":7}},"locations":[{"start":{"line":159,"column":16},"end":{"line":161,"column":7}}]},"24":{"type":"branch","line":167,"loc":{"start":{"line":167,"column":4},"end":{"line":174,"column":5}},"locations":[{"start":{"line":167,"column":4},"end":{"line":174,"column":5}}]}},"b":{"0":[2218],"1":[2218],"2":[0],"3":[0],"4":[0],"5":[31],"6":[0],"7":[6],"8":[25],"9":[6],"10":[25],"11":[0],"12":[29],"13":[3],"14":[2],"15":[0],"16":[28],"17":[27],"18":[0],"19":[3],"20":[0],"21":[0],"22":[28],"23":[0],"24":[0]},"fnMap":{"0":{"name":"<instance_members_initializer>","decl":{"start":{"line":9,"column":22},"end":{"line":176,"column":1}},"loc":{"start":{"line":9,"column":22},"end":{"line":176,"column":1}},"line":9},"1":{"name":"Organism","decl":{"start":{"line":27,"column":2},"end":{"line":50,"column":3}},"loc":{"start":{"line":27,"column":2},"end":{"line":50,"column":3}},"line":27},"2":{"name":"update","decl":{"start":{"line":58,"column":2},"end":{"line":86,"column":3}},"loc":{"start":{"line":58,"column":2},"end":{"line":86,"column":3}},"line":58},"3":{"name":"canReproduce","decl":{"start":{"line":92,"column":2},"end":{"line":103,"column":3}},"loc":{"start":{"line":92,"column":2},"end":{"line":103,"column":3}},"line":92},"4":{"name":"shouldDie","decl":{"start":{"line":109,"column":2},"end":{"line":120,"column":3}},"loc":{"start":{"line":109,"column":2},"end":{"line":120,"column":3}},"line":109},"5":{"name":"reproduce","decl":{"start":{"line":126,"column":2},"end":{"line":151,"column":3}},"loc":{"start":{"line":126,"column":2},"end":{"line":151,"column":3}},"line":126},"6":{"name":"draw","decl":{"start":{"line":157,"column":2},"end":{"line":175,"column":3}},"loc":{"start":{"line":157,"column":2},"end":{"line":175,"column":3}},"line":157}},"f":{"0":2218,"1":2218,"2":31,"3":29,"4":28,"5":3,"6":28}}
,"C:\\git\\simulation\\src\\core\\simulation.ts": {"path":"C:\\git\\simulation\\src\\core\\simulation.ts","all":false,"statementMap":{"0":{"start":{"line":1,"column":0},"end":{"line":1,"column":38}},"26":{"start":{"line":27,"column":0},"end":{"line":27,"column":33}},"28":{"start":{"line":29,"column":0},"end":{"line":29,"column":37}},"30":{"start":{"line":31,"column":0},"end":{"line":31,"column":36}},"32":{"start":{"line":33,"column":0},"end":{"line":33,"column":40}},"34":{"start":{"line":35,"column":0},"end":{"line":35,"column":35}},"36":{"start":{"line":37,"column":0},"end":{"line":37,"column":28}},"38":{"start":{"line":39,"column":0},"end":{"line":39,"column":20}},"40":{"start":{"line":41,"column":0},"end":{"line":41,"column":24}},"42":{"start":{"line":43,"column":0},"end":{"line":43,"column":25}},"44":{"start":{"line":45,"column":0},"end":{"line":45,"column":25}},"46":{"start":{"line":47,"column":0},"end":{"line":47,"column":45}},"48":{"start":{"line":49,"column":0},"end":{"line":49,"column":31}},"50":{"start":{"line":51,"column":0},"end":{"line":51,"column":31}},"54":{"start":{"line":55,"column":0},"end":{"line":55,"column":31}},"56":{"start":{"line":57,"column":0},"end":{"line":57,"column":31}},"58":{"start":{"line":59,"column":0},"end":{"line":59,"column":26}},"60":{"start":{"line":61,"column":0},"end":{"line":61,"column":26}},"62":{"start":{"line":63,"column":0},"end":{"line":63,"column":30}},"66":{"start":{"line":67,"column":0},"end":{"line":67,"column":20}},"68":{"start":{"line":69,"column":0},"end":{"line":69,"column":58}},"70":{"start":{"line":71,"column":0},"end":{"line":71,"column":35}},"74":{"start":{"line":75,"column":0},"end":{"line":75,"column":37}},"76":{"start":{"line":77,"column":0},"end":{"line":77,"column":39}},"78":{"start":{"line":79,"column":0},"end":{"line":79,"column":35}},"80":{"start":{"line":81,"column":0},"end":{"line":81,"column":37}},"82":{"start":{"line":83,"column":0},"end":{"line":83,"column":39}},"83":{"start":{"line":84,"column":0},"end":{"line":84,"column":54}},"84":{"start":{"line":85,"column":0},"end":{"line":85,"column":53}},"91":{"start":{"line":92,"column":0},"end":{"line":92,"column":77}},"92":{"start":{"line":93,"column":0},"end":{"line":93,"column":9}},"93":{"start":{"line":94,"column":0},"end":{"line":94,"column":20}},"94":{"start":{"line":95,"column":0},"end":{"line":95,"column":60}},"95":{"start":{"line":96,"column":0},"end":{"line":96,"column":7}},"97":{"start":{"line":98,"column":0},"end":{"line":98,"column":33}},"98":{"start":{"line":99,"column":0},"end":{"line":99,"column":74}},"99":{"start":{"line":100,"column":0},"end":{"line":100,"column":7}},"101":{"start":{"line":102,"column":0},"end":{"line":102,"column":27}},"103":{"start":{"line":104,"column":0},"end":{"line":104,"column":42}},"104":{"start":{"line":105,"column":0},"end":{"line":105,"column":17}},"105":{"start":{"line":106,"column":0},"end":{"line":106,"column":80}},"106":{"start":{"line":107,"column":0},"end":{"line":107,"column":7}},"107":{"start":{"line":108,"column":0},"end":{"line":108,"column":21}},"109":{"start":{"line":110,"column":0},"end":{"line":110,"column":49}},"110":{"start":{"line":111,"column":0},"end":{"line":111,"column":54}},"112":{"start":{"line":113,"column":0},"end":{"line":113,"column":31}},"113":{"start":{"line":114,"column":0},"end":{"line":114,"column":51}},"116":{"start":{"line":117,"column":0},"end":{"line":117,"column":68}},"117":{"start":{"line":118,"column":0},"end":{"line":118,"column":23}},"118":{"start":{"line":119,"column":0},"end":{"line":119,"column":62}},"119":{"start":{"line":120,"column":0},"end":{"line":120,"column":7}},"120":{"start":{"line":121,"column":0},"end":{"line":121,"column":56}},"121":{"start":{"line":122,"column":0},"end":{"line":122,"column":54}},"122":{"start":{"line":123,"column":0},"end":{"line":123,"column":53}},"123":{"start":{"line":124,"column":0},"end":{"line":124,"column":75}},"124":{"start":{"line":125,"column":0},"end":{"line":125,"column":73}},"127":{"start":{"line":128,"column":0},"end":{"line":128,"column":53}},"128":{"start":{"line":129,"column":0},"end":{"line":129,"column":55}},"129":{"start":{"line":130,"column":0},"end":{"line":130,"column":61}},"132":{"start":{"line":133,"column":0},"end":{"line":133,"column":37}},"135":{"start":{"line":136,"column":0},"end":{"line":136,"column":72}},"138":{"start":{"line":139,"column":0},"end":{"line":139,"column":40}},"140":{"start":{"line":141,"column":0},"end":{"line":141,"column":34}},"142":{"start":{"line":143,"column":0},"end":{"line":143,"column":65}},"143":{"start":{"line":144,"column":0},"end":{"line":144,"column":66}},"144":{"start":{"line":145,"column":0},"end":{"line":145,"column":67}},"145":{"start":{"line":146,"column":0},"end":{"line":146,"column":47}},"146":{"start":{"line":147,"column":0},"end":{"line":147,"column":41}},"147":{"start":{"line":148,"column":0},"end":{"line":148,"column":9}},"148":{"start":{"line":149,"column":0},"end":{"line":149,"column":21}},"149":{"start":{"line":150,"column":0},"end":{"line":150,"column":54}},"150":{"start":{"line":151,"column":0},"end":{"line":151,"column":31}},"151":{"start":{"line":152,"column":0},"end":{"line":152,"column":66}},"152":{"start":{"line":153,"column":0},"end":{"line":153,"column":31}},"153":{"start":{"line":154,"column":0},"end":{"line":154,"column":40}},"154":{"start":{"line":155,"column":0},"end":{"line":155,"column":8}},"155":{"start":{"line":156,"column":0},"end":{"line":156,"column":66}},"156":{"start":{"line":157,"column":0},"end":{"line":157,"column":5}},"157":{"start":{"line":158,"column":0},"end":{"line":158,"column":3}},"163":{"start":{"line":164,"column":0},"end":{"line":164,"column":40}},"164":{"start":{"line":165,"column":0},"end":{"line":165,"column":24}},"166":{"start":{"line":167,"column":0},"end":{"line":167,"column":33}},"167":{"start":{"line":168,"column":0},"end":{"line":168,"column":62}},"168":{"start":{"line":169,"column":0},"end":{"line":169,"column":63}},"169":{"start":{"line":170,"column":0},"end":{"line":170,"column":80}},"170":{"start":{"line":171,"column":0},"end":{"line":171,"column":5}},"171":{"start":{"line":172,"column":0},"end":{"line":172,"column":3}},"176":{"start":{"line":177,"column":0},"end":{"line":177,"column":17}},"177":{"start":{"line":178,"column":0},"end":{"line":178,"column":9}},"178":{"start":{"line":179,"column":0},"end":{"line":179,"column":31}},"180":{"start":{"line":181,"column":0},"end":{"line":181,"column":42}},"181":{"start":{"line":182,"column":0},"end":{"line":182,"column":38}},"182":{"start":{"line":183,"column":0},"end":{"line":183,"column":76}},"183":{"start":{"line":184,"column":0},"end":{"line":184,"column":9}},"184":{"start":{"line":185,"column":0},"end":{"line":185,"column":35}},"185":{"start":{"line":186,"column":0},"end":{"line":186,"column":53}},"186":{"start":{"line":187,"column":0},"end":{"line":187,"column":7}},"188":{"start":{"line":189,"column":0},"end":{"line":189,"column":28}},"189":{"start":{"line":190,"column":0},"end":{"line":190,"column":30}},"190":{"start":{"line":191,"column":0},"end":{"line":191,"column":54}},"191":{"start":{"line":192,"column":0},"end":{"line":192,"column":23}},"193":{"start":{"line":194,"column":0},"end":{"line":194,"column":49}},"194":{"start":{"line":195,"column":0},"end":{"line":195,"column":43}},"195":{"start":{"line":196,"column":0},"end":{"line":196,"column":38}},"196":{"start":{"line":197,"column":0},"end":{"line":197,"column":27}},"197":{"start":{"line":198,"column":0},"end":{"line":198,"column":11}},"200":{"start":{"line":201,"column":0},"end":{"line":201,"column":43}},"201":{"start":{"line":202,"column":0},"end":{"line":202,"column":7}},"202":{"start":{"line":203,"column":0},"end":{"line":203,"column":21}},"203":{"start":{"line":204,"column":0},"end":{"line":204,"column":45}},"204":{"start":{"line":205,"column":0},"end":{"line":205,"column":66}},"205":{"start":{"line":206,"column":0},"end":{"line":206,"column":27}},"206":{"start":{"line":207,"column":0},"end":{"line":207,"column":29}},"207":{"start":{"line":208,"column":0},"end":{"line":208,"column":8}},"209":{"start":{"line":210,"column":0},"end":{"line":210,"column":5}},"210":{"start":{"line":211,"column":0},"end":{"line":211,"column":3}},"215":{"start":{"line":216,"column":0},"end":{"line":216,"column":17}},"216":{"start":{"line":217,"column":0},"end":{"line":217,"column":9}},"217":{"start":{"line":218,"column":0},"end":{"line":218,"column":29}},"218":{"start":{"line":219,"column":0},"end":{"line":219,"column":52}},"220":{"start":{"line":221,"column":0},"end":{"line":221,"column":82}},"221":{"start":{"line":222,"column":0},"end":{"line":222,"column":46}},"222":{"start":{"line":223,"column":0},"end":{"line":223,"column":16}},"223":{"start":{"line":224,"column":0},"end":{"line":224,"column":41}},"224":{"start":{"line":225,"column":0},"end":{"line":225,"column":36}},"225":{"start":{"line":226,"column":0},"end":{"line":226,"column":38}},"226":{"start":{"line":227,"column":0},"end":{"line":227,"column":37}},"227":{"start":{"line":228,"column":0},"end":{"line":228,"column":9}},"228":{"start":{"line":229,"column":0},"end":{"line":229,"column":21}},"229":{"start":{"line":230,"column":0},"end":{"line":230,"column":45}},"230":{"start":{"line":231,"column":0},"end":{"line":231,"column":66}},"231":{"start":{"line":232,"column":0},"end":{"line":232,"column":29}},"232":{"start":{"line":233,"column":0},"end":{"line":233,"column":28}},"233":{"start":{"line":234,"column":0},"end":{"line":234,"column":8}},"234":{"start":{"line":235,"column":0},"end":{"line":235,"column":5}},"235":{"start":{"line":236,"column":0},"end":{"line":236,"column":3}},"239":{"start":{"line":240,"column":0},"end":{"line":240,"column":17}},"240":{"start":{"line":241,"column":0},"end":{"line":241,"column":9}},"241":{"start":{"line":242,"column":0},"end":{"line":242,"column":29}},"242":{"start":{"line":243,"column":0},"end":{"line":243,"column":32}},"243":{"start":{"line":244,"column":0},"end":{"line":244,"column":25}},"244":{"start":{"line":245,"column":0},"end":{"line":245,"column":26}},"245":{"start":{"line":246,"column":0},"end":{"line":246,"column":26}},"248":{"start":{"line":249,"column":0},"end":{"line":249,"column":73}},"249":{"start":{"line":250,"column":0},"end":{"line":250,"column":26}},"252":{"start":{"line":253,"column":0},"end":{"line":253,"column":32}},"253":{"start":{"line":254,"column":0},"end":{"line":254,"column":32}},"254":{"start":{"line":255,"column":0},"end":{"line":255,"column":27}},"255":{"start":{"line":256,"column":0},"end":{"line":256,"column":27}},"256":{"start":{"line":257,"column":0},"end":{"line":257,"column":31}},"258":{"start":{"line":259,"column":0},"end":{"line":259,"column":51}},"259":{"start":{"line":260,"column":0},"end":{"line":260,"column":25}},"260":{"start":{"line":261,"column":0},"end":{"line":261,"column":21}},"261":{"start":{"line":262,"column":0},"end":{"line":262,"column":45}},"262":{"start":{"line":263,"column":0},"end":{"line":263,"column":66}},"263":{"start":{"line":264,"column":0},"end":{"line":264,"column":29}},"264":{"start":{"line":265,"column":0},"end":{"line":265,"column":30}},"265":{"start":{"line":266,"column":0},"end":{"line":266,"column":8}},"266":{"start":{"line":267,"column":0},"end":{"line":267,"column":5}},"267":{"start":{"line":268,"column":0},"end":{"line":268,"column":3}},"272":{"start":{"line":273,"column":0},"end":{"line":273,"column":17}},"273":{"start":{"line":274,"column":0},"end":{"line":274,"column":9}},"275":{"start":{"line":276,"column":0},"end":{"line":276,"column":73}},"276":{"start":{"line":277,"column":0},"end":{"line":277,"column":26}},"277":{"start":{"line":278,"column":0},"end":{"line":278,"column":26}},"278":{"start":{"line":279,"column":0},"end":{"line":279,"column":51}},"279":{"start":{"line":280,"column":0},"end":{"line":280,"column":25}},"280":{"start":{"line":281,"column":0},"end":{"line":281,"column":21}},"281":{"start":{"line":282,"column":0},"end":{"line":282,"column":45}},"282":{"start":{"line":283,"column":0},"end":{"line":283,"column":66}},"283":{"start":{"line":284,"column":0},"end":{"line":284,"column":29}},"284":{"start":{"line":285,"column":0},"end":{"line":285,"column":29}},"285":{"start":{"line":286,"column":0},"end":{"line":286,"column":8}},"286":{"start":{"line":287,"column":0},"end":{"line":287,"column":5}},"287":{"start":{"line":288,"column":0},"end":{"line":288,"column":3}},"293":{"start":{"line":294,"column":0},"end":{"line":294,"column":33}},"294":{"start":{"line":295,"column":0},"end":{"line":295,"column":9}},"295":{"start":{"line":296,"column":0},"end":{"line":296,"column":36}},"296":{"start":{"line":297,"column":0},"end":{"line":297,"column":71}},"297":{"start":{"line":298,"column":0},"end":{"line":298,"column":7}},"298":{"start":{"line":299,"column":0},"end":{"line":299,"column":25}},"299":{"start":{"line":300,"column":0},"end":{"line":300,"column":21}},"300":{"start":{"line":301,"column":0},"end":{"line":301,"column":45}},"301":{"start":{"line":302,"column":0},"end":{"line":302,"column":66}},"302":{"start":{"line":303,"column":0},"end":{"line":303,"column":29}},"303":{"start":{"line":304,"column":0},"end":{"line":304,"column":34}},"304":{"start":{"line":305,"column":0},"end":{"line":305,"column":8}},"305":{"start":{"line":306,"column":0},"end":{"line":306,"column":5}},"306":{"start":{"line":307,"column":0},"end":{"line":307,"column":3}},"312":{"start":{"line":313,"column":0},"end":{"line":313,"column":45}},"313":{"start":{"line":314,"column":0},"end":{"line":314,"column":9}},"314":{"start":{"line":315,"column":0},"end":{"line":315,"column":18}},"315":{"start":{"line":316,"column":0},"end":{"line":316,"column":66}},"316":{"start":{"line":317,"column":0},"end":{"line":317,"column":7}},"318":{"start":{"line":319,"column":0},"end":{"line":319,"column":39}},"319":{"start":{"line":320,"column":0},"end":{"line":320,"column":31}},"321":{"start":{"line":322,"column":0},"end":{"line":322,"column":20}},"322":{"start":{"line":323,"column":0},"end":{"line":323,"column":14}},"324":{"start":{"line":325,"column":0},"end":{"line":325,"column":21}},"325":{"start":{"line":326,"column":0},"end":{"line":326,"column":7}},"326":{"start":{"line":327,"column":0},"end":{"l
[...]
376":{"start":{"line":377,"column":0},"end":{"line":377,"column":5}},"378":{"start":{"line":379,"column":0},"end":{"line":379,"column":38}},"379":{"start":{"line":380,"column":0},"end":{"line":380,"column":41}},"381":{"start":{"line":382,"column":0},"end":{"line":382,"column":31}},"382":{"start":{"line":383,"column":0},"end":{"line":383,"column":46}},"383":{"start":{"line":384,"column":0},"end":{"line":384,"column":15}},"384":{"start":{"line":385,"column":0},"end":{"line":385,"column":10}},"385":{"start":{"line":386,"column":0},"end":{"line":386,"column":6}},"387":{"start":{"line":388,"column":0},"end":{"line":388,"column":44}},"388":{"start":{"line":389,"column":0},"end":{"line":389,"column":20}},"389":{"start":{"line":390,"column":0},"end":{"line":390,"column":3}},"394":{"start":{"line":395,"column":0},"end":{"line":395,"column":35}},"395":{"start":{"line":396,"column":0},"end":{"line":396,"column":57}},"396":{"start":{"line":397,"column":0},"end":{"line":397,"column":3}},"401":{"start":{"line":402,"column":0},"end":{"line":402,"column":26}},"402":{"start":{"line":403,"column":0},"end":{"line":403,"column":34}},"403":{"start":{"line":404,"column":0},"end":{"line":404,"column":49}},"404":{"start":{"line":405,"column":0},"end":{"line":405,"column":81}},"405":{"start":{"line":406,"column":0},"end":{"line":406,"column":5}},"406":{"start":{"line":407,"column":0},"end":{"line":407,"column":3}},"407":{"start":{"line":408,"column":0},"end":{"line":408,"column":1}},"410":{"start":{"line":411,"column":0},"end":{"line":411,"column":40}},"411":{"start":{"line":412,"column":0},"end":{"line":412,"column":52}}},"s":{"8":1,"9":1,"10":1,"11":1,"12":1,"13":1,"14":1,"15":1,"16":1,"23":1,"25":1,"26":1,"29":1,"30":1,"31":1,"34":1,"35":1,"38":1,"39":1,"42":1,"43":1,"46":1,"47":1,"48":1,"51":1,"52":1,"75":1,"76":10,"77":10,"78":10,"79":10,"80":10,"81":10,"82":10,"83":10,"84":10,"85":10,"86":10,"87":10,"88":10,"90":10,"91":5,"92":5,"97":10,"98":28,"99":5,"100":5,"101":28,"102":28,"107":10,"108":5,"109":5,"114":10,"115":134,"116":0,"117":0,"119":134,"120":134,"121":134,"122":134,"123":134,"124":134,"125":134,"126":134,"127":134,"128":134,"129":134,"131":134,"132":134,"133":134,"138":10,"139":23,"140":23,"145":10,"146":16,"147":16,"152":10,"153":0,"154":0,"159":10,"160":1,"161":1,"166":10,"167":4,"168":4,"169":4,"170":4,"171":4,"176":10,"177":67,"178":67,"183":10,"184":1,"185":1,"190":10,"191":2,"192":2,"197":10,"198":1,"199":1,"204":10,"205":2,"206":2,"207":2,"208":2,"209":2,"210":2,"215":10,"216":134,"219":134,"220":0,"221":0,"222":134,"227":10,"228":134,"229":134,"230":134,"232":134,"233":134,"234":1,"235":1,"236":134,"237":134,"238":123,"239":123,"240":134,"241":0,"242":0,"243":134,"244":5,"245":5,"246":134,"247":4,"248":4,"249":134,"250":1,"251":1,"252":134,"253":134,"258":10,"259":8,"260":8,"265":10,"266":1,"267":1,"272":10,"273":1,"274":1,"279":10,"280":15,"281":15,"286":10,"287":0,"288":0,"293":10,"294":17,"295":17,"300":10,"301":1,"302":1,"303":1,"304":1,"305":1,"307":1,"308":3,"309":3,"310":1,"312":1,"313":1,"318":10,"319":1,"320":1,"325":10,"326":1,"327":1,"328":1,"329":1,"330":1,"331":1,"332":1,"333":1,"334":1,"335":1,"336":1,"337":1,"338":1,"339":1,"340":10,"345":1,"346":10,"347":10,"348":10,"350":10,"351":5,"352":5,"354":10,"355":13,"356":5,"357":5,"358":13,"359":13,"364":10,"365":4,"366":4,"371":10,"372":3,"373":3,"374":1,"375":1,"376":1,"378":2,"379":2,"381":2,"382":2,"383":3,"384":3,"385":3,"387":3,"388":3,"389":3,"394":10,"395":1,"396":1,"401":10,"402":0,"403":0,"404":0,"405":0,"406":0,"407":10,"410":1,"411":1},"branchMap":{"0":{"type":"branch","line":76,"loc":{"start":{"line":76,"column":20},"end":{"line":341,"column":1}},"locations":[{"start":{"line":76,"column":20},"end":{"line":341,"column":1}}]},"1":{"type":"branch","line":91,"loc":{"start":{"line":91,"column":10},"end":{"line":93,"column":3}},"locations":[{"start":{"line":91,"column":10},"end":{"line":93,"column":3}}]},"2":{"type":"branch","line":98,"loc":{"start":{"line":98,"column":9},"end":{"line":103,"column":3}},"locations":[{"start":{"line":98,"column":9},"end":{"line":103,"column":3}}]},"3":{"type":"branch","line":99,"loc":{"start":{"line":99,"column":26},"end":{"line":101,"column":5}},"locations":[{"start":{"line":99,"column":26},"end":{"line":101,"column":5}}]},"4":{"type":"branch","line":108,"loc":{"start":{"line":108,"column":10},"end":{"line":110,"column":3}},"locations":[{"start":{"line":108,"column":10},"end":{"line":110,"column":3}}]},"5":{"type":"branch","line":115,"loc":{"start":{"line":115,"column":2},"end":{"line":134,"column":3}},"locations":[{"start":{"line":115,"column":2},"end":{"line":134,"column":3}}]},"6":{"type":"branch","line":116,"loc":{"start":{"line":116,"column":55},"end":{"line":118,"column":5}},"locations":[{"start":{"line":116,"column":55},"end":{"line":118,"column":5}}]},"7":{"type":"branch","line":129,"loc":{"start":{"line":129,"column":19},"end":{"line":129,"column":33}},"locations":[{"start":{"line":129,"column":19},"end":{"line":129,"column":33}}]},"8":{"type":"branch","line":139,"loc":{"start":{"line":139,"column":2},"end":{"line":141,"column":3}},"locations":[{"start":{"line":139,"column":2},"end":{"line":141,"column":3}}]},"9":{"type":"branch","line":146,"loc":{"start":{"line":146,"column":2},"end":{"line":148,"column":3}},"locations":[{"start":{"line":146,"column":2},"end":{"line":148,"column":3}}]},"10":{"type":"branch","line":160,"loc":{"start":{"line":160,"column":2},"end":{"line":162,"column":3}},"locations":[{"start":{"line":160,"column":2},"end":{"line":162,"column":3}}]},"11":{"type":"branch","line":167,"loc":{"start":{"line":167,"column":2},"end":{"line":172,"column":3}},"locations":[{"start":{"line":167,"column":2},"end":{"line":172,"column":3}}]},"12":{"type":"branch","line":170,"loc":{"start":{"line":170,"column":12},"end":{"line":170,"column":24}},"locations":[{"start":{"line":170,"column":12},"end":{"line":170,"column":24}}]},"13":{"type":"branch","line":177,"loc":{"start":{"line":177,"column":2},"end":{"line":179,"column":3}},"locations":[{"start":{"line":177,"column":2},"end":{"line":179,"column":3}}]},"14":{"type":"branch","line":184,"loc":{"start":{"line":184,"column":2},"end":{"line":186,"column":3}},"locations":[{"start":{"line":184,"column":2},"end":{"line":186,"column":3}}]},"15":{"type":"branch","line":191,"loc":{"start":{"line":191,"column":2},"end":{"line":193,"column":3}},"locations":[{"start":{"line":191,"column":2},"end":{"line":193,"column":3}}]},"16":{"type":"branch","line":198,"loc":{"start":{"line":198,"column":2},"end":{"line":200,"column":3}},"locations":[{"start":{"line":198,"column":2},"end":{"line":200,"column":3}}]},"17":{"type":"branch","line":205,"loc":{"start":{"line":205,"column":2},"end":{"line":211,"column":3}},"locations":[{"start":{"line":205,"column":2},"end":{"line":211,"column":3}}]},"18":{"type":"branch","line":216,"loc":{"start":{"line":216,"column":10},"end":{"line":223,"column":3}},"locations":[{"start":{"line":216,"column":10},"end":{"line":223,"column":3}}]},"19":{"type":"branch","line":220,"loc":{"start":{"line":220,"column":44},"end":{"line":222,"column":5}},"locations":[{"start":{"line":220,"column":44},"end":{"line":222,"column":5}}]},"20":{"type":"branch","line":228,"loc":{"start":{"line":228,"column":10},"end":{"line":254,"column":3}},"locations":[{"start":{"line":228,"column":10},"end":{"line":254,"column":3}}]},"21":{"type":"branch","line":231,"loc":{"start":{"line":231,"column":29},"end":{"line":231,"column":85}},"locations":[{"start":{"line":231,"column":29},"end":{"line":231,"column":85}}]},"22":{"type":"branch","line":231,"loc":{"start":{"line":231,"column":79},"end":{"line":231,"column":102}},"locations":[{"start":{"line":231,"column":79},"end":{"line":231,"column":102}}]},"23":{"type":"branch","line":234,"loc":{"start":{"line":234,"column":6},"end":{"line":236,"column":14}},"locations":[{"start":{"line":234,"column":6},"end":{"line":236,"column":14}}]},"24":{"type":"branch","line":237,"loc":{"start":{"line":237,"column":6},"end":{"line":237,"column":25}},"locations":[{"start":{"line":237,"column":6},"end":{"line":237,"column":25}}]},"25":{"type":"branch","line":238,"loc":{"start":{"line":238,"column":6},"end":{"line":240,"column":14}},"locations":[{"start":{"line":238,"column":6},"end":{"line":240,"column":14}}]},"26":{"type":"branch","line":241,"loc":{"start":{"line":241,"column":6},"end":{"line":243,"column":14}},"locations":[{"start":{"line":241,"column":6},"end":{"line":243,"column":14}}]},"27":{"type":"branch","line":244,"loc":{"start":{"line":244,"column":6},"end":{"line":246,"column":14}},"locations":[{"start":{"line":244,"column":6},"end":{"line":246,"column":14}}]},"28":{"type":"branch","line":247,"loc":{"start":{"line":247,"column":6},"end":{"line":249,"column":14}},"locations":[{"start":{"line":247,"column":6},"end":{"line":249,"column":14}}]},"29":{"type":"branch","line":250,"loc":{"start":{"line":250,"column":6},"end":{"line":252,"column":14}},"locations":[{"start":{"line":250,"column":6},"end":{"line":252,"column":14}}]},"30":{"type":"branch","line":259,"loc":{"start":{"line":259,"column":2},"end":{"line":261,"column":3}},"locations":[{"start":{"line":259,"column":2},"end":{"line":261,"column":3}}]},"31":{"type":"branch","line":266,"loc":{"start":{"line":266,"column":2},"end":{"line":268,"column":3}},"locations":[{"start":{"line":266,"column":2},"end":{"line":268,"column":3}}]},"32":{"type":"branch","line":267,"loc":{"start":{"line":267,"column":28},"end":{"line":267,"column":60}},"locations":[{"start":{"line":267,"column":28},"end":{"line":267,"column":60}}]},"33":{"type":"branch","line":273,"loc":{"start":{"line":273,"column":2},"end":{"line":275,"column":3}},"locations":[{"start":{"line":273,"column":2},"end":{"line":275,"column":3}}]},"34":{"type":"branch","line":274,"loc":{"start":{"line":274,"column":28},"end":{"line":274,"column":54}},"locations":[{"start":{"line":274,"column":28},"end":{"line":274,"column":54}}]},"35":{"type":"branch","line":280,"loc":{"start":{"line":280,"column":2},"end":{"line":282,"column":3}},"locations":[{"start":{"line":280,"column":2},"end":{"line":282,"column":3}}]},"36":{"type":"branch","line":294,"loc":{"start":{"line":294,"column":2},"end":{"line":296,"column":3}},"locations":[{"start":{"line":294,"column":2},"end":{"line":296,"column":3}}]},"37":{"type":"branch","line":301,"loc":{"start":{"line":301,"column":2},"end":{"line":314,"column":3}},"locations":[{"start":{"line":301,"column":2},"end":{"line":314,"column":3}}]},"38":{"type":"branch","line":308,"loc":{"start":{"line":308,"column":22},"end":{"line":311,"column":5}},"locations":[{"start":{"line":308,"column":22},"end":{"line":311,"column":5}}]},"39":{"type":"branch","line":309,"loc":{"start":{"line":309,"column":57},"end":{"line":309,"column":67}},"locations":[{"start":{"line":309,"column":57},"end":{"line":309,"column":67}}]},"40":{"type":"branch","line":319,"loc":{"start":{"line":319,"column":2},"end":{"line":321,"column":3}},"locations":[{"start":{"line":319,"column":2},"end":{"line":321,"column":3}}]},"41":{"type":"branch","line":326,"loc":{"start":{"line":326,"column":2},"end":{"line":340,"column":3}},"locations":[{"start":{"line":326,"column":2},"end":{"line":340,"column":3}}]},"42":{"type":"branch","line":336,"loc":{"start":{"line":336,"column":19},"end":{"line":336,"column":34}},"locations":[{"start":{"line":336,"column":19},"end":{"line":336,"column":34}}]},"43":{"type":"branch","line":346,"loc":{"start":{"line":346,"column":31},"end":{"line":408,"column":1}},"locations":[{"start":{"line":346,"column":31},"end":{"line":408,"column":1}}]},"44":{"type":"branch","line":351,"loc":{"start":{"line":351,"column":10},"end":{"line":353,"column":3}},"locations":[{"start":{"line":351,"column":10},"end":{"line":353,"column":3}}]},"45":{"type":"branch","line":355,"loc":{"start":{"line":355,"column":9},"end":{"line":360,"column":3}},"locations":[{"start":{"line":355,"column":9},"end":{"line":360,"column":3}}]},"46":{"type":"branch","line":356,"loc":{"start":{"line":356,"column":37},"end":{"line":358,"column":5}},"locations":[{"start":{"line":356,"column":37},"end":{"line":358,"column":5}}]},"47":{"type":"branch","line":365,"loc":{"start":{"line":365,"column":2},"end":{"line":367,"column":3}},"locations":[{"start":{"line":365,"column":2},"end":{"line":367,"column":3}}]},"48":{"type":"branch","line":372,"loc":{"start":{"line":372,"column":2},"end":{"line":390,"column":3}},"locations":[{"start":{"line":372,"column":2},"end":{"line":390,"column":3}}]},"49":{"type":"branch","line":374,"loc":{"start":{"line":374,"column":20},"end":{"line":383,"column":46}},"locations":[{"start":{"line":374,"column":20},"end":{"line":383,"column":46}}]},"50":{"type":"branch","line":374,"loc":{"start":{"line":374,"column":20},"end":{"line":377,"column":5}},"locations":[{"start":{"line":374,"column":20},"end":{"line":377,"column":5}}]},"51":{"type":"branch","line":383,"loc":{"start":{"line":383,"column":6},"end":{"line":383,"column":46}},"locations":[{"start":{"line":383,"column":6},"end":{"line":383,"column":46}}]},"52":{"type":"branch","line":395,"loc":{"start":{"line":395,"column":2},"end":{"line":397,"column":3}},"locations":[{"start":{"line":395,"column":2},"end":{"line":397,"column":3}}]}},"b":{"0":[10],"1":[5],"2":[28],"3":[5],"4":[5],"5":[134],"6":[0],"7":[0],"8":[23],"9":[16],"10":[1],"11":[4],"12":[0],"13":[67],"14":[1],"15":[2],"16":[1],"17":[2],"18":[134],"19":[0],"20":[134],"21":[2],"22":[132],"23":[1],"24":[56],"25":[123],"26":[0],"27":[5],"28":[4],"29":[1],"30":[8],"31":[1],"32":[3],"33":[1],"34":[3],"35":[15],"36":[17],"37":[1],"38":[3],"39":[2],"40":[1],"41":[1],"42":[0],"43":[10],"44":[5],"45":[13],"46":[5],"47":[4],"48":[3],"49":[2],"50":[1],"51":[1],"52":[1]},"fnMap":{"0":{"name":"<static_initializer>","decl":{"start":{"line":76,"column":20},"end":{"line":341,"column":1}},"loc":{"start":{"line":76,"column":20},"end":{"line":341,"column":1}},"line":76},"1":{"name":"Logger","decl":{"start":{"line":91,"column":10},"end":{"line":93,"column":3}},"loc":{"start":{"line":91,"column":10},"end":{"line":93,"column":3}},"line":91},"2":{"name":"getInstance","decl":{"start":{"line":98,"column":9},"end":{"line":103,"column":3}},"loc":{"start":{"line":98,"column":9},"end":{"line":103,"column":3}},"line":98},"3":{"name":"generateSessionId","decl":{"start":{"line":108,"column":10},"end":{"line":110,"column":3}},"loc":{"start":{"line":108,"column":10},"end":{"line":110,"column":3}},"line":108},"4":{"name":"log","decl":{"start":{"line":115,"column":2},"end":{"line":134,"column":3}},"loc":{"start":{"line":115,"column":2},"end":{"line":134,"column":3}},"line":115},"5":{"name":"logInit","decl":{"start":{"line":139,"column":2},"end":{"line":141,"column":3}},"loc":{"start":{"line":139,"column":2},"end":{"line":141,"column":3}},"line":139},"6":{"name":"logSimulation","decl":{"start":{"line":146,"column":2},"end":{"line":148,"column":3}},"loc":{"start":{"line":146,"column":2},"end":{"line":148,"column":3}},"line":146},"7":{"name":"logOrganism","decl":{"start":{"line":153,"column":2},"end":{"line":155,"column":3}},"loc":{"start":{"line":153,"column":2},"end":{"line":155,"column":3}},"line":153},"8":{"name":"logUserAction","decl":{"start":{"line":160,"column":2},"end":{"line":162,"column":3}},"loc":{"start":{"line":160,"column":2},"end":{"line":162,"column":3}},"line":160},"9":{"name":"logPerformance","decl":{"start":{"line":167,"column":2},"end":{"line":172,"column":3}},"loc":{"start":{"line":167,"column":2},"end":{"line":172,"column":3}},"line":167},"10":{"name":"logSystem","decl":{"start":{"line":177,"column":2},"end":{"line":179,"column":3}},"loc":{"start":{"line":177,"column":2},"end":{"line":179,"column":3}},"line":177},"11":{"name":"logAchievement","decl":{"start":{"line":184,"column":2},"end":{"line":186,"column":3}},"loc":{"start":{"line":184,"column":2},"end":{"line":186,"column":3}},"line":184},"12":{"name":"logChallenge","decl":{"start":{"line":191,"column":2},"end":{"line":193,"column":3}},"loc":{"start":{"line":191,"column":2},"end":{"line":193,"column":3}},"line":191},"13":{"name":"logPowerUp","decl":{"start":{"line":198,"column":2},"end":{"line":200,"column":3}},"loc":{"start":{"line":198,"column":2},"end":{"line":200,"column":3}},"line":198},"14":{"name":"logError","decl":{"start":{"line":205,"column":2},"end":{"line":211,"column":3}},"loc":{"start":{"line":205,"column":2},"end":{"line":211,"column":3}},"line":205},"15":{"name":"addToLogs","decl":{"start":{"line":216,"column":10},"end":{"line":223,"column":3}},"loc":{"start":{"line":216,"column":10},"end":{"line":223,"column":3}},"line":216},"16":{"name":"outputToConsole","decl":{"start":{"line":228,"column":10},"end":{"line":254,"column":3}},"loc":{"start":{"line":228,"column":10},"end":{"line":254,"column":3}},"line":228},"17":{"name":"getRecentLogs","decl":{"start":{"line":259,"column":2},"end":{"line":261,"column":3}},"loc":{"start":{"line":259,"column":2},"end":{"line":261,"column":3}},"line":259},"18":{"name":"getLogsByCategory","decl":{"start":{"line":266,"column":2},"end":{"line":268,"column":3}},"loc":{"start":{"line":266,"column":2},"end":{"line":268,"column":3}},"line":266},"19":{"name":"getLogsByLevel","decl":{"start":{"line":273,"column":2},"end":{"line":275,"column":3}},"loc":{"start":{"line":273,"column":2},"end":{"line":275,"column":3}},"line":273},"20":{"name":"clearLogs","decl":{"start":{"line":280,"column":2},"end":{"line":282,"column":3}},"loc":{"start":{"line":280,"column":2},"end":{"line":282,"column":3}},"line":280},"21":{"name":"setEnabled","decl":{"start":{"line":287,"column":2},"end":{"line":289,"column":3}},"loc":{"start":{"line":287,"column":2},"end":{"line":289,"column":3}},"line":287},"22":{"name":"setLogLevels","decl":{"start":{"line":294,"column":2},"end":{"line":296,"column":3}},"loc":{"start":{"line":294,"column":2},"end":{"line":296,"column":3}},"line":294},"23":{"name":"getLogStats","decl":{"start":{"line":301,"column":2},"end":{"line":314,"column":3}},"loc":{"start":{"line":301,"column":2},"end":{"line":314,"column":3}},"line":301},"24":{"name":"exportLogs","decl":{"start":{"line":319,"column":2},"end":{"line":321,"column":3}},"loc":{"start":{"line":319,"column":2},"end":{"line":321,"column":3}},"line":319},"25":{"name":"getSystemInfo","decl":{"start":{"line":326,"column":2},"end":{"line":340,"column":3}},"loc":{"start":{"line":326,"column":2},"end":{"line":340,"column":3}},"line":326},"26":{"name":"<static_initializer>","decl":{"start":{"line":346,"column":31},"end":{"line":408,"column":1}},"loc":{"start":{"line":346,"column":31},"end":{"line":408,"column":1}},"line":346},"27":{"name":"PerformanceLogger","decl":{"start":{"line":351,"column":10},"end":{"line":353,"column":3}},"loc":{"start":{"line":351,"column":10},"end":{"line":353,"column":3}},"line":351},"28":{"name":"getInstance","decl":{"start":{"line":355,"column":9},"end":{"line":360,"column":3}},"loc":{"start":{"line":355,"column":9},"end":{"line":360,"column":3}},"line":355},"29":{"name":"startTiming","decl":{"start":{"line":365,"column":2},"end":{"line":367,"column":3}},"loc":{"start":{"line":365,"column":2},"end":{"line":367,"column":3}},"line":365},"30":{"name":"endTiming","decl":{"start":{"line":372,"column":2},"end":{"line":390,"column":3}},"loc":{"start":{"line":372,"column":2},"end":{"line":390,"column":3}},"line":372},"31":{"name":"logFrameRate","decl":{"start":{"line":395,"column":2},"end":{"line":397,"column":3}},"loc":{"start":{"line":395,"column":2},"end":{"line":397,"column":3}},"line":395},"32":{"name":"logMemoryUsage","decl":{"start":{"line":402,"column":2},"end":{"line":407,"column":3}},"loc":{"start":{"line":402,"column":2},"end":{"line":407,"column":3}},"line":402}},"f":{"0":10,"1":5,"2":28,"3":5,"4":134,"5":23,"6":16,"7":0,"8":1,"9":4,"10":67,"11":1,"12":2,"13":1,"14":2,"15":134,"16":134,"17":8,"18":1,"19":1,"20":15,"21":0,"22":17,"23":1,"24":1,"25":1,"26":10,"27":5,"28":13,"29":4,"30":3,"31":1,"32":0}}
}
