TN:
SF:src\main-clean.ts
FN:1,(empty-report)
FNF:1
FNH:0
FNDA:0,(empty-report)
DA:1,0
DA:2,0
DA:4,0
DA:7,0
DA:12,0
DA:15,0
DA:18,0
DA:21,0
DA:22,0
DA:23,0
DA:24,0
DA:25,0
DA:26,0
DA:27,0
DA:29,0
DA:30,0
DA:32,0
DA:34,0
DA:35,0
DA:38,0
DA:41,0
DA:44,0
DA:46,0
DA:48,0
DA:49,0
DA:50,0
DA:51,0
DA:52,0
DA:53,0
DA:54,0
DA:55,0
DA:56,0
DA:58,0
DA:59,0
DA:62,0
DA:63,0
DA:64,0
DA:65,0
DA:66,0
DA:67,0
DA:69,0
DA:70,0
DA:72,0
DA:73,0
DA:74,0
DA:75,0
DA:76,0
DA:77,0
DA:80,0
DA:81,0
DA:82,0
DA:83,0
DA:84,0
DA:85,0
DA:86,0
DA:87,0
DA:88,0
DA:89,0
DA:90,0
DA:91,0
DA:93,0
DA:94,0
DA:95,0
DA:96,0
DA:97,0
DA:98,0
DA:99,0
DA:100,0
DA:101,0
DA:103,0
DA:104,0
DA:105,0
DA:106,0
DA:107,0
DA:108,0
DA:109,0
DA:110,0
DA:111,0
DA:112,0
DA:113,0
DA:115,0
DA:116,0
DA:117,0
DA:118,0
DA:119,0
DA:120,0
DA:121,0
DA:122,0
DA:123,0
DA:124,0
DA:125,0
DA:126,0
DA:127,0
DA:128,0
DA:129,0
DA:130,0
DA:131,0
DA:132,0
DA:134,0
DA:135,0
DA:136,0
DA:137,0
DA:138,0
DA:139,0
DA:140,0
DA:141,0
DA:142,0
DA:143,0
DA:144,0
DA:145,0
DA:146,0
DA:148,0
DA:149,0
DA:150,0
DA:151,0
DA:153,0
DA:154,0
DA:156,0
DA:157,0
DA:158,0
DA:160,0
DA:161,0
DA:162,0
DA:163,0
DA:165,0
DA:166,0
DA:168,0
DA:170,0
DA:171,0
DA:172,0
DA:173,0
DA:174,0
DA:176,0
DA:177,0
DA:178,0
DA:179,0
DA:180,0
DA:181,0
DA:182,0
DA:184,0
DA:185,0
DA:186,0
DA:187,0
DA:188,0
DA:189,0
DA:190,0
DA:192,0
DA:193,0
DA:194,0
DA:195,0
DA:196,0
DA:197,0
DA:199,0
DA:201,0
DA:202,0
DA:203,0
DA:204,0
LF:157
LH:0
BRDA:1,0,0,0
BRF:1
BRH:0
end_of_record
TN:
SF:src\main-simple.ts
FN:1,(empty-report)
FNF:1
FNH:0
FNDA:0,(empty-report)
DA:1,0
DA:2,0
DA:4,0
DA:7,0
DA:8,0
DA:9,0
DA:10,0
DA:11,0
DA:12,0
DA:13,0
DA:15,0
DA:16,0
DA:18,0
DA:19,0
DA:20,0
DA:21,0
DA:23,0
DA:24,0
DA:25,0
DA:28,0
DA:29,0
DA:30,0
DA:31,0
DA:32,0
DA:33,0
DA:34,0
DA:35,0
DA:36,0
DA:37,0
DA:38,0
DA:39,0
DA:40,0
DA:41,0
DA:42,0
DA:43,0
DA:44,0
DA:45,0
DA:46,0
DA:47,0
DA:50,0
DA:51,0
DA:52,0
DA:54,0
DA:55,0
DA:56,0
DA:57,0
DA:58,0
DA:60,0
DA:61,0
DA:62,0
DA:63,0
LF:51
LH:0
BRDA:1,0,0,0
BRF:1
BRH:0
end_of_record
TN:
SF:src\main-test.ts
FN:1,(empty-report)
FNF:1
FNH:0
FNDA:0,(empty-report)
DA:1,0
DA:2,0
DA:4,0
DA:7,0
DA:8,0
DA:9,0
DA:10,0
DA:15,0
DA:16,0
LF:9
LH:0
BRDA:1,0,0,0
BRF:1
BRH:0
end_of_record
TN:
SF:src\main.ts
FN:1,(empty-report)
FNF:1
FNH:0
FNDA:0,(empty-report)
DA:1,0
DA:2,0
DA:4,0
DA:7,0
DA:12,0
DA:15,0
DA:16,0
DA:17,0
DA:18,0
DA:21,0
DA:24,0
DA:27,0
DA:28,0
DA:29,0
DA:30,0
DA:31,0
DA:32,0
DA:33,0
DA:42,0
DA:43,0
DA:44,0
DA:47,0
DA:48,0
DA:49,0
DA:50,0
DA:51,0
DA:52,0
DA:53,0
DA:55,0
DA:56,0
DA:58,0
DA:60,0
DA:61,0
DA:64,0
DA:67,0
DA:70,0
DA:72,0
DA:74,0
DA:75,0
DA:76,0
DA:77,0
DA:78,0
DA:79,0
DA:80,0
DA:81,0
DA:82,0
DA:84,0
DA:85,0
DA:88,0
DA:89,0
DA:90,0
DA:91,0
DA:92,0
DA:93,0
DA:95,0
DA:96,0
DA:97,0
DA:100,0
DA:101,0
DA:102,0
DA:103,0
DA:104,0
DA:105,0
DA:108,0
DA:109,0
DA:110,0
DA:111,0
DA:112,0
DA:114,0
DA:115,0
DA:116,0
DA:117,0
DA:118,0
DA:119,0
DA:120,0
DA:122,0
DA:123,0
DA:124,0
DA:125,0
DA:126,0
DA:127,0
DA:128,0
DA:130,0
DA:131,0
DA:132,0
DA:133,0
DA:134,0
DA:135,0
DA:136,0
DA:138,0
DA:139,0
DA:140,0
DA:141,0
DA:142,0
DA:143,0
DA:144,0
DA:146,0
DA:147,0
DA:148,0
DA:149,0
DA:151,0
DA:152,0
DA:154,0
DA:155,0
DA:156,0
DA:158,0
DA:159,0
DA:160,0
DA:161,0
DA:163,0
DA:164,0
DA:166,0
DA:168,0
DA:169,0
DA:170,0
DA:171,0
DA:172,0
DA:174,0
DA:175,0
DA:176,0
DA:177,0
DA:178,0
DA:179,0
DA:180,0
DA:181,0
DA:183,0
DA:184,0
DA:185,0
DA:186,0
DA:187,0
DA:188,0
DA:189,0
DA:190,0
DA:192,0
DA:193,0
DA:194,0
DA:195,0
DA:196,0
DA:197,0
DA:199,0
DA:201,0
DA:202,0
DA:203,0
DA:204,0
DA:208,0
DA:209,0
DA:210,0
DA:211,0
DA:212,0
DA:214,0
DA:215,0
DA:216,0
DA:217,0
DA:218,0
DA:219,0
DA:220,0
DA:221,0
DA:222,0
DA:223,0
DA:225,0
DA:226,0
DA:229,0
DA:230,0
DA:231,0
DA:232,0
DA:234,0
DA:235,0
DA:237,0
DA:238,0
DA:239,0
DA:242,0
DA:243,0
DA:244,0
DA:247,0
DA:248,0
DA:250,0
DA:251,0
DA:252,0
DA:253,0
DA:254,0
DA:255,0
DA:256,0
DA:257,0
DA:260,0
DA:261,0
DA:262,0
DA:265,0
DA:266,0
DA:268,0
DA:269,0
DA:270,0
DA:273,0
DA:274,0
DA:275,0
DA:278,0
DA:279,0
DA:281,0
DA:282,0
DA:283,0
DA:284,0
DA:285,0
DA:286,0
DA:287,0
DA:288,0
DA:291,0
DA:292,0
DA:293,0
DA:295,0
DA:296,0
DA:297,0
DA:298,0
DA:299,0
DA:301,0
DA:302,0
DA:304,0
DA:305,0
DA:306,0
DA:309,0
DA:310,0
DA:312,0
DA:313,0
DA:315,0
DA:316,0
DA:317,0
DA:319,0
DA:320,0
DA:323,0
DA:324,0
DA:325,0
DA:326,0
DA:329,0
DA:331,0
DA:333,0
DA:335,0
DA:336,0
DA:339,0
DA:340,0
DA:343,0
DA:344,0
DA:345,0
DA:346,0
DA:347,0
DA:348,0
DA:349,0
DA:350,0
DA:351,0
DA:354,0
DA:355,0
DA:356,0
DA:359,0
DA:360,0
DA:361,0
DA:362,0
DA:363,0
DA:366,0
DA:367,0
DA:369,0
DA:370,0
DA:372,0
DA:373,0
DA:376,0
DA:379,0
DA:380,0
DA:383,0
DA:384,0
DA:385,0
DA:386,0
DA:387,0
DA:388,0
DA:389,0
DA:390,0
DA:391,0
DA:392,0
DA:395,0
DA:396,0
DA:397,0
DA:400,0
DA:401,0
DA:403,0
DA:404,0
DA:405,0
DA:406,0
DA:407,0
DA:408,0
DA:409,0
DA:410,0
DA:411,0
DA:412,0
DA:414,0
DA:415,0
DA:416,0
DA:418,0
DA:419,0
DA:421,0
DA:422,0
DA:424,0
DA:425,0
DA:427,0
DA:429,0
DA:430,0
DA:432,0
DA:433,0
DA:434,0
DA:435,0
DA:438,0
DA:439,0
DA:440,0
DA:441,0
DA:442,0
DA:444,0
DA:446,0
DA:447,0
DA:448,0
DA:449,0
DA:452,0
DA:453,0
DA:454,0
DA:456,0
DA:457,0
DA:458,0
DA:459,0
DA:460,0
DA:463,0
DA:464,0
DA:465,0
DA:466,0
DA:467,0
DA:468,0
DA:469,0
DA:472,0
DA:474,0
DA:475,0
DA:476,0
DA:477,0
DA:480,0
DA:481,0
DA:482,0
DA:483,0
DA:484,0
DA:485,0
DA:486,0
DA:487,0
DA:488,0
DA:489,0
DA:490,0
DA:492,0
DA:493,0
DA:494,0
DA:496,0
DA:497,0
DA:499,0
DA:500,0
DA:501,0
LF:353
LH:0
BRDA:1,0,0,0
BRF:1
BRH:0
end_of_record
TN:
SF:src\core\constants.ts
FN:1,(empty-report)
FNF:1
FNH:1
FNDA:1,(empty-report)
DA:5,0
DA:7,0
DA:9,0
DA:11,0
DA:13,0
DA:15,0
DA:17,0
DA:19,0
DA:21,0
DA:22,0
DA:24,0
DA:26,0
DA:28,0
DA:30,0
DA:32,0
DA:34,0
DA:36,0
DA:37,0
DA:39,0
DA:41,0
DA:43,0
DA:45,0
DA:47,0
DA:48,0
DA:50,0
DA:51,0
DA:52,0
DA:53,0
DA:54,0
DA:55,0
DA:56,0
DA:57,0
DA:58,0
DA:59,0
DA:60,0
DA:61,0
DA:63,0
DA:64,0
DA:65,0
DA:66,0
DA:67,0
DA:68,0
DA:69,0
DA:70,0
DA:71,0
DA:72,0
DA:73,0
DA:74,0
DA:76,0
DA:77,0
DA:78,0
LF:51
LH:0
BRDA:1,0,0,1
BRF:1
BRH:1
end_of_record
TN:
SF:src\core\organism.ts
FN:9,<instance_members_initializer>
FN:27,Organism
FN:58,update
FN:92,canReproduce
FN:109,shouldDie
FN:126,reproduce
FN:157,draw
FNF:7
FNH:7
FNDA:2218,<instance_members_initializer>
FNDA:2218,Organism
FNDA:31,update
FNDA:29,canReproduce
FNDA:28,shouldDie
FNDA:3,reproduce
FNDA:28,draw
DA:1,1
DA:9,1
DA:11,2218
DA:13,2218
DA:15,2218
DA:17,2218
DA:19,2218
DA:27,2218
DA:28,2218
DA:29,2218
DA:30,0
DA:31,0
DA:33,2218
DA:34,0
DA:35,0
DA:37,2218
DA:38,2218
DA:39,2218
DA:40,2218
DA:41,2218
DA:42,2218
DA:43,0
DA:44,0
DA:45,0
DA:46,0
DA:47,0
DA:48,0
DA:49,0
DA:50,2218
DA:58,2218
DA:59,31
DA:60,31
DA:61,0
DA:62,0
DA:64,31
DA:65,25
DA:66,25
DA:68,6
DA:71,6
DA:72,6
DA:75,6
DA:76,6
DA:77,6
DA:78,31
DA:79,25
DA:80,25
DA:81,25
DA:82,25
DA:83,25
DA:85,25
DA:86,31
DA:92,2218
DA:93,29
DA:94,29
DA:95,29
DA:96,0
DA:97,0
DA:98,0
DA:99,0
DA:100,0
DA:101,0
DA:102,0
DA:103,29
DA:109,2218
DA:110,28
DA:111,28
DA:112,28
DA:113,0
DA:114,0
DA:115,0
DA:116,0
DA:117,0
DA:118,0
DA:119,0
DA:120,28
DA:126,2218
DA:127,3
DA:128,3
DA:129,3
DA:130,3
DA:131,3
DA:134,3
DA:135,0
DA:136,0
DA:137,0
DA:138,0
DA:139,0
DA:140,0
DA:142,3
DA:143,3
DA:144,0
DA:145,0
DA:146,0
DA:147,0
DA:148,0
DA:149,0
DA:150,0
DA:151,3
DA:157,2218
DA:158,28
DA:159,28
DA:160,0
DA:161,0
DA:163,28
DA:164,28
DA:165,28
DA:166,28
DA:167,28
DA:168,0
DA:169,0
DA:170,0
DA:171,0
DA:172,0
DA:174,0
DA:175,28
DA:176,2218
LF:116
LH:68
BRDA:9,0,0,2218
BRDA:27,1,0,2218
BRDA:29,2,0,0
BRDA:33,3,0,0
BRDA:42,4,0,0
BRDA:58,5,0,31
BRDA:60,6,0,0
BRDA:64,7,0,6
BRDA:64,8,0,25
BRDA:66,9,0,6
BRDA:78,10,0,25
BRDA:80,11,0,0
BRDA:92,12,0,29
BRDA:94,13,0,3
BRDA:94,14,0,2
BRDA:95,15,0,0
BRDA:109,16,0,28
BRDA:111,17,0,27
BRDA:112,18,0,0
BRDA:126,19,0,3
BRDA:134,20,0,0
BRDA:143,21,0,0
BRDA:157,22,0,28
BRDA:159,23,0,0
BRDA:167,24,0,0
BRF:25
BRH:14
end_of_record
TN:
SF:src\core\simulation.ts
FN:27,<instance_members_initializer>
FN:92,OrganismSimulation
FN:164,initializePopulation
FN:177,start
FN:216,pause
FN:240,reset
FN:273,clear
FN:294,setSpeed
FN:313,setOrganismType
FN:337,getOrganismTypeById
FN:352,setMaxPopulation
FN:367,animate
FN:387,update
FN:479,draw
FN:504,updateStats
FN:577,setupCanvasEvents
FN:598,placeOrganism
FN:614,showPreview
FN:637,updateScore
FN:646,checkAchievements
FN:674,getElapsedTime
FN:680,getAverageAge
FN:685,getOldestAge
FN:690,showAchievementNotification
FN:705,startChallenge
FN:719,getStats
FN:728,initializeBackground
FN:733,renderOrganisms
FN:746,resize
FN:754,setupMemoryCleanupHandlers
FN:774,performNormalMemoryCleanup
FN:790,performAggressiveMemoryCleanup
FN:822,createOrganism
FN:841,destroyOrganism
FN:853,toggleSoAOptimization
FN:878,getMemoryStats
FNF:36
FNH:31
FNDA:24,<instance_members_initializer>
FNDA:24,OrganismSimulation
FNDA:3,initializePopulation
FNDA:3,start
FNDA:1,pause
FNDA:1,reset
FNDA:1,clear
FNDA:5,setSpeed
FNDA:2,setOrganismType
FNDA:2,getOrganismTypeById
FNDA:5,setMaxPopulation
FNDA:7,animate
FNDA:5,update
FNDA:8,draw
FNDA:7,updateStats
FNDA:22,setupCanvasEvents
FNDA:1,placeOrganism
FNDA:1,showPreview
FNDA:5,updateScore
FNDA:5,checkAchievements
FNDA:10,getElapsedTime
FNDA:5,getAverageAge
FNDA:5,getOldestAge
FNDA:0,showAchievementNotification
FNDA:1,startChallenge
FNDA:9,getStats
FNDA:23,initializeBackground
FNDA:9,renderOrganisms
FNDA:1,resize
FNDA:22,setupMemoryCleanupHandlers
FNDA:0,performNormalMemoryCleanup
FNDA:0,performAggressiveMemoryCleanup
FNDA:16,createOrganism
FNDA:5,destroyOrganism
FNDA:0,toggleSoAOptimization
FNDA:0,getMemoryStats
DA:1,1
DA:27,1
DA:29,24
DA:31,24
DA:33,24
DA:35,24
DA:37,24
DA:39,24
DA:41,24
DA:43,24
DA:45,24
DA:47,24
DA:49,24
DA:51,24
DA:55,24
DA:57,24
DA:59,24
DA:61,24
DA:63,24
DA:67,24
DA:69,24
DA:71,24
DA:75,24
DA:77,24
DA:79,24
DA:81,24
DA:83,24
DA:84,24
DA:85,24
DA:92,24
DA:93,24
DA:94,24
DA:95,1
DA:96,1
DA:98,24
DA:99,1
DA:100,1
DA:102,22
DA:104,22
DA:105,24
DA:106,0
DA:107,0
DA:108,22
DA:110,22
DA:111,22
DA:113,22
DA:114,22
DA:117,22
DA:118,24
DA:119,0
DA:120,0
DA:121,22
DA:122,22
DA:123,22
DA:124,22
DA:125,22
DA:128,22
DA:129,22
DA:130,22
DA:133,22
DA:136,22
DA:139,22
DA:141,22
DA:143,22
DA:144,22
DA:145,22
DA:146,22
DA:147,22
DA:148,22
DA:149,24
DA:150,2
DA:151,2
DA:152,2
DA:153,2
DA:154,2
DA:155,2
DA:156,2
DA:157,2
DA:158,24
DA:164,24
DA:165,3
DA:167,3
DA:168,15
DA:169,15
DA:170,15
DA:171,15
DA:172,3
DA:177,24
DA:178,3
DA:179,3
DA:181,3
DA:182,3
DA:183,3
DA:184,3
DA:185,3
DA:186,3
DA:187,3
DA:189,3
DA:190,3
DA:191,3
DA:192,3
DA:194,3
DA:195,3
DA:196,3
DA:197,3
DA:198,3
DA:201,3
DA:202,3
DA:203,3
DA:204,0
DA:205,0
DA:206,0
DA:207,0
DA:208,0
DA:210,0
DA:211,3
DA:216,24
DA:217,1
DA:218,1
DA:219,1
DA:221,1
DA:222,1
DA:223,1
DA:224,1
DA:225,1
DA:226,1
DA:227,1
DA:228,1
DA:229,1
DA:230,0
DA:231,0
DA:232,0
DA:233,0
DA:234,0
DA:235,0
DA:236,1
DA:240,24
DA:241,1
DA:242,1
DA:243,1
DA:244,1
DA:245,1
DA:246,1
DA:249,1
DA:250,1
DA:253,1
DA:254,1
DA:255,1
DA:256,1
DA:257,1
DA:259,1
DA:260,1
DA:261,1
DA:262,0
DA:263,0
DA:264,0
DA:265,0
DA:266,0
DA:267,0
DA:268,1
DA:273,24
DA:274,1
DA:276,1
DA:277,1
DA:278,1
DA:279,1
DA:280,1
DA:281,1
DA:282,0
DA:283,0
DA:284,0
DA:285,0
DA:286,0
DA:287,0
DA:288,1
DA:294,24
DA:295,5
DA:296,5
DA:297,4
DA:298,4
DA:299,1
DA:300,5
DA:301,4
DA:302,4
DA:303,4
DA:304,4
DA:305,4
DA:306,4
DA:307,5
DA:313,24
DA:314,2
DA:315,2
DA:316,1
DA:317,1
DA:319,1
DA:320,1
DA:322,1
DA:323,1
DA:325,0
DA:326,0
DA:327,2
DA:328,1
DA:329,1
DA:330,1
DA:331,1
DA:332,1
DA:333,1
DA:334,2
DA:337,24
DA:339,2
DA:340,2
DA:341,0
DA:342,0
DA:345,2
DA:346,2
DA:352,24
DA:353,5
DA:354,5
DA:355,4
DA:356,4
DA:357,1
DA:358,5
DA:359,4
DA:360,4
DA:361,4
DA:362,4
DA:363,4
DA:364,4
DA:365,5
DA:367,24
DA:368,7
DA:370,5
DA:371,5
DA:372,5
DA:373,5
DA:375,5
DA:376,7
DA:377,0
DA:378,0
DA:379,0
DA:380,0
DA:381,0
DA:383,0
DA:384,0
DA:385,7
DA:387,24
DA:388,5
DA:389,5
DA:390,5
DA:391,5
DA:394,5
DA:395,3
DA:396,3
DA:397,3
DA:398,3
DA:401,5
DA:402,25
DA:403,25
DA:405,25
DA:407,0
DA:408,0
DA:409,0
DA:410,0
DA:411,0
DA:412,0
DA:413,0
DA:415,0
DA:416,0
DA:417,0
DA:420,0
DA:421,0
DA:422,0
DA:423,0
DA:424,0
DA:425,0
DA:426,0
DA:429,25
DA:430,0
DA:431,0
DA:432,0
DA:433,0
DA:434,0
DA:435,25
DA:438,5
DA:440,5
DA:443,5
DA:444,5
DA:445,5
DA:446,5
DA:447,5
DA:448,5
DA:451,5
DA:454,5
DA:456,5
DA:457,0
DA:458,0
DA:461,0
DA:463,0
DA:465,0
DA:466,0
DA:467,0
DA:468,0
DA:469,0
DA:470,5
DA:471,0
DA:472,0
DA:473,0
DA:474,0
DA:475,0
DA:476,0
DA:477,5
DA:479,24
DA:480,8
DA:482,8
DA:483,8
DA:486,8
DA:489,8
DA:490,1
DA:491,1
DA:494,8
DA:495,8
DA:496,0
DA:497,0
DA:498,0
DA:499,0
DA:500,0
DA:501,0
DA:502,8
DA:504,24
DA:505,7
DA:506,7
DA:507,7
DA:508,7
DA:509,7
DA:510,7
DA:511,7
DA:512,7
DA:513,7
DA:514,7
DA:515,7
DA:517,7
DA:518,0
DA:519,0
DA:521,7
DA:522,0
DA:523,0
DA:525,7
DA:526,0
DA:527,0
DA:528,0
DA:531,7
DA:532,0
DA:533,0
DA:536,7
DA:537,0
DA:538,0
DA:541,7
DA:542,0
DA:543,0
DA:544,0
DA:547,7
DA:548,0
DA:549,0
DA:550,0
DA:553,7
DA:554,0
DA:555,0
DA:556,0
DA:557,0
DA:560,7
DA:561,0
DA:562,0
DA:563,0
DA:566,7
DA:567,0
DA:568,0
DA:571,7
DA:572,0
DA:573,0
DA:574,0
DA:575,7
DA:577,24
DA:578,22
DA:579,22
DA:580,1
DA:581,1
DA:582,1
DA:583,22
DA:585,22
DA:586,1
DA:587,1
DA:588,1
DA:589,22
DA:590,22
DA:591,0
DA:592,0
DA:593,0
DA:594,0
DA:595,0
DA:596,0
DA:597,22
DA:598,24
DA:599,1
DA:600,1
DA:603,1
DA:604,1
DA:605,1
DA:606,0
DA:607,0
DA:608,0
DA:609,0
DA:610,0
DA:611,0
DA:612,1
DA:614,24
DA:615,1
DA:616,1
DA:619,1
DA:622,1
DA:623,1
DA:624,1
DA:625,1
DA:626,1
DA:627,1
DA:628,1
DA:629,0
DA:630,0
DA:631,0
DA:632,0
DA:633,0
DA:634,0
DA:635,1
DA:637,24
DA:639,5
DA:640,5
DA:641,5
DA:643,5
DA:644,5
DA:646,24
DA:647,5
DA:648,5
DA:649,5
DA:650,5
DA:651,5
DA:652,5
DA:653,5
DA:654,5
DA:655,5
DA:656,5
DA:657,5
DA:659,5
DA:660,35
DA:661,0
DA:662,0
DA:663,0
DA:665,0
DA:666,0
DA:667,0
DA:668,0
DA:669,0
DA:670,0
DA:671,35
DA:672,5
DA:674,24
DA:675,10
DA:676,10
DA:677,0
DA:678,10
DA:680,24
DA:681,5
DA:682,5
DA:683,5
DA:685,24
DA:686,5
DA:687,5
DA:688,5
DA:690,24
DA:691,0
DA:693,0
DA:695,0
DA:696,0
DA:697,0
DA:702,0
DA:703,0
DA:705,24
DA:706,1
DA:707,1
DA:708,1
DA:710,1
DA:711,1
DA:712,1
DA:713,1
DA:714,1
DA:715,1
DA:716,1
DA:717,1
DA:719,24
DA:720,9
DA:721,9
DA:722,9
DA:723,9
DA:724,9
DA:725,9
DA:726,9
DA:728,24
DA:729,23
DA:730,23
DA:731,23
DA:733,24
DA:735,9
DA:738,9
DA:739,29
DA:740,29
DA:741,29
DA:742,29
DA:743,9
DA:744,9
DA:746,24
DA:747,1
DA:748,1
DA:749,1
DA:754,24
DA:755,22
DA:756,0
DA:757,0
DA:759,0
DA:761,0
DA:763,0
DA:764,0
DA:766,0
DA:767,0
DA:768,22
DA:769,22
DA:774,24
DA:776,0
DA:777,0
DA:778,0
DA:779,0
DA:780,0
DA:782,0
DA:783,0
DA:784,0
DA:785,0
DA:790,24
DA:792,0
DA:793,0
DA:794,0
DA:797,0
DA:799,0
DA:801,0
DA:802,0
DA:803,0
DA:804,0
DA:805,0
DA:808,0
DA:809,0
DA:812,0
DA:813,0
DA:814,0
DA:816,0
DA:817,0
DA:822,24
DA:823,16
DA:825,16
DA:827,0
DA:828,0
DA:830,16
DA:831,16
DA:833,0
DA:834,0
DA:835,0
DA:836,16
DA:841,24
DA:842,5
DA:843,5
DA:844,5
DA:846,0
DA:847,0
DA:848,5
DA:853,24
DA:854,0
DA:855,0
DA:856,0
DA:858,0
DA:860,0
DA:862,0
DA:863,0
DA:864,0
DA:865,0
DA:866,0
DA:867,0
DA:869,0
DA:870,0
DA:871,0
DA:872,0
DA:873,0
DA:878,24
DA:884,0
DA:885,0
DA:886,0
DA:887,0
DA:888,0
DA:889,0
DA:890,0
DA:891,0
DA:892,0
DA:893,24
LF:607
LH:395
BRDA:27,0,0,24
BRDA:92,1,0,24
BRDA:94,2,0,1
BRDA:96,3,0,23
BRDA:98,4,0,1
BRDA:100,5,0,22
BRDA:105,6,0,0
BRDA:107,7,0,22
BRDA:118,8,0,0
BRDA:120,9,0,22
BRDA:149,10,0,2
BRDA:152,11,0,0
BRDA:164,12,0,3
BRDA:167,13,0,15
BRDA:177,14,0,3
BRDA:203,15,0,0
BRDA:216,16,0,1
BRDA:229,17,0,0
BRDA:240,18,0,1
BRDA:261,19,0,0
BRDA:249,20,0,5
BRDA:273,21,0,1
BRDA:281,22,0,0
BRDA:294,23,0,5
BRDA:296,24,0,2
BRDA:296,25,0,4
BRDA:298,26,0,1
BRDA:300,27,0,4
BRDA:302,28,0,0
BRDA:313,29,0,2
BRDA:315,30,0,1
BRDA:323,31,0,0
BRDA:327,32,0,1
BRDA:329,33,0,0
BRDA:337,34,0,2
BRDA:340,35,0,0
BRDA:340,36,0,0
BRDA:339,37,0,10
BRDA:352,38,0,5
BRDA:354,39,0,2
BRDA:354,40,0,4
BRDA:356,41,0,1
BRDA:358,42,0,4
BRDA:360,43,0,0
BRDA:367,44,0,7
BRDA:368,45,0,2
BRDA:368,46,0,5
BRDA:376,47,0,0
BRDA:375,48,0,4
BRDA:387,49,0,5
BRDA:394,50,0,3
BRDA:401,51,0,25
BRDA:405,52,0,0
BRDA:405,53,0,0
BRDA:429,54,0,0
BRDA:456,55,0,0
BRDA:470,56,0,0
BRDA:479,57,0,8
BRDA:489,58,0,3
BRDA:489,59,0,1
BRDA:495,60,0,0
BRDA:486,61,0,27
BRDA:504,62,0,7
BRDA:517,63,0,0
BRDA:521,64,0,0
BRDA:525,65,0,0
BRDA:531,66,0,0
BRDA:536,67,0,0
BRDA:541,68,0,0
BRDA:547,69,0,0
BRDA:553,70,0,0
BRDA:560,71,0,0
BRDA:566,72,0,0
BRDA:571,73,0,0
BRDA:577,74,0,22
BRDA:590,75,0,0
BRDA:579,76,0,1
BRDA:585,77,0,1
BRDA:598,78,0,1
BRDA:605,79,0,0
BRDA:614,80,0,1
BRDA:628,81,0,0
BRDA:637,82,0,5
BRDA:646,83,0,5
BRDA:659,84,0,35
BRDA:660,85,0,0
BRDA:674,86,0,10
BRDA:676,87,0,0
BRDA:680,88,0,5
BRDA:682,89,0,0
BRDA:682,90,0,25
BRDA:685,91,0,5
BRDA:687,92,0,0
BRDA:687,93,0,25
BRDA:705,94,0,1
BRDA:707,95,0,3
BRDA:719,96,0,9
BRDA:728,97,0,23
BRDA:733,98,0,9
BRDA:738,99,0,29
BRDA:746,100,0,1
BRDA:754,101,0,22
BRDA:822,102,0,16
BRDA:825,103,0,0
BRDA:825,104,0,0
BRDA:831,105,0,0
BRDA:841,106,0,5
BRDA:844,107,0,0
BRF:108
BRH:66
end_of_record
TN:
SF:src\examples\interactive-examples.ts
FN:1,(empty-report)
FNF:1
FNH:0
FNDA:0,(empty-report)
DA:1,0
DA:17,0
DA:18,0
DA:21,0
DA:23,0
DA:24,0
DA:25,0
DA:26,0
DA:27,0
DA:30,0
DA:31,0
DA:32,0
DA:34,0
DA:35,0
DA:36,0
DA:37,0
DA:38,0
DA:44,0
DA:45,0
DA:48,0
DA:49,0
DA:52,0
DA:53,0
DA:54,0
DA:55,0
DA:56,0
DA:57,0
DA:58,0
DA:59,0
DA:62,0
DA:63,0
DA:66,0
DA:67,0
DA:68,0
DA:69,0
DA:70,0
DA:71,0
DA:72,0
DA:73,0
DA:74,0
DA:77,0
DA:78,0
DA:80,0
DA:81,0
DA:82,0
DA:88,0
DA:89,0
DA:92,0
DA:93,0
DA:94,0
DA:96,0
DA:97,0
DA:100,0
DA:101,0
DA:102,0
DA:103,0
DA:105,0
DA:106,0
DA:107,0
DA:109,0
DA:110,0
DA:111,0
DA:112,0
DA:115,0
DA:116,0
DA:117,0
DA:118,0
DA:119,0
DA:122,0
DA:123,0
DA:124,0
DA:125,0
DA:126,0
DA:128,0
DA:129,0
DA:130,0
DA:132,0
DA:133,0
DA:134,0
DA:135,0
DA:136,0
DA:137,0
DA:138,0
DA:140,0
DA:141,0
DA:142,0
DA:143,0
DA:144,0
DA:146,0
DA:147,0
DA:153,0
DA:154,0
DA:157,0
DA:158,0
DA:161,0
DA:163,0
DA:164,0
DA:165,0
DA:166,0
DA:167,0
DA:168,0
DA:169,0
DA:170,0
DA:173,0
DA:175,0
DA:176,0
DA:177,0
DA:178,0
DA:179,0
DA:180,0
DA:181,0
DA:182,0
DA:184,0
DA:185,0
DA:186,0
DA:187,0
DA:188,0
DA:194,0
DA:195,0
DA:198,0
DA:199,0
DA:200,0
DA:201,0
DA:202,0
DA:203,0
DA:205,0
DA:206,0
DA:207,0
DA:208,0
DA:209,0
DA:212,0
DA:213,0
DA:214,0
DA:215,0
DA:216,0
DA:219,0
DA:220,0
DA:223,0
DA:226,0
DA:228,0
DA:229,0
DA:230,0
DA:231,0
DA:232,0
DA:233,0
DA:236,0
DA:237,0
DA:238,0
DA:239,0
DA:240,0
DA:241,0
DA:244,0
DA:245,0
DA:246,0
DA:247,0
DA:248,0
DA:249,0
DA:250,0
DA:253,0
DA:254,0
DA:260,0
DA:263,0
DA:264,0
DA:265,0
DA:266,0
DA:268,0
DA:269,0
DA:270,0
DA:271,0
DA:272,0
DA:273,0
DA:274,0
DA:276,0
DA:277,0
DA:278,0
DA:279,0
DA:280,0
DA:282,0
DA:283,0
DA:284,0
DA:287,0
DA:288,0
DA:289,0
DA:290,0
DA:292,0
DA:293,0
DA:294,0
DA:297,0
DA:299,0
DA:300,0
DA:301,0
DA:302,0
DA:308,0
DA:309,0
DA:311,0
DA:314,0
DA:317,0
DA:318,0
DA:319,0
DA:320,0
DA:321,0
DA:322,0
DA:323,0
DA:325,0
DA:326,0
DA:327,0
DA:328,0
DA:329,0
DA:330,0
DA:331,0
DA:332,0
DA:334,0
DA:335,0
DA:336,0
DA:338,0
DA:339,0
DA:340,0
DA:341,0
DA:342,0
DA:343,0
DA:345,0
DA:346,0
DA:348,0
DA:349,0
DA:350,0
DA:351,0
DA:352,0
DA:353,0
DA:354,0
DA:356,0
DA:357,0
DA:358,0
DA:360,0
DA:361,0
DA:363,0
DA:364,0
DA:365,0
DA:367,0
DA:368,0
DA:369,0
DA:370,0
DA:371,0
DA:377,0
DA:378,0
DA:379,0
DA:382,0
DA:383,0
DA:384,0
DA:385,0
DA:386,0
DA:387,0
DA:389,0
DA:390,0
DA:393,0
DA:395,0
DA:396,0
DA:397,0
DA:411,0
DA:412,0
DA:413,0
DA:414,0
DA:415,0
DA:417,0
DA:418,0
DA:419,0
DA:420,0
LF:266
LH:0
BRDA:1,0,0,0
BRF:1
BRH:0
end_of_record
TN:
SF:src\features\achievements\achievements.ts
FN:34,condition
FN:43,condition
FN:52,condition
FN:61,condition
FN:70,condition
FN:79,condition
FN:88,condition
FNF:7
FNH:7
FNDA:5,condition
FNDA:5,condition
FNDA:5,condition
FNDA:5,condition
FNDA:5,condition
FNDA:5,condition
FNDA:5,condition
DA:28,1
DA:29,1
DA:30,1
DA:31,1
DA:32,1
DA:33,1
DA:34,1
DA:35,1
DA:36,1
DA:37,1
DA:38,1
DA:39,1
DA:40,1
DA:41,1
DA:42,1
DA:43,1
DA:44,1
DA:45,1
DA:46,1
DA:47,1
DA:48,1
DA:49,1
DA:50,1
DA:51,1
DA:52,1
DA:53,1
DA:54,1
DA:55,1
DA:56,1
DA:57,1
DA:58,1
DA:59,1
DA:60,1
DA:61,1
DA:62,1
DA:63,1
DA:64,1
DA:65,1
DA:66,1
DA:67,1
DA:68,1
DA:69,1
DA:70,1
DA:71,1
DA:72,1
DA:73,1
DA:74,1
DA:75,1
DA:76,1
DA:77,1
DA:78,1
DA:79,1
DA:80,1
DA:81,1
DA:82,1
DA:83,1
DA:84,1
DA:85,1
DA:86,1
DA:87,1
DA:88,1
DA:89,1
DA:90,1
DA:91,1
DA:92,1
LF:65
LH:65
BRDA:34,0,0,5
BRDA:43,1,0,5
BRDA:52,2,0,5
BRDA:61,3,0,5
BRDA:70,4,0,5
BRDA:79,5,0,5
BRDA:79,6,0,0
BRDA:88,7,0,5
BRDA:88,8,0,0
BRF:9
BRH:7
end_of_record
TN:
SF:src\features\achievements\index.ts
FNF:0
FNH:0
DA:1,1
DA:2,1
LF:2
LH:2
BRF:0
BRH:0
end_of_record
TN:
SF:src\features\challenges\challenges.ts
FNF:0
FNH:0
DA:28,1
DA:29,1
DA:30,1
DA:31,1
DA:32,1
DA:33,1
DA:34,1
DA:35,1
DA:36,1
DA:37,1
DA:38,1
DA:39,1
DA:40,1
DA:41,1
DA:42,1
DA:43,1
DA:44,1
DA:45,1
DA:46,1
DA:47,1
DA:48,1
DA:49,1
DA:50,1
DA:51,1
DA:52,1
DA:53,1
DA:54,1
DA:55,1
DA:56,1
DA:57,1
DA:58,1
LF:31
LH:31
BRF:0
BRH:0
end_of_record
TN:
SF:src\features\challenges\index.ts
FNF:0
FNH:0
DA:1,1
DA:2,1
LF:2
LH:2
BRF:0
BRH:0
end_of_record
TN:
SF:src\features\leaderboard\index.ts
FN:1,(empty-report)
FNF:1
FNH:0
FNDA:0,(empty-report)
DA:1,0
DA:2,0
LF:2
LH:0
BRDA:1,0,0,0
BRF:1
BRH:0
end_of_record
TN:
SF:src\features\leaderboard\leaderboard.ts
FN:1,(empty-report)
FNF:1
FNH:1
FNDA:1,(empty-report)
DA:22,0
DA:24,0
DA:26,0
DA:31,0
DA:32,0
DA:33,0
DA:39,0
DA:40,0
DA:41,0
DA:42,0
DA:43,0
DA:45,0
DA:46,0
DA:49,0
DA:51,0
DA:52,0
DA:53,0
DA:59,0
DA:60,0
DA:61,0
DA:67,0
DA:68,0
DA:69,0
DA:75,0
DA:76,0
DA:77,0
DA:78,0
DA:79,0
DA:80,0
DA:81,0
DA:82,0
DA:83,0
DA:84,0
DA:85,0
DA:91,0
DA:92,0
DA:93,0
DA:94,0
DA:95,0
DA:96,0
DA:97,0
DA:102,0
DA:103,0
DA:104,0
DA:106,0
DA:107,0
DA:108,0
DA:109,0
DA:111,0
DA:112,0
DA:113,0
DA:114,0
DA:116,0
DA:118,0
DA:121,0
DA:123,0
DA:124,0
DA:125,0
DA:126,0
LF:59
LH:0
BRDA:1,0,0,1
BRF:1
BRH:1
end_of_record
TN:
SF:src\features\powerups\index.ts
FN:1,(empty-report)
FNF:1
FNH:0
FNDA:0,(empty-report)
DA:1,0
DA:2,0
LF:2
LH:0
BRDA:1,0,0,0
BRF:1
BRH:0
end_of_record
TN:
SF:src\features\powerups\powerups.ts
FN:1,(empty-report)
FNF:1
FNH:1
FNDA:1,(empty-report)
DA:40,0
DA:41,0
DA:42,0
DA:43,0
DA:44,0
DA:45,0
DA:46,0
DA:47,0
DA:48,0
DA:49,0
DA:50,0
DA:51,0
DA:52,0
DA:53,0
DA:54,0
DA:55,0
DA:56,0
DA:57,0
DA:58,0
DA:59,0
DA:60,0
DA:61,0
DA:62,0
DA:63,0
DA:64,0
DA:65,0
DA:66,0
DA:67,0
DA:68,0
DA:69,0
DA:70,0
DA:71,0
DA:77,0
DA:79,0
DA:81,0
DA:87,0
DA:88,0
DA:89,0
DA:90,0
DA:97,0
DA:98,0
DA:99,0
DA:100,0
DA:107,0
DA:108,0
DA:109,0
DA:110,0
DA:111,0
DA:113,0
DA:114,0
DA:115,0
DA:116,0
DA:118,0
DA:119,0
DA:120,0
DA:121,0
DA:126,0
DA:127,0
DA:128,0
DA:129,0
DA:130,0
DA:131,0
DA:132,0
DA:133,0
DA:134,0
DA:135,0
DA:141,0
DA:142,0
DA:143,0
DA:149,0
DA:150,0
DA:151,0
DA:152,0
DA:153,0
DA:154,0
DA:156,0
DA:157,0
DA:158,0
DA:159,0
DA:160,0
DA:161,0
DA:162,0
DA:163,0
LF:83
LH:0
BRDA:1,0,0,1
BRF:1
BRH:1
end_of_record
TN:
SF:src\models\index.ts
FN:1,(empty-report)
FNF:1
FNH:0
FNDA:0,(empty-report)
DA:1,0
DA:2,0
LF:2
LH:0
BRDA:1,0,0,0
BRF:1
BRH:0
end_of_record
TN:
SF:src\models\organismTypes.ts
FNF:0
FNH:0
DA:27,1
DA:28,1
DA:29,1
DA:30,1
DA:31,1
DA:32,1
DA:33,1
DA:34,1
DA:35,1
DA:36,1
DA:37,1
DA:38,1
DA:39,1
DA:40,1
DA:41,1
DA:42,1
DA:43,1
DA:44,1
DA:45,1
DA:46,1
DA:47,1
DA:48,1
DA:49,1
DA:50,1
DA:51,1
DA:52,1
DA:53,1
DA:54,1
DA:55,1
DA:56,1
DA:57,1
DA:58,1
DA:59,1
DA:60,1
DA:61,1
DA:62,1
DA:63,1
DA:64,1
LF:38
LH:38
BRF:0
BRH:0
end_of_record
TN:
SF:src\models\unlockables.ts
FN:93,<instance_members_initializer>
FNF:1
FNH:0
FNDA:0,<instance_members_initializer>
DA:26,1
DA:27,1
DA:28,1
DA:29,1
DA:30,1
DA:31,1
DA:32,1
DA:33,1
DA:34,1
DA:35,1
DA:36,1
DA:37,1
DA:38,1
DA:39,1
DA:40,1
DA:41,1
DA:42,1
DA:43,1
DA:44,1
DA:45,1
DA:46,1
DA:47,1
DA:48,1
DA:49,1
DA:50,1
DA:51,1
DA:52,1
DA:53,1
DA:54,1
DA:55,1
DA:56,1
DA:57,1
DA:58,1
DA:59,1
DA:60,1
DA:61,1
DA:62,1
DA:63,1
DA:64,1
DA:65,1
DA:66,1
DA:67,1
DA:68,1
DA:69,1
DA:70,1
DA:71,1
DA:72,1
DA:73,1
DA:74,1
DA:75,1
DA:76,1
DA:77,1
DA:78,1
DA:79,1
DA:80,1
DA:81,1
DA:82,1
DA:83,1
DA:84,1
DA:85,1
DA:86,1
DA:87,1
DA:93,1
DA:95,0
DA:104,0
DA:105,0
DA:107,0
DA:108,0
DA:110,0
DA:112,0
DA:113,0
DA:114,0
DA:115,0
DA:116,0
DA:117,0
DA:118,0
DA:119,0
DA:120,0
DA:121,0
DA:122,0
DA:123,0
DA:125,0
DA:126,0
DA:127,0
DA:128,0
DA:129,0
DA:131,0
DA:132,0
DA:133,0
DA:135,0
DA:136,0
DA:142,0
DA:143,0
DA:144,0
DA:151,0
DA:152,0
DA:153,0
DA:159,0
DA:160,0
DA:161,0
DA:164,0
DA:165,0
DA:166,0
DA:167,0
DA:168,0
DA:169,0
DA:170,0
DA:171,0
DA:172,0
DA:173,0
DA:174,0
DA:175,0
DA:181,0
DA:182,0
DA:183,0
DA:184,0
DA:189,0
DA:190,0
DA:195,0
DA:198,0
DA:201,0
DA:202,0
DA:203,0
DA:204,0
DA:205,0
DA:206,0
LF:126
LH:63
BRDA:93,0,0,0
BRF:1
BRH:0
end_of_record
TN:
SF:src\services\AchievementService.ts
FN:1,(empty-report)
FNF:1
FNH:0
FNDA:0,(empty-report)
DA:1,0
DA:2,0
DA:3,0
DA:4,0
DA:6,0
DA:7,0
DA:8,0
DA:9,0
LF:8
LH:0
BRDA:1,0,0,0
BRF:1
BRH:0
end_of_record
TN:
SF:src\services\SimulationService.ts
FN:1,(empty-report)
FNF:1
FNH:0
FNDA:0,(empty-report)
DA:1,0
DA:2,0
DA:3,0
DA:4,0
DA:6,0
DA:7,0
DA:8,0
DA:10,0
DA:11,0
DA:12,0
DA:13,0
LF:11
LH:0
BRDA:1,0,0,0
BRF:1
BRH:0
end_of_record
TN:
SF:src\services\StatisticsService.ts
FN:1,(empty-report)
FNF:1
FNH:0
FNDA:0,(empty-report)
DA:1,0
DA:2,0
DA:3,0
DA:4,0
DA:5,0
DA:6,0
DA:7,0
DA:9,0
DA:10,0
DA:11,0
DA:12,0
LF:11
LH:0
BRDA:1,0,0,0
BRF:1
BRH:0
end_of_record
TN:
SF:src\types\gameTypes.ts
FN:1,(empty-report)
FNF:1
FNH:1
FNDA:1,(empty-report)
LF:0
LH:0
BRDA:1,0,0,1
BRF:1
BRH:1
end_of_record
TN:
SF:src\types\index.ts
FN:1,(empty-report)
FNF:1
FNH:0
FNDA:0,(empty-report)
DA:1,0
DA:2,0
LF:2
LH:0
BRDA:1,0,0,0
BRF:1
BRH:0
end_of_record
TN:
SF:src\ui\domHelpers.ts
FN:10,getElementById
FN:20,getRequiredElementById
FN:33,updateElementText
FN:46,showNotification
FNF:4
FNH:0
FNDA:0,getElementById
FNDA:0,getRequiredElementById
FNDA:0,updateElementText
FNDA:0,showNotification
DA:10,1
DA:11,0
DA:12,0
DA:20,1
DA:21,0
DA:22,0
DA:23,0
DA:24,0
DA:25,0
DA:26,0
DA:33,1
DA:34,0
DA:35,0
DA:36,0
DA:37,0
DA:38,0
DA:46,1
DA:47,0
DA:48,0
DA:49,0
DA:51,0
DA:54,0
DA:57,0
DA:58,0
DA:59,0
DA:60,0
DA:61,0
DA:62,0
DA:63,0
DA:64,0
DA:65,0
LF:31
LH:4
BRF:0
BRH:0
end_of_record
TN:
SF:src\ui\components\BaseComponent.ts
FN:1,(empty-report)
FNF:1
FNH:1
FNDA:1,(empty-report)
DA:5,0
DA:6,0
DA:7,0
DA:9,0
DA:10,0
DA:11,0
DA:12,0
DA:13,0
DA:14,0
DA:15,0
DA:20,0
DA:21,0
DA:22,0
DA:23,0
DA:24,0
DA:26,0
DA:27,0
DA:28,0
DA:29,0
DA:34,0
DA:35,0
DA:36,0
DA:37,0
DA:39,0
DA:40,0
DA:41,0
DA:42,0
DA:47,0
DA:48,0
DA:49,0
DA:54,0
DA:56,0
DA:61,0
DA:62,0
DA:63,0
DA:64,0
DA:65,0
DA:66,0
DA:67,0
DA:72,0
DA:73,0
DA:74,0
DA:79,0
DA:81,0
DA:86,0
DA:88,0
DA:93,0
DA:95,0
DA:96,0
LF:49
LH:0
BRDA:1,0,0,1
BRF:1
BRH:1
end_of_record
TN:
SF:src\ui\components\Button.ts
FN:1,(empty-report)
FNF:1
FNH:0
FNDA:0,(empty-report)
DA:1,0
DA:17,0
DA:18,0
DA:20,0
DA:21,0
DA:22,0
DA:23,0
DA:24,0
DA:26,0
DA:27,0
DA:29,0
DA:30,0
DA:31,0
DA:33,0
DA:34,0
DA:35,0
DA:37,0
DA:38,0
DA:40,0
DA:41,0
DA:44,0
DA:45,0
DA:46,0
DA:47,0
DA:48,0
DA:51,0
DA:52,0
DA:53,0
DA:56,0
DA:57,0
DA:58,0
DA:61,0
DA:62,0
DA:63,0
DA:66,0
DA:67,0
DA:69,0
DA:70,0
DA:71,0
DA:72,0
DA:73,0
DA:74,0
DA:75,0
DA:76,0
DA:81,0
DA:82,0
DA:83,0
DA:84,0
DA:85,0
DA:90,0
DA:91,0
DA:93,0
DA:94,0
DA:95,0
DA:96,0
DA:97,0
DA:98,0
DA:99,0
DA:100,0
DA:101,0
DA:102,0
DA:104,0
DA:105,0
DA:106,0
DA:107,0
DA:108,0
LF:66
LH:0
BRDA:1,0,0,0
BRF:1
BRH:0
end_of_record
TN:
SF:src\ui\components\ComponentDemo.ts
FN:1,(empty-report)
FNF:1
FNH:0
FNDA:0,(empty-report)
DA:1,0
DA:12,0
DA:13,0
DA:15,0
DA:16,0
DA:17,0
DA:18,0
DA:20,0
DA:22,0
DA:23,0
DA:24,0
DA:30,0
DA:31,0
DA:32,0
DA:33,0
DA:34,0
DA:35,0
DA:37,0
DA:38,0
DA:40,0
DA:41,0
DA:42,0
DA:43,0
DA:45,0
DA:46,0
DA:47,0
DA:48,0
DA:49,0
DA:52,0
DA:53,0
DA:54,0
DA:55,0
DA:56,0
DA:57,0
DA:58,0
DA:59,0
DA:60,0
DA:61,0
DA:63,0
DA:64,0
DA:65,0
DA:66,0
DA:67,0
DA:68,0
DA:69,0
DA:70,0
DA:72,0
DA:73,0
DA:75,0
DA:76,0
DA:77,0
DA:79,0
DA:80,0
DA:81,0
DA:82,0
DA:84,0
DA:85,0
DA:86,0
DA:87,0
DA:88,0
DA:91,0
DA:92,0
DA:93,0
DA:94,0
DA:95,0
DA:96,0
DA:97,0
DA:98,0
DA:99,0
DA:100,0
DA:101,0
DA:102,0
DA:103,0
DA:104,0
DA:105,0
DA:106,0
DA:107,0
DA:108,0
DA:109,0
DA:110,0
DA:111,0
DA:112,0
DA:113,0
DA:114,0
DA:115,0
DA:117,0
DA:118,0
DA:119,0
DA:120,0
DA:121,0
DA:122,0
DA:123,0
DA:125,0
DA:126,0
DA:128,0
DA:129,0
DA:130,0
DA:132,0
DA:133,0
DA:134,0
DA:135,0
DA:137,0
DA:138,0
DA:139,0
DA:140,0
DA:141,0
DA:144,0
DA:145,0
DA:146,0
DA:147,0
DA:148,0
DA:149,0
DA:150,0
DA:152,0
DA:153,0
DA:154,0
DA:155,0
DA:156,0
DA:157,0
DA:158,0
DA:159,0
DA:160,0
DA:161,0
DA:163,0
DA:164,0
DA:166,0
DA:167,0
DA:168,0
DA:170,0
DA:171,0
DA:172,0
DA:173,0
DA:175,0
DA:176,0
DA:177,0
DA:178,0
DA:179,0
DA:182,0
DA:183,0
DA:184,0
DA:185,0
DA:186,0
DA:187,0
DA:188,0
DA:189,0
DA:191,0
DA:192,0
DA:194,0
DA:195,0
DA:196,0
DA:197,0
DA:198,0
DA:199,0
DA:200,0
DA:202,0
DA:203,0
DA:205,0
DA:206,0
DA:207,0
DA:209,0
DA:210,0
DA:211,0
DA:212,0
DA:214,0
DA:215,0
DA:216,0
DA:217,0
DA:220,0
DA:221,0
DA:222,0
DA:223,0
DA:224,0
DA:225,0
DA:226,0
DA:227,0
DA:228,0
DA:229,0
DA:230,0
DA:232,0
DA:235,0
DA:237,0
DA:238,0
DA:239,0
DA:240,0
DA:241,0
DA:243,0
DA:246,0
DA:248,0
DA:249,0
DA:250,0
DA:252,0
DA:253,0
DA:254,0
DA:255,0
DA:257,0
DA:258,0
DA:259,0
DA:260,0
DA:261,0
DA:264,0
DA:265,0
DA:266,0
DA:267,0
DA:268,0
DA:269,0
DA:270,0
DA:271,0
DA:272,0
DA:273,0
DA:274,0
DA:275,0
DA:277,0
DA:280,0
DA:281,0
DA:282,0
DA:283,0
DA:284,0
DA:285,0
DA:297,0
DA:298,0
DA:302,0
DA:303,0
DA:304,0
DA:305,0
DA:306,0
DA:309,0
DA:332,0
DA:333,0
DA:334,0
LF:229
LH:0
BRDA:1,0,0,0
BRF:1
BRH:0
end_of_record
TN:
SF:src\ui\components\ComponentFactory.ts
FN:1,(empty-report)
FNF:1
FNH:0
FNDA:0,(empty-report)
DA:1,0
DA:17,0
DA:18,0
DA:23,0
DA:24,0
DA:25,0
DA:26,0
DA:27,0
DA:28,0
DA:29,0
DA:34,0
DA:35,0
DA:36,0
DA:37,0
DA:38,0
DA:39,0
DA:40,0
DA:45,0
DA:46,0
DA:47,0
DA:48,0
DA:49,0
DA:50,0
DA:51,0
DA:56,0
DA:57,0
DA:58,0
DA:59,0
DA:60,0
DA:61,0
DA:62,0
DA:67,0
DA:68,0
DA:69,0
DA:70,0
DA:71,0
DA:72,0
DA:73,0
DA:78,0
DA:79,0
DA:80,0
DA:85,0
DA:86,0
DA:87,0
DA:88,0
DA:89,0
DA:90,0
DA:91,0
DA:92,0
DA:93,0
DA:98,0
DA:99,0
DA:100,0
DA:101,0
DA:106,0
DA:107,0
DA:108,0
DA:109,0
DA:115,0
DA:116,0
DA:121,0
DA:122,0
DA:123,0
DA:126,0
DA:127,0
DA:128,0
DA:129,0
DA:130,0
DA:131,0
DA:136,0
DA:137,0
DA:138,0
DA:143,0
DA:144,0
DA:145,0
DA:147,0
DA:148,0
DA:149,0
DA:150,0
DA:151,0
DA:152,0
DA:153,0
DA:154,0
DA:156,0
DA:157,0
DA:158,0
DA:159,0
DA:160,0
DA:161,0
DA:162,0
DA:163,0
DA:168,0
DA:170,0
DA:172,0
DA:173,0
DA:174,0
DA:176,0
DA:177,0
DA:178,0
DA:181,0
DA:182,0
DA:183,0
DA:184,0
DA:185,0
DA:186,0
DA:187,0
DA:192,0
DA:193,0
DA:194,0
DA:195,0
DA:201,0
DA:205,0
DA:206,0
DA:207,0
DA:208,0
DA:209,0
DA:210,0
DA:211,0
DA:212,0
DA:213,0
DA:215,0
DA:216,0
DA:218,0
DA:219,0
DA:220,0
DA:221,0
DA:226,0
DA:227,0
DA:228,0
DA:229,0
DA:231,0
DA:232,0
DA:234,0
DA:235,0
DA:236,0
DA:237,0
DA:238,0
DA:239,0
DA:240,0
DA:241,0
DA:242,0
DA:243,0
DA:244,0
DA:245,0
DA:246,0
DA:247,0
DA:248,0
DA:250,0
DA:253,0
DA:254,0
DA:255,0
DA:256,0
DA:261,0
DA:262,0
DA:263,0
DA:268,0
DA:269,0
DA:270,0
DA:271,0
DA:274,0
DA:275,0
DA:276,0
LF:162
LH:0
BRDA:1,0,0,0
BRF:1
BRH:0
end_of_record
TN:
SF:src\ui\components\ControlPanelComponent.ts
FN:1,(empty-report)
FNF:1
FNH:0
FNDA:0,(empty-report)
DA:1,0
DA:17,0
DA:18,0
DA:19,0
DA:20,0
DA:21,0
DA:23,0
DA:24,0
DA:25,0
DA:26,0
DA:27,0
DA:28,0
DA:30,0
DA:31,0
DA:32,0
DA:33,0
DA:35,0
DA:36,0
DA:39,0
DA:40,0
DA:41,0
DA:42,0
DA:44,0
DA:45,0
DA:46,0
DA:47,0
DA:49,0
DA:50,0
DA:51,0
DA:52,0
DA:53,0
DA:56,0
DA:57,0
DA:58,0
DA:59,0
DA:60,0
DA:61,0
DA:64,0
DA:65,0
DA:66,0
DA:67,0
DA:68,0
DA:69,0
DA:71,0
DA:72,0
DA:74,0
DA:75,0
DA:76,0
DA:78,0
DA:79,0
DA:80,0
DA:81,0
DA:83,0
DA:84,0
DA:85,0
DA:86,0
DA:87,0
DA:90,0
DA:91,0
DA:92,0
DA:93,0
DA:94,0
DA:95,0
DA:96,0
DA:99,0
DA:100,0
DA:101,0
DA:103,0
DA:104,0
DA:105,0
DA:106,0
DA:108,0
DA:109,0
DA:110,0
DA:111,0
DA:113,0
DA:114,0
DA:116,0
DA:117,0
DA:118,0
DA:120,0
DA:121,0
DA:122,0
DA:123,0
DA:125,0
DA:126,0
DA:127,0
DA:128,0
DA:131,0
DA:132,0
DA:133,0
DA:134,0
DA:135,0
DA:136,0
DA:137,0
DA:138,0
DA:139,0
DA:140,0
DA:141,0
DA:143,0
DA:145,0
DA:146,0
DA:147,0
DA:149,0
DA:150,0
DA:153,0
DA:154,0
DA:155,0
DA:156,0
DA:157,0
DA:158,0
DA:159,0
DA:160,0
DA:163,0
DA:164,0
DA:165,0
DA:166,0
DA:167,0
DA:168,0
DA:170,0
DA:171,0
DA:174,0
DA:175,0
DA:176,0
DA:177,0
DA:178,0
DA:179,0
DA:180,0
DA:181,0
DA:183,0
DA:184,0
DA:185,0
DA:186,0
DA:191,0
DA:192,0
DA:193,0
DA:194,0
DA:195,0
DA:200,0
DA:201,0
DA:202,0
DA:207,0
DA:208,0
DA:210,0
DA:211,0
DA:212,0
DA:213,0
DA:215,0
DA:216,0
DA:217,0
DA:218,0
DA:219,0
DA:220,0
LF:153
LH:0
BRDA:1,0,0,0
BRF:1
BRH:0
end_of_record
TN:
SF:src\ui\components\Input.ts
FN:1,(empty-report)
FNF:1
FNH:0
FNDA:0,(empty-report)
DA:1,0
DA:26,0
DA:27,0
DA:28,0
DA:29,0
DA:30,0
DA:31,0
DA:33,0
DA:34,0
DA:35,0
DA:36,0
DA:37,0
DA:39,0
DA:41,0
DA:42,0
DA:43,0
DA:46,0
DA:47,0
DA:50,0
DA:51,0
DA:52,0
DA:55,0
DA:58,0
DA:60,0
DA:61,0
DA:64,0
DA:65,0
DA:66,0
DA:67,0
DA:69,0
DA:70,0
DA:71,0
DA:72,0
DA:75,0
DA:76,0
DA:77,0
DA:80,0
DA:81,0
DA:82,0
DA:84,0
DA:85,0
DA:87,0
DA:88,0
DA:89,0
DA:91,0
DA:92,0
DA:93,0
DA:95,0
DA:96,0
DA:97,0
DA:99,0
DA:100,0
DA:102,0
DA:103,0
DA:104,0
DA:105,0
DA:106,0
DA:107,0
DA:108,0
DA:109,0
DA:111,0
DA:112,0
DA:113,0
DA:114,0
DA:116,0
DA:117,0
DA:118,0
DA:120,0
DA:121,0
DA:122,0
DA:124,0
DA:125,0
DA:126,0
DA:128,0
DA:129,0
DA:130,0
DA:132,0
DA:133,0
DA:134,0
DA:136,0
DA:137,0
DA:138,0
DA:140,0
DA:141,0
DA:142,0
DA:144,0
DA:145,0
DA:146,0
DA:147,0
DA:149,0
DA:150,0
DA:151,0
DA:152,0
DA:153,0
DA:154,0
DA:155,0
DA:157,0
DA:158,0
DA:159,0
DA:160,0
DA:161,0
DA:162,0
DA:164,0
DA:165,0
DA:166,0
DA:167,0
DA:168,0
DA:169,0
DA:170,0
DA:171,0
DA:173,0
DA:174,0
DA:175,0
DA:176,0
DA:181,0
DA:182,0
DA:183,0
DA:188,0
DA:189,0
DA:190,0
DA:191,0
DA:196,0
DA:197,0
DA:199,0
DA:200,0
DA:201,0
DA:203,0
DA:204,0
DA:205,0
DA:210,0
DA:211,0
DA:212,0
DA:217,0
DA:218,0
DA:219,0
DA:224,0
DA:225,0
DA:226,0
DA:231,0
DA:232,0
DA:233,0
DA:234,0
DA:235,0
DA:237,0
DA:240,0
DA:241,0
LF:146
LH:0
BRDA:1,0,0,0
BRF:1
BRH:0
end_of_record
TN:
SF:src\ui\components\MemoryPanelComponent.ts
FN:1,(empty-report)
FNF:1
FNH:0
FNDA:0,(empty-report)
DA:1,0
DA:7,0
DA:8,0
DA:9,0
DA:10,0
DA:11,0
DA:13,0
DA:14,0
DA:15,0
DA:16,0
DA:19,0
DA:20,0
DA:21,0
DA:22,0
DA:23,0
DA:24,0
DA:29,0
DA:31,0
DA:32,0
DA:35,0
DA:36,0
DA:37,0
DA:38,0
DA:41,0
DA:42,0
DA:43,0
DA:83,0
DA:84,0
DA:86,0
DA:87,0
DA:92,0
DA:93,0
DA:94,0
DA:95,0
DA:96,0
DA:98,0
DA:99,0
DA:100,0
DA:101,0
DA:104,0
DA:105,0
DA:106,0
DA:107,0
DA:112,0
DA:113,0
DA:114,0
DA:115,0
DA:117,0
DA:118,0
DA:123,0
DA:124,0
DA:125,0
DA:126,0
DA:127,0
DA:128,0
DA:129,0
DA:130,0
DA:131,0
DA:132,0
DA:133,0
DA:134,0
DA:139,0
DA:141,0
DA:142,0
DA:143,0
DA:148,0
DA:149,0
DA:150,0
DA:151,0
DA:153,0
DA:154,0
DA:155,0
DA:156,0
DA:157,0
DA:159,0
DA:160,0
DA:161,0
DA:162,0
DA:163,0
DA:164,0
DA:169,0
DA:170,0
DA:171,0
DA:172,0
DA:174,0
DA:175,0
DA:176,0
DA:177,0
DA:178,0
DA:183,0
DA:184,0
DA:185,0
DA:186,0
DA:187,0
DA:188,0
DA:193,0
DA:194,0
DA:195,0
DA:198,0
DA:199,0
DA:200,0
DA:201,0
DA:202,0
DA:205,0
DA:206,0
DA:207,0
DA:210,0
DA:211,0
DA:212,0
DA:213,0
DA:214,0
DA:217,0
DA:218,0
DA:219,0
DA:220,0
DA:221,0
DA:222,0
DA:225,0
DA:226,0
DA:227,0
DA:228,0
DA:231,0
DA:232,0
DA:233,0
DA:234,0
DA:235,0
DA:236,0
DA:237,0
DA:238,0
DA:239,0
DA:240,0
DA:241,0
DA:242,0
DA:247,0
DA:248,0
DA:249,0
DA:250,0
DA:251,0
DA:254,0
DA:255,0
DA:260,0
DA:261,0
DA:262,0
DA:263,0
DA:264,0
DA:265,0
DA:270,0
DA:271,0
DA:272,0
DA:273,0
DA:274,0
DA:275,0
DA:276,0
DA:281,0
DA:282,0
DA:283,0
DA:284,0
DA:285,0
DA:286,0
LF:159
LH:0
BRDA:1,0,0,0
BRF:1
BRH:0
end_of_record
TN:
SF:src\ui\components\Modal.ts
FN:1,(empty-report)
FNF:1
FNH:0
FNDA:0,(empty-report)
DA:1,0
DA:18,0
DA:19,0
DA:20,0
DA:21,0
DA:22,0
DA:23,0
DA:24,0
DA:26,0
DA:27,0
DA:28,0
DA:29,0
DA:30,0
DA:32,0
DA:34,0
DA:35,0
DA:36,0
DA:37,0
DA:38,0
DA:39,0
DA:42,0
DA:43,0
DA:44,0
DA:47,0
DA:48,0
DA:49,0
DA:52,0
DA:53,0
DA:54,0
DA:57,0
DA:58,0
DA:59,0
DA:62,0
DA:63,0
DA:65,0
DA:66,0
DA:67,0
DA:70,0
DA:71,0
DA:72,0
DA:73,0
DA:74,0
DA:75,0
DA:76,0
DA:79,0
DA:80,0
DA:81,0
DA:82,0
DA:83,0
DA:84,0
DA:85,0
DA:86,0
DA:88,0
DA:89,0
DA:91,0
DA:92,0
DA:93,0
DA:94,0
DA:95,0
DA:97,0
DA:98,0
DA:99,0
DA:100,0
DA:103,0
DA:104,0
DA:105,0
DA:106,0
DA:108,0
DA:109,0
DA:110,0
DA:111,0
DA:113,0
DA:114,0
DA:116,0
DA:117,0
DA:118,0
DA:119,0
DA:120,0
DA:121,0
DA:122,0
DA:123,0
DA:124,0
DA:125,0
DA:126,0
DA:127,0
DA:132,0
DA:133,0
DA:136,0
DA:139,0
DA:140,0
DA:143,0
DA:146,0
DA:147,0
DA:148,0
DA:149,0
DA:151,0
DA:152,0
DA:153,0
DA:154,0
DA:157,0
DA:158,0
DA:159,0
DA:160,0
DA:165,0
DA:166,0
DA:168,0
DA:169,0
DA:172,0
DA:175,0
DA:176,0
DA:177,0
DA:180,0
DA:181,0
DA:182,0
DA:183,0
DA:188,0
DA:189,0
DA:190,0
DA:191,0
DA:192,0
DA:193,0
DA:194,0
DA:199,0
DA:200,0
DA:201,0
DA:206,0
DA:207,0
DA:208,0
DA:213,0
DA:214,0
DA:215,0
DA:217,0
DA:218,0
DA:219,0
DA:220,0
DA:222,0
DA:223,0
DA:224,0
DA:225,0
DA:227,0
DA:228,0
DA:229,0
DA:230,0
DA:231,0
DA:232,0
LF:145
LH:0
BRDA:1,0,0,0
BRF:1
BRH:0
end_of_record
TN:
SF:src\ui\components\NotificationComponent.ts
FN:1,(empty-report)
FNF:1
FNH:0
FNDA:0,(empty-report)
DA:1,0
DA:3,0
DA:4,0
DA:6,0
DA:7,0
DA:8,0
DA:9,0
DA:10,0
DA:12,0
DA:13,0
DA:14,0
DA:15,0
DA:17,0
DA:20,0
DA:23,0
DA:24,0
DA:25,0
DA:26,0
DA:27,0
DA:28,0
DA:29,0
DA:30,0
DA:31,0
DA:32,0
LF:24
LH:0
BRDA:1,0,0,0
BRF:1
BRH:0
end_of_record
TN:
SF:src\ui\components\Panel.ts
FN:1,(empty-report)
FNF:1
FNH:0
FNDA:0,(empty-report)
DA:1,0
DA:17,0
DA:18,0
DA:19,0
DA:20,0
DA:21,0
DA:23,0
DA:24,0
DA:25,0
DA:26,0
DA:27,0
DA:29,0
DA:31,0
DA:32,0
DA:33,0
DA:36,0
DA:37,0
DA:38,0
DA:41,0
DA:42,0
DA:43,0
DA:44,0
DA:46,0
DA:47,0
DA:48,0
DA:51,0
DA:52,0
DA:53,0
DA:54,0
DA:55,0
DA:56,0
DA:59,0
DA:60,0
DA:63,0
DA:64,0
DA:65,0
DA:66,0
DA:67,0
DA:68,0
DA:69,0
DA:70,0
DA:73,0
DA:74,0
DA:75,0
DA:76,0
DA:77,0
DA:78,0
DA:79,0
DA:80,0
DA:82,0
DA:83,0
DA:84,0
DA:86,0
DA:87,0
DA:89,0
DA:90,0
DA:91,0
DA:93,0
DA:94,0
DA:95,0
DA:96,0
DA:97,0
DA:98,0
DA:100,0
DA:101,0
DA:102,0
DA:103,0
DA:105,0
DA:106,0
DA:107,0
DA:108,0
DA:109,0
DA:110,0
DA:111,0
DA:116,0
DA:117,0
DA:118,0
DA:119,0
DA:120,0
DA:121,0
DA:122,0
DA:127,0
DA:128,0
DA:129,0
DA:134,0
DA:135,0
DA:136,0
DA:141,0
DA:142,0
DA:143,0
DA:144,0
DA:145,0
DA:146,0
DA:147,0
DA:148,0
DA:149,0
DA:154,0
DA:155,0
DA:156,0
DA:158,0
DA:159,0
DA:160,0
DA:161,0
LF:103
LH:0
BRDA:1,0,0,0
BRF:1
BRH:0
end_of_record
TN:
SF:src\ui\components\StatsPanelComponent.ts
FN:1,(empty-report)
FNF:1
FNH:1
FNDA:1,(empty-report)
DA:2,0
DA:3,0
DA:5,0
DA:6,0
DA:7,0
DA:8,0
DA:9,0
DA:10,0
DA:11,0
DA:13,0
DA:14,0
DA:15,0
DA:16,0
LF:13
LH:0
BRDA:1,0,0,1
BRF:1
BRH:1
end_of_record
TN:
SF:src\ui\components\Toggle.ts
FN:1,(empty-report)
FNF:1
FNH:0
FNDA:0,(empty-report)
DA:1,0
DA:17,0
DA:18,0
DA:19,0
DA:20,0
DA:22,0
DA:23,0
DA:24,0
DA:25,0
DA:26,0
DA:28,0
DA:29,0
DA:31,0
DA:32,0
DA:33,0
DA:35,0
DA:36,0
DA:37,0
DA:39,0
DA:40,0
DA:42,0
DA:44,0
DA:45,0
DA:46,0
DA:49,0
DA:50,0
DA:53,0
DA:56,0
DA:57,0
DA:60,0
DA:61,0
DA:62,0
DA:63,0
DA:64,0
DA:67,0
DA:68,0
DA:69,0
DA:72,0
DA:75,0
DA:76,0
DA:78,0
DA:79,0
DA:80,0
DA:81,0
DA:83,0
DA:84,0
DA:85,0
DA:86,0
DA:87,0
DA:88,0
DA:90,0
DA:91,0
DA:92,0
DA:93,0
DA:94,0
DA:96,0
DA:97,0
DA:98,0
DA:99,0
DA:101,0
DA:102,0
DA:103,0
DA:104,0
DA:106,0
DA:107,0
DA:108,0
DA:109,0
DA:111,0
DA:112,0
DA:113,0
DA:114,0
DA:116,0
DA:117,0
DA:118,0
DA:120,0
DA:121,0
DA:122,0
DA:125,0
DA:126,0
DA:127,0
DA:128,0
DA:129,0
DA:130,0
DA:131,0
DA:136,0
DA:137,0
DA:138,0
DA:143,0
DA:144,0
DA:145,0
DA:146,0
DA:147,0
DA:152,0
DA:153,0
DA:155,0
DA:156,0
DA:157,0
DA:158,0
DA:163,0
DA:164,0
DA:165,0
DA:166,0
DA:167,0
DA:172,0
DA:173,0
DA:174,0
DA:176,0
DA:177,0
DA:178,0
DA:179,0
LF:110
LH:0
BRDA:1,0,0,0
BRF:1
BRH:0
end_of_record
TN:
SF:src\ui\components\example-integration.ts
FN:1,(empty-report)
FNF:1
FNH:0
FNDA:0,(empty-report)
DA:1,0
DA:8,0
DA:10,0
DA:13,0
DA:14,0
DA:15,0
DA:16,0
DA:17,0
DA:18,0
DA:19,0
DA:20,0
DA:21,0
DA:24,0
DA:25,0
DA:26,0
DA:27,0
DA:28,0
DA:29,0
DA:30,0
DA:31,0
DA:34,0
DA:35,0
DA:38,0
DA:39,0
DA:40,0
DA:41,0
DA:42,0
DA:43,0
DA:44,0
DA:45,0
DA:46,0
DA:48,0
DA:51,0
DA:52,0
DA:53,0
DA:54,0
DA:55,0
DA:57,0
DA:58,0
DA:59,0
DA:60,0
DA:61,0
DA:63,0
DA:64,0
DA:65,0
DA:66,0
DA:67,0
DA:68,0
DA:70,0
DA:71,0
DA:73,0
DA:76,0
DA:77,0
DA:79,0
DA:80,0
DA:81,0
DA:82,0
DA:83,0
DA:84,0
DA:86,0
DA:87,0
DA:90,0
DA:91,0
DA:92,0
DA:93,0
DA:94,0
DA:95,0
DA:96,0
DA:97,0
DA:98,0
DA:100,0
DA:103,0
DA:105,0
DA:106,0
DA:107,0
DA:108,0
DA:110,0
DA:111,0
DA:112,0
DA:113,0
DA:115,0
DA:116,0
DA:118,0
DA:120,0
DA:121,0
DA:124,0
DA:126,0
DA:127,0
DA:128,0
DA:130,0
DA:131,0
DA:132,0
LF:92
LH:0
BRDA:1,0,0,0
BRF:1
BRH:0
end_of_record
TN:
SF:src\ui\components\index.ts
FN:1,(empty-report)
FNF:1
FNH:0
FNDA:0,(empty-report)
DA:1,0
DA:2,0
DA:3,0
DA:4,0
DA:5,0
DA:6,0
DA:7,0
DA:8,0
DA:9,0
DA:10,0
DA:11,0
DA:14,0
LF:12
LH:0
BRDA:1,0,0,0
BRF:1
BRH:0
end_of_record
TN:
SF:src\utils\index.ts
FN:1,(empty-report)
FNF:1
FNH:0
FNDA:0,(empty-report)
DA:1,0
DA:2,0
DA:3,0
DA:4,0
DA:5,0
DA:6,0
LF:6
LH:0
BRDA:1,0,0,0
BRF:1
BRH:0
end_of_record
TN:
SF:src\utils\canvas\canvasManager.ts
FN:1,(empty-report)
FNF:1
FNH:0
FNDA:0,(empty-report)
DA:1,0
DA:2,0
DA:3,0
DA:4,0
DA:6,0
DA:7,0
DA:8,0
DA:15,0
DA:16,0
DA:17,0
DA:18,0
DA:20,0
DA:21,0
DA:22,0
DA:23,0
DA:24,0
DA:26,0
DA:27,0
DA:28,0
DA:29,0
DA:36,0
DA:37,0
DA:38,0
DA:39,0
DA:40,0
DA:41,0
DA:42,0
DA:48,0
DA:49,0
DA:50,0
DA:51,0
DA:56,0
DA:57,0
DA:58,0
DA:60,0
DA:61,0
DA:62,0
DA:63,0
DA:64,0
DA:65,0
LF:40
LH:0
BRDA:1,0,0,0
BRF:1
BRH:0
end_of_record
TN:
SF:src\utils\canvas\canvasUtils.ts
FN:24,<instance_members_initializer>
FN:28,CanvasUtils
FN:54,clear
FN:70,drawGrid
FN:101,drawPlacementInstructions
FN:140,drawPreviewOrganism
FN:171,getMouseCoordinates
FNF:7
FNH:7
FNDA:32,<instance_members_initializer>
FNDA:32,CanvasUtils
FNDA:37,clear
FNDA:38,drawGrid
FNDA:28,drawPlacementInstructions
FNDA:2,drawPreviewOrganism
FNDA:4,getMouseCoordinates
DA:1,1
DA:10,1
DA:11,1
DA:12,1
DA:13,1
DA:14,1
DA:15,1
DA:16,1
DA:17,1
DA:18,1
DA:24,1
DA:25,32
DA:26,32
DA:28,32
DA:29,32
DA:30,32
DA:31,0
DA:32,0
DA:34,32
DA:36,32
DA:37,32
DA:38,0
DA:39,0
DA:40,32
DA:41,32
DA:42,0
DA:43,0
DA:44,0
DA:45,0
DA:46,0
DA:47,0
DA:48,0
DA:49,32
DA:54,32
DA:55,37
DA:56,37
DA:57,37
DA:58,37
DA:59,0
DA:60,0
DA:61,0
DA:62,0
DA:63,0
DA:64,0
DA:65,37
DA:70,32
DA:71,38
DA:72,38
DA:73,38
DA:74,38
DA:77,38
DA:78,182
DA:79,182
DA:80,182
DA:83,38
DA:84,146
DA:85,146
DA:86,146
DA:88,38
DA:89,38
DA:90,0
DA:91,0
DA:92,0
DA:93,0
DA:94,0
DA:95,0
DA:96,38
DA:101,32
DA:102,28
DA:103,28
DA:104,28
DA:107,28
DA:108,28
DA:109,28
DA:110,28
DA:111,28
DA:112,28
DA:113,28
DA:114,28
DA:117,28
DA:118,28
DA:119,28
DA:120,28
DA:121,28
DA:122,28
DA:123,28
DA:124,28
DA:125,0
DA:126,0
DA:127,0
DA:128,0
DA:129,0
DA:130,0
DA:131,28
DA:140,32
DA:141,2
DA:142,2
DA:143,0
DA:144,0
DA:146,2
DA:147,0
DA:148,0
DA:150,2
DA:151,2
DA:152,2
DA:153,2
DA:154,2
DA:155,2
DA:156,2
DA:157,2
DA:158,0
DA:159,0
DA:160,0
DA:161,0
DA:162,0
DA:163,0
DA:164,2
DA:171,32
DA:172,4
DA:173,4
DA:174,0
DA:175,0
DA:177,4
DA:178,4
DA:179,4
DA:180,4
DA:181,4
DA:182,4
DA:183,2
DA:184,2
DA:185,2
DA:186,2
DA:187,2
DA:189,2
DA:190,2
DA:191,4
DA:192,32
LF:137
LH:96
BRDA:24,0,0,32
BRDA:28,1,0,32
BRDA:30,2,0,0
BRDA:37,3,0,0
BRDA:41,4,0,0
BRDA:54,5,0,37
BRDA:58,6,0,0
BRDA:70,7,0,38
BRDA:77,8,0,182
BRDA:83,9,0,146
BRDA:89,10,0,0
BRDA:101,11,0,28
BRDA:124,12,0,0
BRDA:140,13,0,2
BRDA:142,14,0,0
BRDA:146,15,0,0
BRDA:157,16,0,0
BRDA:171,17,0,4
BRDA:173,18,0,0
BRDA:182,19,0,2
BRDA:184,20,0,0
BRF:21
BRH:10
end_of_record
TN:
SF:src\utils\game\gameStateManager.ts
FN:1,(empty-report)
FNF:1
FNH:1
FNDA:1,(empty-report)
DA:10,0
DA:11,0
DA:12,0
DA:13,0
DA:15,0
DA:16,0
DA:17,0
DA:18,0
DA:19,0
DA:20,0
DA:21,0
DA:22,0
DA:23,0
DA:30,0
DA:32,0
DA:35,0
DA:38,0
DA:39,0
DA:40,0
DA:41,0
DA:42,0
DA:45,0
DA:46,0
DA:47,0
DA:48,0
DA:54,0
DA:55,0
DA:56,0
DA:57,0
DA:58,0
DA:59,0
DA:60,0
DA:63,0
DA:64,0
DA:70,0
DA:71,0
DA:72,0
DA:79,0
DA:80,0
DA:81,0
DA:82,0
DA:83,0
LF:42
LH:0
BRDA:1,0,0,1
BRF:1
BRH:1
end_of_record
TN:
SF:src\utils\game\stateManager.ts
FN:1,(empty-report)
FNF:1
FNH:0
FNDA:0,(empty-report)
DA:1,0
DA:14,0
DA:15,0
DA:17,0
DA:18,0
DA:19,0
DA:21,0
DA:22,0
DA:23,0
DA:25,0
DA:26,0
DA:27,0
DA:28,0
DA:30,0
DA:31,0
DA:32,0
DA:34,0
DA:35,0
DA:36,0
DA:37,0
DA:39,0
DA:40,0
DA:41,0
DA:42,0
DA:43,0
DA:44,0
DA:45,0
LF:27
LH:0
BRDA:1,0,0,0
BRF:1
BRH:0
end_of_record
TN:
SF:src\utils\game\statisticsManager.ts
FN:13,updateAllStats
FN:44,updatePopulationDensity
FN:58,updatePopulationStability
FN:67,updateAchievementCount
FNF:4
FNH:4
FNDA:9,updateAllStats
FNDA:9,updatePopulationDensity
FNDA:9,updatePopulationStability
FNDA:9,updateAchievementCount
DA:1,1
DA:8,1
DA:13,1
DA:17,9
DA:19,9
DA:20,9
DA:21,9
DA:24,9
DA:25,9
DA:28,9
DA:29,9
DA:32,9
DA:33,9
DA:36,9
DA:37,9
DA:38,9
DA:44,1
DA:45,9
DA:46,9
DA:47,8
DA:48,8
DA:49,8
DA:50,8
DA:51,9
DA:58,1
DA:59,9
DA:60,9
DA:61,9
DA:67,1
DA:68,9
DA:69,9
DA:70,9
DA:71,1
LF:33
LH:33
BRDA:13,0,0,9
BRDA:44,1,0,9
BRDA:46,2,0,8
BRDA:58,3,0,9
BRDA:59,4,0,2
BRDA:59,5,0,7
BRDA:67,6,0,9
BRDA:68,7,0,7
BRF:8
BRH:8
end_of_record
TN:
SF:src\utils\memory\cacheOptimizedStructures.ts
FN:9,<instance_members_initializer>
FN:29,OrganismSoA
FN:37,allocateArrays
FN:48,resize
FN:78,registerOrganismType
FN:93,addOrganism
FN:114,removeOrganism
FN:135,updatePosition
FN:145,updateAge
FN:154,markReproduced
FN:163,getOrganismType
FN:175,canReproduce
FN:189,shouldDie
FN:202,getOrganism
FN:218,fromOrganismArray
FN:241,toOrganismArray
FN:257,clear
FN:264,getSize
FN:271,getCapacity
FN:278,getMemoryUsage
FN:295,compact
FN:326,batchUpdate
FN:369,getStats
FNF:23
FNH:3
FNDA:22,<instance_members_initializer>
FNDA:22,OrganismSoA
FNDA:22,allocateArrays
FNDA:0,resize
FNDA:0,registerOrganismType
FNDA:0,addOrganism
FNDA:0,removeOrganism
FNDA:0,updatePosition
FNDA:0,updateAge
FNDA:0,markReproduced
FNDA:0,getOrganismType
FNDA:0,canReproduce
FNDA:0,shouldDie
FNDA:0,getOrganism
FNDA:0,fromOrganismArray
FNDA:0,toOrganismArray
FNDA:0,clear
FNDA:0,getSize
FNDA:0,getCapacity
FNDA:0,getMemoryUsage
FNDA:0,compact
FNDA:0,batchUpdate
FNDA:0,getStats
DA:1,1
DA:9,1
DA:11,22
DA:12,22
DA:15,22
DA:16,22
DA:19,22
DA:22,22
DA:23,22
DA:26,22
DA:27,22
DA:29,22
DA:30,22
DA:31,22
DA:32,22
DA:37,22
DA:38,22
DA:39,22
DA:40,22
DA:41,22
DA:42,22
DA:43,22
DA:48,22
DA:49,0
DA:52,0
DA:53,0
DA:54,0
DA:55,0
DA:56,0
DA:59,0
DA:60,0
DA:61,0
DA:62,0
DA:63,0
DA:66,0
DA:67,0
DA:68,0
DA:69,0
DA:70,0
DA:72,0
DA:73,0
DA:78,22
DA:79,0
DA:80,0
DA:81,0
DA:83,0
DA:84,0
DA:85,0
DA:87,0
DA:88,0
DA:93,22
DA:94,0
DA:95,0
DA:96,0
DA:98,0
DA:99,0
DA:101,0
DA:102,0
DA:103,0
DA:104,0
DA:105,0
DA:107,0
DA:108,0
DA:109,0
DA:114,22
DA:115,0
DA:116,0
DA:117,0
DA:120,0
DA:121,0
DA:122,0
DA:123,0
DA:124,0
DA:125,0
DA:126,0
DA:127,0
DA:129,0
DA:130,0
DA:135,22
DA:136,0
DA:137,0
DA:138,0
DA:139,0
DA:140,0
DA:145,22
DA:146,0
DA:147,0
DA:148,0
DA:149,0
DA:154,22
DA:155,0
DA:156,0
DA:157,0
DA:158,0
DA:163,22
DA:164,0
DA:165,0
DA:166,0
DA:168,0
DA:169,0
DA:170,0
DA:175,22
DA:176,0
DA:177,0
DA:178,0
DA:180,0
DA:181,0
DA:182,0
DA:183,0
DA:184,0
DA:189,22
DA:190,0
DA:191,0
DA:192,0
DA:194,0
DA:195,0
DA:196,0
DA:197,0
DA:202,22
DA:203,0
DA:204,0
DA:205,0
DA:207,0
DA:208,0
DA:209,0
DA:210,0
DA:212,0
DA:213,0
DA:218,22
DA:219,0
DA:222,0
DA:223,0
DA:224,0
DA:225,0
DA:227,0
DA:228,0
DA:229,0
DA:230,0
DA:231,0
DA:232,0
DA:233,0
DA:234,0
DA:235,0
DA:236,0
DA:241,22
DA:242,0
DA:244,0
DA:245,0
DA:246,0
DA:247,0
DA:248,0
DA:249,0
DA:251,0
DA:252,0
DA:257,22
DA:258,0
DA:259,0
DA:264,22
DA:265,0
DA:266,0
DA:271,22
DA:272,0
DA:273,0
DA:278,22
DA:279,0
DA:280,0
DA:281,0
DA:282,0
DA:283,0
DA:284,0
DA:287,0
DA:289,0
DA:290,0
DA:295,22
DA:296,0
DA:297,0
DA:299,0
DA:300,0
DA:301,0
DA:302,0
DA:303,0
DA:306,0
DA:307,0
DA:308,0
DA:309,0
DA:310,0
DA:312,0
DA:313,0
DA:314,0
DA:315,0
DA:316,0
DA:318,0
DA:319,0
DA:320,0
DA:326,22
DA:329,0
DA:330,0
DA:331,0
DA:334,0
DA:335,0
DA:336,0
DA:339,0
DA:340,0
DA:341,0
DA:342,0
DA:345,0
DA:346,0
DA:347,0
DA:348,0
DA:349,0
DA:350,0
DA:353,0
DA:354,0
DA:355,0
DA:356,0
DA:358,0
DA:359,0
DA:360,0
DA:361,0
DA:363,0
DA:364,0
DA:369,22
DA:375,0
DA:376,0
DA:377,0
DA:378,0
DA:379,0
DA:380,0
DA:381,0
DA:382,0
DA:383,0
DA:384,22
LF:232
LH:43
BRDA:9,0,0,22
BRDA:29,1,0,22
BRDA:37,2,0,22
BRF:3
BRH:3
end_of_record
TN:
SF:src\utils\memory\index.ts
FNF:0
FNH:0
DA:1,1
LF:1
LH:1
BRF:0
BRH:0
end_of_record
TN:
SF:src\utils\memory\lazyLoader.ts
FN:29,<static_initializer>
FN:37,LazyLoader
FN:54,getInstance
FN:64,register
FN:72,load
FN:148,preload
FN:172,unload
FN:189,isLoaded
FN:197,getData
FN:209,loadDependencies
FN:217,performLoad
FN:225,updateLoadOrder
FN:233,removeFromLoadOrder
FN:243,evictLeastRecentlyUsed
FN:264,clearAll
FN:281,getStats
FN:305,getRegisteredIds
FN:312,getLoadedIds
FN:322,<instance_members_initializer>
FN:325,UnlockableOrganismLazyLoader
FN:332,registerUnlockableOrganism
FN:348,loadOrganism
FN:355,preloadOrganisms
FN:363,isOrganismLoaded
FN:370,getOrganismData
FN:377,unloadOrganism
FNF:26
FNH:5
FNDA:6,<static_initializer>
FNDA:3,LazyLoader
FNDA:6,getInstance
FNDA:0,register
FNDA:0,load
FNDA:0,preload
FNDA:0,unload
FNDA:0,isLoaded
FNDA:0,getData
FNDA:0,loadDependencies
FNDA:0,performLoad
FNDA:0,updateLoadOrder
FNDA:0,removeFromLoadOrder
FNDA:0,evictLeastRecentlyUsed
FNDA:0,clearAll
FNDA:0,getStats
FNDA:0,getRegisteredIds
FNDA:0,getLoadedIds
FNDA:3,<instance_members_initializer>
FNDA:3,UnlockableOrganismLazyLoader
FNDA:0,registerUnlockableOrganism
FNDA:0,loadOrganism
FNDA:0,preloadOrganisms
FNDA:0,isOrganismLoaded
FNDA:0,getOrganismData
FNDA:0,unloadOrganism
DA:1,1
DA:29,1
DA:30,6
DA:31,6
DA:32,6
DA:33,6
DA:34,6
DA:35,6
DA:37,6
DA:38,3
DA:41,3
DA:42,0
DA:43,0
DA:44,0
DA:45,0
DA:46,0
DA:47,0
DA:48,3
DA:49,3
DA:54,6
DA:55,6
DA:56,3
DA:57,3
DA:58,6
DA:59,6
DA:64,6
DA:65,0
DA:66,0
DA:67,0
DA:72,6
DA:73,0
DA:74,0
DA:75,0
DA:76,0
DA:77,0
DA:80,0
DA:81,0
DA:82,0
DA:83,0
DA:84,0
DA:85,0
DA:86,0
DA:87,0
DA:90,0
DA:91,0
DA:92,0
DA:93,0
DA:94,0
DA:95,0
DA:96,0
DA:97,0
DA:100,0
DA:101,0
DA:102,0
DA:105,0
DA:106,0
DA:107,0
DA:110,0
DA:111,0
DA:113,0
DA:114,0
DA:115,0
DA:116,0
DA:117,0
DA:119,0
DA:121,0
DA:122,0
DA:123,0
DA:124,0
DA:125,0
DA:126,0
DA:127,0
DA:128,0
DA:130,0
DA:131,0
DA:132,0
DA:133,0
DA:134,0
DA:135,0
DA:137,0
DA:138,0
DA:139,0
DA:140,0
DA:141,0
DA:142,0
DA:143,0
DA:148,6
DA:149,0
DA:152,0
DA:153,0
DA:154,0
DA:155,0
DA:156,0
DA:157,0
DA:160,0
DA:161,0
DA:162,0
DA:163,0
DA:164,0
DA:166,0
DA:167,0
DA:172,6
DA:173,0
DA:174,0
DA:175,0
DA:176,0
DA:178,0
DA:179,0
DA:180,0
DA:182,0
DA:183,0
DA:184,0
DA:189,6
DA:190,0
DA:191,0
DA:192,0
DA:197,6
DA:198,0
DA:199,0
DA:200,0
DA:201,0
DA:202,0
DA:203,0
DA:204,0
DA:209,6
DA:210,0
DA:211,0
DA:212,0
DA:217,6
DA:218,0
DA:219,0
DA:220,0
DA:225,6
DA:226,0
DA:227,0
DA:228,0
DA:233,6
DA:234,0
DA:235,0
DA:236,0
DA:237,0
DA:238,0
DA:243,6
DA:244,0
DA:245,0
DA:247,0
DA:249,0
DA:250,0
DA:252,0
DA:253,0
DA:254,0
DA:255,0
DA:256,0
DA:258,0
DA:259,0
DA:264,6
DA:265,0
DA:266,0
DA:268,0
DA:269,0
DA:270,0
DA:271,0
DA:272,0
DA:274,0
DA:275,0
DA:276,0
DA:281,6
DA:287,0
DA:288,0
DA:289,0
DA:290,0
DA:291,0
DA:293,0
DA:294,0
DA:295,0
DA:296,0
DA:297,0
DA:298,0
DA:299,0
DA:300,0
DA:305,6
DA:306,0
DA:307,0
DA:312,6
DA:313,0
DA:314,0
DA:315,0
DA:316,0
DA:317,6
DA:322,1
DA:323,3
DA:325,3
DA:326,3
DA:327,3
DA:332,3
DA:333,0
DA:334,0
DA:335,0
DA:336,0
DA:337,0
DA:338,0
DA:339,0
DA:340,0
DA:341,0
DA:342,0
DA:343,0
DA:348,3
DA:349,0
DA:350,0
DA:355,3
DA:356,0
DA:357,0
DA:358,0
DA:363,3
DA:364,0
DA:365,0
DA:370,3
DA:371,0
DA:372,0
DA:377,3
DA:378,0
DA:379,0
DA:380,3
DA:383,1
DA:384,1
LF:225
LH:49
BRDA:29,0,0,6
BRDA:37,1,0,3
BRDA:54,2,0,6
BRDA:55,3,0,3
BRDA:322,4,0,3
BRDA:325,5,0,3
BRF:6
BRH:6
end_of_record
TN:
SF:src\utils\memory\memoryMonitor.ts
FN:26,<static_initializer>
FN:40,MemoryMonitor
FN:51,getInstance
FN:61,getCurrentMemoryInfo
FN:87,getMemoryUsagePercentage
FN:97,isMemoryUsageSafe
FN:105,getMemoryUsageLevel
FN:117,startMonitoring
FN:133,stopMonitoring
FN:144,updateMemoryHistory
FN:159,checkMemoryThresholds
FN:208,triggerMemoryCleanup
FN:218,forceMemoryCleanup
FN:238,getMemoryStats
FN:286,setThresholds
FN:294,clearHistory
FN:302,exportHistory
FN:309,getMemoryRecommendations
FN:340,<instance_members_initializer>
FNF:19
FNH:8
FNDA:6,<static_initializer>
FNDA:3,MemoryMonitor
FNDA:25,getInstance
FNDA:16,getCurrentMemoryInfo
FNDA:16,getMemoryUsagePercentage
FNDA:16,isMemoryUsageSafe
FNDA:0,getMemoryUsageLevel
FNDA:22,startMonitoring
FNDA:19,stopMonitoring
FNDA:0,updateMemoryHistory
FNDA:0,checkMemoryThresholds
FNDA:0,triggerMemoryCleanup
FNDA:0,forceMemoryCleanup
FNDA:0,getMemoryStats
FNDA:0,setThresholds
FNDA:0,clearHistory
FNDA:0,exportHistory
FNDA:0,getMemoryRecommendations
FNDA:0,<instance_members_initializer>
DA:1,1
DA:26,1
DA:27,6
DA:28,6
DA:29,6
DA:30,6
DA:31,6
DA:32,6
DA:33,6
DA:34,6
DA:35,6
DA:36,6
DA:37,6
DA:38,6
DA:40,6
DA:41,3
DA:43,3
DA:44,3
DA:45,3
DA:46,3
DA:51,6
DA:52,25
DA:53,3
DA:54,3
DA:55,25
DA:56,25
DA:61,6
DA:62,16
DA:63,16
DA:64,16
DA:66,0
DA:67,0
DA:68,0
DA:69,0
DA:70,0
DA:71,0
DA:72,0
DA:73,0
DA:74,0
DA:75,0
DA:76,0
DA:77,0
DA:78,0
DA:79,0
DA:80,0
DA:81,0
DA:82,16
DA:87,6
DA:88,16
DA:89,16
DA:91,0
DA:92,16
DA:97,6
DA:98,16
DA:99,16
DA:100,16
DA:105,6
DA:106,0
DA:108,0
DA:109,0
DA:110,0
DA:111,0
DA:112,0
DA:117,6
DA:118,22
DA:119,19
DA:120,19
DA:122,22
DA:123,0
DA:124,0
DA:125,22
DA:127,22
DA:128,22
DA:133,6
DA:134,19
DA:135,19
DA:136,19
DA:137,19
DA:138,19
DA:139,19
DA:144,6
DA:145,0
DA:146,0
DA:148,0
DA:151,0
DA:152,0
DA:153,0
DA:154,0
DA:159,6
DA:160,0
DA:161,0
DA:164,0
DA:165,0
DA:166,0
DA:168,0
DA:169,0
DA:171,0
DA:173,0
DA:174,0
DA:175,0
DA:176,0
DA:177,0
DA:178,0
DA:179,0
DA:180,0
DA:181,0
DA:183,0
DA:184,0
DA:185,0
DA:186,0
DA:187,0
DA:188,0
DA:189,0
DA:190,0
DA:191,0
DA:193,0
DA:194,0
DA:195,0
DA:196,0
DA:197,0
DA:198,0
DA:199,0
DA:200,0
DA:201,0
DA:202,0
DA:203,0
DA:208,6
DA:210,0
DA:211,0
DA:212,0
DA:213,0
DA:218,6
DA:220,0
DA:221,0
DA:222,0
DA:223,0
DA:224,0
DA:226,0
DA:227,0
DA:230,0
DA:231,0
DA:232,0
DA:233,0
DA:238,6
DA:244,0
DA:245,0
DA:246,0
DA:247,0
DA:249,0
DA:250,0
DA:252,0
DA:253,0
DA:254,0
DA:256,0
DA:257,0
DA:258,0
DA:260,0
DA:262,0
DA:263,0
DA:264,0
DA:265,0
DA:266,0
DA:268,0
DA:269,0
DA:270,0
DA:271,0
DA:272,0
DA:274,0
DA:275,0
DA:276,0
DA:277,0
DA:278,0
DA:279,0
DA:280,0
DA:281,0
DA:286,6
DA:287,0
DA:288,0
DA:289,0
DA:294,6
DA:295,0
DA:296,0
DA:297,0
DA:302,6
DA:303,0
DA:304,0
DA:309,6
DA:310,0
DA:311,0
DA:313,0
DA:314,0
DA:315,0
DA:316,0
DA:317,0
DA:319,0
DA:320,0
DA:321,0
DA:322,0
DA:324,0
DA:325,0
DA:326,0
DA:327,0
DA:329,0
DA:330,0
DA:331,0
DA:333,0
DA:334,0
DA:335,6
DA:340,1
DA:341,0
DA:342,0
DA:343,0
DA:345,0
DA:346,0
DA:347,0
DA:350,0
DA:351,0
DA:352,0
DA:353,0
DA:354,0
DA:355,0
DA:356,0
DA:357,0
DA:358,0
DA:363,0
DA:364,0
DA:365,0
DA:370,0
DA:372,0
DA:374,0
DA:375,0
DA:377,0
DA:380,0
DA:381,0
DA:382,0
DA:383,0
DA:388,0
DA:389,0
DA:390,0
DA:395,0
DA:396,0
DA:397,0
DA:402,0
DA:403,0
DA:404,0
DA:409,0
DA:410,0
DA:411,0
DA:413,0
DA:414,0
DA:415,0
DA:416,0
DA:418,0
DA:419,0
DA:424,0
DA:425,0
DA:426,0
DA:427,0
DA:428,0
DA:429,0
DA:430,0
DA:431,0
LF:262
LH:66
BRDA:26,0,0,6
BRDA:40,1,0,3
BRDA:51,2,0,25
BRDA:52,3,0,3
BRDA:61,4,0,16
BRDA:64,5,0,0
BRDA:87,6,0,16
BRDA:89,7,0,0
BRDA:97,8,0,16
BRDA:117,9,0,22
BRDA:118,10,0,19
BRDA:133,11,0,19
BRDA:340,12,0,0
BRF:13
BRH:10
end_of_record
TN:
SF:src\utils\memory\objectPool.ts
FN:11,<instance_members_initializer>
FN:25,ObjectPool
FN:38,acquire
FN:62,release
FN:81,clear
FN:90,getStats
FN:103,preFill
FN:140,<static_initializer>
FN:143,OrganismPool
FN:146,OrganismPool.organism.x
FN:170,getInstance
FN:180,acquireOrganism
FN:196,releaseOrganism
FN:204,<instance_members_initializer>
FN:211,getArray
FN:224,releaseArray
FN:242,clear
FN:249,getStats
FNF:18
FNH:12
FNDA:3,<instance_members_initializer>
FNDA:3,ObjectPool
FNDA:16,acquire
FNDA:5,release
FNDA:0,clear
FNDA:0,getStats
FNDA:22,preFill
FNDA:3,<static_initializer>
FNDA:3,OrganismPool
FNDA:2200,OrganismPool.organism.x
FNDA:22,getInstance
FNDA:16,acquireOrganism
FNDA:5,releaseOrganism
FNDA:3,<instance_members_initializer>
FNDA:0,getArray
FNDA:0,releaseArray
FNDA:0,clear
FNDA:0,getStats
DA:1,1
DA:11,1
DA:12,3
DA:13,3
DA:14,3
DA:15,3
DA:16,3
DA:17,3
DA:25,3
DA:26,3
DA:27,3
DA:28,3
DA:29,3
DA:30,3
DA:31,3
DA:32,3
DA:33,3
DA:38,3
DA:39,16
DA:40,16
DA:41,16
DA:42,16
DA:43,16
DA:44,16
DA:45,0
DA:46,0
DA:47,0
DA:48,16
DA:49,0
DA:50,0
DA:51,0
DA:52,0
DA:53,0
DA:55,0
DA:56,0
DA:57,16
DA:62,3
DA:63,5
DA:64,5
DA:65,5
DA:66,5
DA:67,5
DA:69,5
DA:70,0
DA:71,0
DA:72,0
DA:73,0
DA:74,0
DA:75,0
DA:76,5
DA:81,3
DA:82,0
DA:83,0
DA:84,0
DA:85,0
DA:90,3
DA:91,0
DA:92,0
DA:93,0
DA:94,0
DA:95,0
DA:96,0
DA:97,0
DA:98,0
DA:103,3
DA:104,22
DA:105,22
DA:106,2200
DA:107,2200
DA:108,2200
DA:109,2200
DA:111,22
DA:112,22
DA:113,22
DA:114,22
DA:115,22
DA:116,22
DA:117,0
DA:118,0
DA:119,0
DA:120,0
DA:121,0
DA:122,0
DA:123,22
DA:124,3
DA:140,1
DA:141,3
DA:143,3
DA:144,3
DA:146,3
DA:147,2200
DA:148,2200
DA:149,2200
DA:150,2200
DA:151,2200
DA:152,2200
DA:153,2200
DA:154,2200
DA:156,3
DA:157,2205
DA:158,2205
DA:159,2205
DA:160,2205
DA:162,2205
DA:163,3
DA:164,3
DA:165,3
DA:170,3
DA:171,22
DA:172,3
DA:173,3
DA:174,22
DA:175,22
DA:180,3
DA:181,16
DA:184,16
DA:185,16
DA:186,16
DA:187,16
DA:188,16
DA:190,16
DA:191,16
DA:196,3
DA:197,5
DA:198,5
DA:199,3
DA:204,1
DA:205,3
DA:206,3
DA:211,3
DA:212,0
DA:213,0
DA:214,0
DA:215,0
DA:216,0
DA:217,0
DA:218,0
DA:219,0
DA:224,3
DA:225,0
DA:226,0
DA:228,0
DA:229,0
DA:230,0
DA:231,0
DA:233,0
DA:234,0
DA:235,0
DA:236,0
DA:237,0
DA:242,3
DA:243,0
DA:244,0
DA:249,3
DA:250,0
DA:251,0
DA:252,0
DA:253,0
DA:255,0
DA:256,0
DA:257,0
DA:258,0
DA:259,0
DA:260,3
DA:265,1
LF:165
LH:101
BRDA:11,0,0,3
BRDA:25,1,0,3
BRDA:38,2,0,16
BRDA:44,3,0,0
BRDA:48,4,0,0
BRDA:62,5,0,5
BRDA:69,6,0,0
BRDA:103,7,0,22
BRDA:105,8,0,2200
BRDA:116,9,0,0
BRDA:140,10,0,3
BRDA:143,11,0,3
BRDA:146,12,0,2200
BRDA:156,13,0,2205
BRDA:170,14,0,22
BRDA:171,15,0,3
BRDA:180,16,0,16
BRDA:196,17,0,5
BRDA:204,18,0,3
BRF:19
BRH:15
end_of_record
TN:
SF:src\utils\system\errorHandler.ts
FN:8,<instance_members_initializer>
FN:11,SimulationError
FN:19,CanvasError
FN:26,OrganismError
FN:33,ConfigurationError
FN:40,DOMError
FN:73,<static_initializer>
FN:79,ErrorHandler
FN:84,getInstance
FN:97,handleError
FN:125,addToQueue
FN:138,logError
FN:163,showCriticalErrorNotification
FN:210,getRecentErrors
FN:217,clearErrors
FN:225,setLogging
FN:232,getErrorStats
FN:257,safeExecute
FN:280,safeExecuteAsync
FN:302,withErrorHandling
FN:314,initializeGlobalErrorHandlers
FNF:21
FNH:18
FNDA:41,<instance_members_initializer>
FNDA:41,SimulationError
FNDA:2,CanvasError
FNDA:26,OrganismError
FNDA:11,ConfigurationError
FNDA:1,DOMError
FNDA:9,<static_initializer>
FNDA:3,ErrorHandler
FNDA:57,getInstance
FNDA:50,handleError
FNDA:50,addToQueue
FNDA:50,logError
FNDA:3,showCriticalErrorNotification
FNDA:7,getRecentErrors
FNDA:16,clearErrors
FNDA:0,setLogging
FNDA:2,getErrorStats
FNDA:4,safeExecute
FNDA:0,safeExecuteAsync
FNDA:2,withErrorHandling
FNDA:0,initializeGlobalErrorHandlers
DA:8,1
DA:9,41
DA:11,41
DA:12,41
DA:13,41
DA:14,41
DA:15,41
DA:16,41
DA:18,1
DA:19,1
DA:20,2
DA:21,2
DA:22,2
DA:23,1
DA:25,1
DA:26,1
DA:27,26
DA:28,26
DA:29,26
DA:30,1
DA:32,1
DA:33,1
DA:34,11
DA:35,11
DA:36,11
DA:37,1
DA:39,1
DA:40,1
DA:41,1
DA:42,1
DA:43,1
DA:44,1
DA:49,1
DA:50,1
DA:51,1
DA:52,1
DA:53,1
DA:54,1
DA:73,1
DA:74,9
DA:75,9
DA:76,9
DA:77,9
DA:79,9
DA:84,9
DA:85,57
DA:86,3
DA:87,3
DA:88,57
DA:89,57
DA:97,9
DA:98,50
DA:99,50
DA:100,50
DA:101,50
DA:102,50
DA:103,50
DA:104,50
DA:105,50
DA:108,50
DA:111,50
DA:112,50
DA:113,50
DA:116,50
DA:117,3
DA:118,3
DA:119,50
DA:125,9
DA:126,50
DA:129,50
DA:130,0
DA:131,0
DA:132,50
DA:138,9
DA:139,50
DA:140,50
DA:142,50
DA:143,50
DA:144,4
DA:145,4
DA:146,50
DA:147,40
DA:148,40
DA:149,50
DA:150,50
DA:151,6
DA:152,6
DA:153,6
DA:154,6
DA:155,6
DA:156,50
DA:157,50
DA:163,9
DA:165,3
DA:166,3
DA:167,3
DA:168,3
DA:172,3
DA:178,3
DA:192,3
DA:195,3
DA:196,0
DA:197,0
DA:198,0
DA:199,3
DA:200,3
DA:202,0
DA:203,0
DA:204,3
DA:210,9
DA:211,7
DA:212,7
DA:217,9
DA:218,16
DA:219,16
DA:225,9
DA:226,0
DA:227,0
DA:232,9
DA:233,2
DA:234,2
DA:235,2
DA:236,2
DA:237,2
DA:238,2
DA:239,2
DA:240,2
DA:241,2
DA:243,2
DA:244,4
DA:245,2
DA:247,2
DA:248,2
DA:249,9
DA:257,1
DA:258,4
DA:259,4
DA:260,4
DA:261,4
DA:262,4
DA:263,4
DA:264,4
DA:265,2
DA:266,2
DA:267,2
DA:268,2
DA:269,2
DA:270,2
DA:271,2
DA:272,4
DA:280,0
DA:281,0
DA:282,0
DA:283,0
DA:284,0
DA:285,0
DA:286,0
DA:287,0
DA:288,0
DA:289,0
DA:290,0
DA:291,0
DA:292,0
DA:293,0
DA:294,0
DA:295,0
DA:302,1
DA:303,2
DA:304,2
DA:305,2
DA:306,2
DA:307,2
DA:308,2
DA:309,2
DA:314,1
DA:315,0
DA:318,0
DA:319,0
DA:320,0
DA:321,0
DA:322,0
DA:323,0
DA:324,0
DA:327,0
DA:328,0
DA:329,0
DA:330,0
DA:331,0
DA:332,0
DA:335,0
DA:336,0
DA:338,0
DA:339,0
LF:193
LH:150
BRDA:8,0,0,41
BRDA:11,1,0,41
BRDA:19,2,0,2
BRDA:26,3,0,26
BRDA:33,4,0,11
BRDA:40,5,0,1
BRDA:73,6,0,9
BRDA:79,7,0,3
BRDA:84,8,0,57
BRDA:85,9,0,3
BRDA:97,10,0,50
BRDA:116,11,0,3
BRDA:125,12,0,50
BRDA:129,13,0,0
BRDA:138,14,0,50
BRDA:140,15,0,41
BRDA:140,16,0,9
BRDA:143,17,0,4
BRDA:146,18,0,40
BRDA:149,19,0,3
BRDA:150,20,0,6
BRDA:163,21,0,3
BRDA:200,22,0,0
BRDA:210,23,0,7
BRDA:217,24,0,16
BRDA:232,25,0,2
BRDA:243,26,0,4
BRDA:257,27,0,4
BRDA:264,28,0,2
BRDA:266,29,0,0
BRDA:302,30,0,2
BRDA:306,31,0,2
BRDA:307,32,0,2
BRF:33
BRH:30
end_of_record
TN:
SF:src\utils\system\iocContainer.ts
FN:1,(empty-report)
FNF:1
FNH:0
FNDA:0,(empty-report)
DA:1,0
DA:5,0
DA:6,0
DA:8,0
DA:9,0
DA:10,0
DA:11,0
DA:12,0
DA:13,0
DA:15,0
DA:16,0
DA:17,0
DA:18,0
DA:19,0
DA:20,0
DA:21,0
DA:22,0
DA:25,0
DA:26,0
DA:27,0
DA:28,0
LF:21
LH:0
BRDA:1,0,0,0
BRF:1
BRH:0
end_of_record
TN:
SF:src\utils\system\logger.ts
FN:76,<static_initializer>
FN:91,Logger
FN:98,getInstance
FN:108,generateSessionId
FN:115,log
FN:139,logInit
FN:146,logSimulation
FN:153,logOrganism
FN:160,logUserAction
FN:167,logPerformance
FN:177,logSystem
FN:184,logAchievement
FN:191,logChallenge
FN:198,logPowerUp
FN:205,logError
FN:216,addToLogs
FN:228,outputToConsole
FN:259,getRecentLogs
FN:266,getLogsByCategory
FN:273,getLogsByLevel
FN:280,clearLogs
FN:287,setEnabled
FN:294,setLogLevels
FN:301,getLogStats
FN:319,exportLogs
FN:326,getSystemInfo
FN:346,<static_initializer>
FN:351,PerformanceLogger
FN:355,getInstance
FN:365,startTiming
FN:372,endTiming
FN:395,logFrameRate
FN:402,logMemoryUsage
FNF:33
FNH:30
FNDA:10,<static_initializer>
FNDA:5,Logger
FNDA:28,getInstance
FNDA:5,generateSessionId
FNDA:134,log
FNDA:23,logInit
FNDA:16,logSimulation
FNDA:0,logOrganism
FNDA:1,logUserAction
FNDA:4,logPerformance
FNDA:67,logSystem
FNDA:1,logAchievement
FNDA:2,logChallenge
FNDA:1,logPowerUp
FNDA:2,logError
FNDA:134,addToLogs
FNDA:134,outputToConsole
FNDA:8,getRecentLogs
FNDA:1,getLogsByCategory
FNDA:1,getLogsByLevel
FNDA:15,clearLogs
FNDA:0,setEnabled
FNDA:17,setLogLevels
FNDA:1,getLogStats
FNDA:1,exportLogs
FNDA:1,getSystemInfo
FNDA:10,<static_initializer>
FNDA:5,PerformanceLogger
FNDA:13,getInstance
FNDA:4,startTiming
FNDA:3,endTiming
FNDA:1,logFrameRate
FNDA:0,logMemoryUsage
DA:9,1
DA:10,1
DA:11,1
DA:12,1
DA:13,1
DA:14,1
DA:15,1
DA:16,1
DA:17,1
DA:24,1
DA:26,1
DA:27,1
DA:30,1
DA:31,1
DA:32,1
DA:35,1
DA:36,1
DA:39,1
DA:40,1
DA:43,1
DA:44,1
DA:47,1
DA:48,1
DA:49,1
DA:52,1
DA:53,1
DA:76,1
DA:77,10
DA:78,10
DA:79,10
DA:80,10
DA:81,10
DA:82,10
DA:83,10
DA:84,10
DA:85,10
DA:86,10
DA:87,10
DA:88,10
DA:89,10
DA:91,10
DA:92,5
DA:93,5
DA:98,10
DA:99,28
DA:100,5
DA:101,5
DA:102,28
DA:103,28
DA:108,10
DA:109,5
DA:110,5
DA:115,10
DA:116,134
DA:117,0
DA:118,0
DA:120,134
DA:121,134
DA:122,134
DA:123,134
DA:124,134
DA:125,134
DA:126,134
DA:127,134
DA:128,134
DA:129,134
DA:130,134
DA:132,134
DA:133,134
DA:134,134
DA:139,10
DA:140,23
DA:141,23
DA:146,10
DA:147,16
DA:148,16
DA:153,10
DA:154,0
DA:155,0
DA:160,10
DA:161,1
DA:162,1
DA:167,10
DA:168,4
DA:169,4
DA:170,4
DA:171,4
DA:172,4
DA:177,10
DA:178,67
DA:179,67
DA:184,10
DA:185,1
DA:186,1
DA:191,10
DA:192,2
DA:193,2
DA:198,10
DA:199,1
DA:200,1
DA:205,10
DA:206,2
DA:207,2
DA:208,2
DA:209,2
DA:210,2
DA:211,2
DA:216,10
DA:217,134
DA:220,134
DA:221,0
DA:222,0
DA:223,134
DA:228,10
DA:229,134
DA:230,134
DA:231,134
DA:233,134
DA:234,134
DA:235,1
DA:236,1
DA:237,134
DA:238,134
DA:239,123
DA:240,123
DA:241,134
DA:242,0
DA:243,0
DA:244,134
DA:245,5
DA:246,5
DA:247,134
DA:248,4
DA:249,4
DA:250,134
DA:251,1
DA:252,1
DA:253,134
DA:254,134
DA:259,10
DA:260,8
DA:261,8
DA:266,10
DA:267,1
DA:268,1
DA:273,10
DA:274,1
DA:275,1
DA:280,10
DA:281,15
DA:282,15
DA:287,10
DA:288,0
DA:289,0
DA:294,10
DA:295,17
DA:296,17
DA:301,10
DA:302,1
DA:303,1
DA:304,1
DA:305,1
DA:306,1
DA:308,1
DA:309,3
DA:310,3
DA:311,1
DA:313,1
DA:314,1
DA:319,10
DA:320,1
DA:321,1
DA:326,10
DA:327,1
DA:328,1
DA:329,1
DA:330,1
DA:331,1
DA:332,1
DA:333,1
DA:334,1
DA:335,1
DA:336,1
DA:337,1
DA:338,1
DA:339,1
DA:340,1
DA:341,10
DA:346,1
DA:347,10
DA:348,10
DA:349,10
DA:351,10
DA:352,5
DA:353,5
DA:355,10
DA:356,13
DA:357,5
DA:358,5
DA:359,13
DA:360,13
DA:365,10
DA:366,4
DA:367,4
DA:372,10
DA:373,3
DA:374,3
DA:375,1
DA:376,1
DA:377,1
DA:379,2
DA:380,2
DA:382,2
DA:383,2
DA:384,3
DA:385,3
DA:386,3
DA:388,3
DA:389,3
DA:390,3
DA:395,10
DA:396,1
DA:397,1
DA:402,10
DA:403,0
DA:404,0
DA:405,0
DA:406,0
DA:407,0
DA:408,10
DA:411,1
DA:412,1
LF:232
LH:217
BRDA:76,0,0,10
BRDA:91,1,0,5
BRDA:98,2,0,28
BRDA:99,3,0,5
BRDA:108,4,0,5
BRDA:115,5,0,134
BRDA:116,6,0,0
BRDA:129,7,0,0
BRDA:139,8,0,23
BRDA:146,9,0,16
BRDA:160,10,0,1
BRDA:167,11,0,4
BRDA:170,12,0,0
BRDA:177,13,0,67
BRDA:184,14,0,1
BRDA:191,15,0,2
BRDA:198,16,0,1
BRDA:205,17,0,2
BRDA:216,18,0,134
BRDA:220,19,0,0
BRDA:228,20,0,134
BRDA:231,21,0,2
BRDA:231,22,0,132
BRDA:234,23,0,1
BRDA:237,24,0,56
BRDA:238,25,0,123
BRDA:241,26,0,0
BRDA:244,27,0,5
BRDA:247,28,0,4
BRDA:250,29,0,1
BRDA:259,30,0,8
BRDA:266,31,0,1
BRDA:267,32,0,3
BRDA:273,33,0,1
BRDA:274,34,0,3
BRDA:280,35,0,15
BRDA:294,36,0,17
BRDA:301,37,0,1
BRDA:308,38,0,3
BRDA:309,39,0,2
BRDA:319,40,0,1
BRDA:326,41,0,1
BRDA:336,42,0,0
BRDA:346,43,0,10
BRDA:351,44,0,5
BRDA:355,45,0,13
BRDA:356,46,0,5
BRDA:365,47,0,4
BRDA:372,48,0,3
BRDA:374,49,0,2
BRDA:374,50,0,1
BRDA:383,51,0,1
BRDA:395,52,0,1
BRF:53
BRH:47
end_of_record
